{"/home/afman42/repo/code-search-golang/frontend/src/App.vue": {"path":"/home/afman42/repo/code-search-golang/frontend/src/App.vue","statementMap":{"0":{"start":{"line":3,"column":22},"end":{"line":7,"column":1}},"1":{"start":{"line":4,"column":2},"end":{"line":6,"column":4}},"2":{"start":{"line":8,"column":0},"end":{"line":10,"column":3}},"3":{"start":{"line":11,"column":12},"end":{"line":11,"column":26}},"4":{"start":{"line":12,"column":23},"end":{"line":12,"column":78}},"5":{"start":{"line":13,"column":0},"end":{"line":27,"column":3}},"6":{"start":{"line":16,"column":19},"end":{"line":16,"column":28}},"7":{"start":{"line":17,"column":4},"end":{"line":17,"column":15}},"8":{"start":{"line":18,"column":23},"end":{"line":20,"column":5}},"9":{"start":{"line":21,"column":4},"end":{"line":24,"column":7}},"10":{"start":{"line":25,"column":4},"end":{"line":25,"column":24}},"11":{"start":{"line":29,"column":0},"end":{"line":29,"column":62}},"12":{"start":{"line":30,"column":0},"end":{"line":30,"column":24}},"13":{"start":{"line":31,"column":12},"end":{"line":31,"column":26}},"14":{"start":{"line":33,"column":4},"end":{"line":33,"column":82}},"15":{"start":{"line":35,"column":0},"end":{"line":35,"column":24}},"16":{"start":{"line":36,"column":1},"end":{"line":36,"column":48}}},"fnMap":{"0":{"name":"(anonymous_0)","decl":{"start":{"line":3,"column":54},"end":{"line":3,"column":55}},"loc":{"start":{"line":3,"column":69},"end":{"line":7,"column":1}},"line":3},"1":{"name":"(anonymous_1)","decl":{"start":{"line":15,"column":9},"end":{"line":15,"column":10}},"loc":{"start":{"line":15,"column":32},"end":{"line":26,"column":3}},"line":15},"2":{"name":"render","decl":{"start":{"line":32,"column":9},"end":{"line":32,"column":15}},"loc":{"start":{"line":32,"column":63},"end":{"line":34,"column":1}},"line":32}},"branchMap":{"0":{"loc":{"start":{"line":3,"column":22},"end":{"line":7,"column":1}},"type":"binary-expr","locations":[{"start":{"line":3,"column":22},"end":{"line":3,"column":26}},{"start":{"line":3,"column":30},"end":{"line":3,"column":50}},{"start":{"line":3,"column":54},"end":{"line":7,"column":1}}],"line":3},"1":{"loc":{"start":{"line":4,"column":9},"end":{"line":6,"column":3}},"type":"cond-expr","locations":[{"start":{"line":4,"column":33},"end":{"line":4,"column":36}},{"start":{"line":4,"column":39},"end":{"line":6,"column":3}}],"line":4},"2":{"loc":{"start":{"line":4,"column":9},"end":{"line":4,"column":30}},"type":"binary-expr","locations":[{"start":{"line":4,"column":9},"end":{"line":4,"column":12}},{"start":{"line":4,"column":16},"end":{"line":4,"column":30}}],"line":4}},"s":{"0":0,"1":0,"2":0,"3":0,"4":0,"5":0,"6":0,"7":0,"8":0,"9":0,"10":0,"11":0,"12":0,"13":0,"14":0,"15":0,"16":0},"f":{"0":0,"1":0,"2":0},"b":{"0":[0,0,0],"1":[0,0],"2":[0,0]},"inputSourceMap":{"0":"{","1":"\"","2":"v","3":"e","4":"r","5":"s","6":"i","7":"o","8":"n","9":"\"","10":":","11":"3","12":",","13":"\"","14":"s","15":"o","16":"u","17":"r","18":"c","19":"e","20":"s","21":"\"","22":":","23":"[","24":"\"","25":"/","26":"h","27":"o","28":"m","29":"e","30":"/","31":"a","32":"f","33":"m","34":"a","35":"n","36":"4","37":"2","38":"/","39":"r","40":"e","41":"p","42":"o","43":"/","44":"c","45":"o","46":"d","47":"e","48":"-","49":"s","50":"e","51":"a","52":"r","53":"c","54":"h","55":"-","56":"g","57":"o","58":"l","59":"a","60":"n","61":"g","62":"/","63":"f","64":"r","65":"o","66":"n","67":"t","68":"e","69":"n","70":"d","71":"/","72":"s","73":"r","74":"c","75":"/","76":"A","77":"p","78":"p","79":".","80":"v","81":"u","82":"e","83":"\"","84":"]","85":",","86":"\"","87":"n","88":"a","89":"m","90":"e","91":"s","92":"\"","93":":","94":"[","95":"]","96":",","97":"\"","98":"m","99":"a","100":"p","101":"p","102":"i","103":"n","104":"g","105":"s","106":"\"","107":":","108":"\"","109":";","110":";","111":";","112":";","113":";","114":";","115":";","116":";","117":";","118":";","119":";","120":"A","121":"A","122":"C","123":"A","124":"\"","125":",","126":"\"","127":"f","128":"i","129":"l","130":"e","131":"\"","132":":","133":"\"","134":"/","135":"h","136":"o","137":"m","138":"e","139":"/","140":"a","141":"f","142":"m","143":"a","144":"n","145":"4","146":"2","147":"/","148":"r","149":"e","150":"p","151":"o","152":"/","153":"c","154":"o","155":"d","156":"e","157":"-","158":"s","159":"e","160":"a","161":"r","162":"c","163":"h","164":"-","165":"g","166":"o","167":"l","168":"a","169":"n","170":"g","171":"/","172":"f","173":"r","174":"o","175":"n","176":"t","177":"e","178":"n","179":"d","180":"/","181":"s","182":"r","183":"c","184":"/","185":"A","186":"p","187":"p","188":".","189":"v","190":"u","191":"e","192":"\"","193":",","194":"\"","195":"s","196":"o","197":"u","198":"r","199":"c","200":"e","201":"s","202":"C","203":"o","204":"n","205":"t","206":"e","207":"n","208":"t","209":"\"","210":":","211":"[","212":"\"","213":"<","214":"s","215":"c","216":"r","217":"i","218":"p","219":"t","220":" ","221":"l","222":"a","223":"n","224":"g","225":"=","226":"\\","227":"\"","228":"t","229":"s","230":"\\","231":"\"","232":" ","233":"s","234":"e","235":"t","236":"u","237":"p","238":">","239":"\\","240":"n","241":"i","242":"m","243":"p","244":"o","245":"r","246":"t","247":" ","248":"C","249":"o","250":"d","251":"e","252":"S","253":"e","254":"a","255":"r","256":"c","257":"h","258":" ","259":"f","260":"r","261":"o","262":"m","263":" ","264":"\\","265":"\"","266":".","267":"/","268":"c","269":"o","270":"m","271":"p","272":"o","273":"n","274":"e","275":"n","276":"t","277":"s","278":"/","279":"C","280":"o","281":"d","282":"e","283":"S","284":"e","285":"a","286":"r","287":"c","288":"h","289":".","290":"v","291":"u","292":"e","293":"\\","294":"\"","295":";","296":"\\","297":"n","298":"<","299":"/","300":"s","301":"c","302":"r","303":"i","304":"p","305":"t","306":">","307":"\\","308":"n","309":"\\","310":"n","311":"<","312":"t","313":"e","314":"m","315":"p","316":"l","317":"a","318":"t","319":"e","320":">","321":"\\","322":"n","323":" ","324":" ","325":"<","326":"C","327":"o","328":"d","329":"e","330":"S","331":"e","332":"a","333":"r","334":"c","335":"h","336":" ","337":"/","338":">","339":"\\","340":"n","341":"<","342":"/","343":"t","344":"e","345":"m","346":"p","347":"l","348":"a","349":"t","350":"e","351":">","352":"\\","353":"n","354":"\"","355":"]","356":"}"}}
,"/home/afman42/repo/code-search-golang/frontend/src/vite-env.d.ts": {"path":"/home/afman42/repo/code-search-golang/frontend/src/vite-env.d.ts","statementMap":{},"fnMap":{},"branchMap":{},"s":{},"f":{},"b":{}}
,"/home/afman42/repo/code-search-golang/frontend/src/components/CodeSearch.vue": {"path":"/home/afman42/repo/code-search-golang/frontend/src/components/CodeSearch.vue","statementMap":{"0":{"start":{"line":3,"column":22},"end":{"line":7,"column":1}},"1":{"start":{"line":4,"column":2},"end":{"line":6,"column":4}},"2":{"start":{"line":8,"column":0},"end":{"line":10,"column":3}},"3":{"start":{"line":11,"column":12},"end":{"line":11,"column":26}},"4":{"start":{"line":12,"column":23},"end":{"line":12,"column":70}},"5":{"start":{"line":13,"column":30},"end":{"line":13,"column":84}},"6":{"start":{"line":14,"column":26},"end":{"line":14,"column":76}},"7":{"start":{"line":15,"column":18},"end":{"line":15,"column":53}},"8":{"start":{"line":17,"column":0},"end":{"line":48,"column":3}},"9":{"start":{"line":20,"column":19},"end":{"line":20,"column":28}},"10":{"start":{"line":21,"column":4},"end":{"line":21,"column":15}},"11":{"start":{"line":22,"column":13},"end":{"line":22,"column":41}},"12":{"start":{"line":23,"column":13},"end":{"line":23,"column":20}},"13":{"start":{"line":24,"column":19},"end":{"line":24,"column":32}},"14":{"start":{"line":25,"column":24},"end":{"line":25,"column":42}},"15":{"start":{"line":26,"column":23},"end":{"line":26,"column":40}},"16":{"start":{"line":27,"column":23},"end":{"line":27,"column":40}},"17":{"start":{"line":28,"column":24},"end":{"line":28,"column":42}},"18":{"start":{"line":29,"column":25},"end":{"line":29,"column":44}},"19":{"start":{"line":30,"column":23},"end":{"line":41,"column":5}},"20":{"start":{"line":42,"column":4},"end":{"line":45,"column":7}},"21":{"start":{"line":46,"column":4},"end":{"line":46,"column":24}},"22":{"start":{"line":50,"column":0},"end":{"line":50,"column":62}},"23":{"start":{"line":51,"column":0},"end":{"line":51,"column":24}},"24":{"start":{"line":52,"column":12},"end":{"line":52,"column":26}},"25":{"start":{"line":53,"column":17},"end":{"line":57,"column":1}},"26":{"start":{"line":59,"column":4},"end":{"line":86,"column":8}},"27":{"start":{"line":88,"column":0},"end":{"line":88,"column":24}},"28":{"start":{"line":89,"column":1},"end":{"line":89,"column":48}}},"fnMap":{"0":{"name":"(anonymous_0)","decl":{"start":{"line":3,"column":54},"end":{"line":3,"column":55}},"loc":{"start":{"line":3,"column":69},"end":{"line":7,"column":1}},"line":3},"1":{"name":"(anonymous_1)","decl":{"start":{"line":19,"column":9},"end":{"line":19,"column":10}},"loc":{"start":{"line":19,"column":32},"end":{"line":47,"column":3}},"line":19},"2":{"name":"render","decl":{"start":{"line":58,"column":9},"end":{"line":58,"column":15}},"loc":{"start":{"line":58,"column":63},"end":{"line":87,"column":1}},"line":58}},"branchMap":{"0":{"loc":{"start":{"line":3,"column":22},"end":{"line":7,"column":1}},"type":"binary-expr","locations":[{"start":{"line":3,"column":22},"end":{"line":3,"column":26}},{"start":{"line":3,"column":30},"end":{"line":3,"column":50}},{"start":{"line":3,"column":54},"end":{"line":7,"column":1}}],"line":3},"1":{"loc":{"start":{"line":4,"column":9},"end":{"line":6,"column":3}},"type":"cond-expr","locations":[{"start":{"line":4,"column":33},"end":{"line":4,"column":36}},{"start":{"line":4,"column":39},"end":{"line":6,"column":3}}],"line":4},"2":{"loc":{"start":{"line":4,"column":9},"end":{"line":4,"column":30}},"type":"binary-expr","locations":[{"start":{"line":4,"column":9},"end":{"line":4,"column":12}},{"start":{"line":4,"column":16},"end":{"line":4,"column":30}}],"line":4},"3":{"loc":{"start":{"line":70,"column":8},"end":{"line":72,"column":57}},"type":"cond-expr","locations":[{"start":{"line":71,"column":15},"end":{"line":71,"column":148}},{"start":{"line":72,"column":14},"end":{"line":72,"column":57}}],"line":70}},"s":{"0":0,"1":0,"2":0,"3":0,"4":0,"5":0,"6":0,"7":0,"8":0,"9":0,"10":0,"11":0,"12":0,"13":0,"14":0,"15":0,"16":0,"17":0,"18":0,"19":0,"20":0,"21":0,"22":0,"23":0,"24":0,"25":0,"26":0,"27":0,"28":0},"f":{"0":0,"1":0,"2":0},"b":{"0":[0,0,0],"1":[0,0],"2":[0,0],"3":[0,0]},"inputSourceMap":{"0":"{","1":"\"","2":"v","3":"e","4":"r","5":"s","6":"i","7":"o","8":"n","9":"\"","10":":","11":"3","12":",","13":"\"","14":"s","15":"o","16":"u","17":"r","18":"c","19":"e","20":"s","21":"\"","22":":","23":"[","24":"\"","25":"/","26":"h","27":"o","28":"m","29":"e","30":"/","31":"a","32":"f","33":"m","34":"a","35":"n","36":"4","37":"2","38":"/","39":"r","40":"e","41":"p","42":"o","43":"/","44":"c","45":"o","46":"d","47":"e","48":"-","49":"s","50":"e","51":"a","52":"r","53":"c","54":"h","55":"-","56":"g","57":"o","58":"l","59":"a","60":"n","61":"g","62":"/","63":"f","64":"r","65":"o","66":"n","67":"t","68":"e","69":"n","70":"d","71":"/","72":"s","73":"r","74":"c","75":"/","76":"c","77":"o","78":"m","79":"p","80":"o","81":"n","82":"e","83":"n","84":"t","85":"s","86":"/","87":"C","88":"o","89":"d","90":"e","91":"S","92":"e","93":"a","94":"r","95":"c","96":"h","97":".","98":"v","99":"u","100":"e","101":"\"","102":"]","103":",","104":"\"","105":"n","106":"a","107":"m","108":"e","109":"s","110":"\"","111":":","112":"[","113":"]","114":",","115":"\"","116":"m","117":"a","118":"p","119":"p","120":"i","121":"n","122":"g","123":"s","124":"\"","125":":","126":"\"","127":";","128":";","129":";","130":";","131":";","132":";","133":";","134":";","135":";","136":";","137":";","138":"A","139":"A","140":"i","141":"C","142":"A","143":";","144":"A","145":"A","146":"C","147":"A","148":";","149":"A","150":"A","151":"C","152":"A","153":";","154":"A","155":"A","156":"C","157":"A","158":";","159":"A","160":"A","161":"E","162":"A","163":";","164":";","165":";","166":";","167":";","168":";","169":"I","170":"A","171":"C","172":"M","173":",","174":"S","175":"A","176":"Q","177":"F","178":",","179":"y","180":"B","181":"A","182":"A","183":"S","184":",","185":"G","186":"A","187":"A","188":"E","189":";","190":"M","191":"A","192":"P","193":"b","194":",","195":"I","196":"A","197":"A","198":"I","199":";","200":"M","201":"A","202":"C","203":"J","204":",","205":"U","206":"A","207":"A","208":"U","209":";","210":"M","211":"A","212":"C","213":"V","214":",","215":"e","216":"A","217":"A","218":"e","219":";","220":"M","221":"A","222":"C","223":"f","224":",","225":"c","226":"A","227":"A","228":"c","229":";","230":"M","231":"A","232":"C","233":"d","234":",","235":"c","236":"A","237":"A","238":"c","239":";","240":"M","241":"A","242":"C","243":"d","244":",","245":"e","246":"A","247":"A","248":"e","249":";","250":"M","251":"A","252":"C","253":"f","254":",","255":"g","256":"B","257":"A","258":"A","259":"g","260":"B","261":",","262":"s","263":"B","264":"A","265":"C","266":"H","267":"\"","268":",","269":"\"","270":"f","271":"i","272":"l","273":"e","274":"\"","275":":","276":"\"","277":"/","278":"h","279":"o","280":"m","281":"e","282":"/","283":"a","284":"f","285":"m","286":"a","287":"n","288":"4","289":"2","290":"/","291":"r","292":"e","293":"p","294":"o","295":"/","296":"c","297":"o","298":"d","299":"e","300":"-","301":"s","302":"e","303":"a","304":"r","305":"c","306":"h","307":"-","308":"g","309":"o","310":"l","311":"a","312":"n","313":"g","314":"/","315":"f","316":"r","317":"o","318":"n","319":"t","320":"e","321":"n","322":"d","323":"/","324":"s","325":"r","326":"c","327":"/","328":"c","329":"o","330":"m","331":"p","332":"o","333":"n","334":"e","335":"n","336":"t","337":"s","338":"/","339":"C","340":"o","341":"d","342":"e","343":"S","344":"e","345":"a","346":"r","347":"c","348":"h","349":".","350":"v","351":"u","352":"e","353":"\"","354":",","355":"\"","356":"s","357":"o","358":"u","359":"r","360":"c","361":"e","362":"s","363":"C","364":"o","365":"n","366":"t","367":"e","368":"n","369":"t","370":"\"","371":":","372":"[","373":"\"","374":"<","375":"t","376":"e","377":"m","378":"p","379":"l","380":"a","381":"t","382":"e","383":">","384":"\\","385":"n","386":" ","387":" ","388":"<","389":"m","390":"a","391":"i","392":"n","393":">","394":"\\","395":"n","396":" ","397":" ","398":" ","399":" ","400":"<","401":"S","402":"e","403":"a","404":"r","405":"c","406":"h","407":"F","408":"o","409":"r","410":"m","411":" ","412":"\\","413":"n","414":" ","415":" ","416":" ","417":" ","418":" ","419":" ","420":":","421":"d","422":"a","423":"t","424":"a","425":"=","426":"\\","427":"\"","428":"d","429":"a","430":"t","431":"a","432":"\\","433":"\"","434":"\\","435":"n","436":" ","437":" ","438":" ","439":" ","440":" ","441":" ","442":":","443":"s","444":"e","445":"a","446":"r","447":"c","448":"h","449":"C","450":"o","451":"d","452":"e","453":"=","454":"\\","455":"\"","456":"s","457":"e","458":"a","459":"r","460":"c","461":"h","462":"C","463":"o","464":"d","465":"e","466":"\\","467":"\"","468":"\\","469":"n","470":" ","471":" ","472":" ","473":" ","474":" ","475":" ","476":":","477":"s","478":"e","479":"l","480":"e","481":"c","482":"t","483":"D","484":"i","485":"r","486":"e","487":"c","488":"t","489":"o","490":"r","491":"y","492":"=","493":"\\","494":"\"","495":"s","496":"e","497":"l","498":"e","499":"c","500":"t","501":"D","502":"i","503":"r","504":"e","505":"c","506":"t","507":"o","508":"r","509":"y","510":"\\","511":"\"","512":"\\","513":"n","514":" ","515":" ","516":" ","517":" ","518":"/","519":">","520":"\\","521":"n","522":"\\","523":"n","524":" ","525":" ","526":" ","527":" ","528":"<","529":"d","530":"i","531":"v","532":" ","533":"i","534":"d","535":"=","536":"\\","537":"\"","538":"r","539":"e","540":"s","541":"u","542":"l","543":"t","544":"\\","545":"\"","546":" ","547":"c","548":"l","549":"a","550":"s","551":"s","552":"=","553":"\\","554":"\"","555":"r","556":"e","557":"s","558":"u","559":"l","560":"t","561":"\\","562":"\"","563":" ","564":":","565":"c","566":"l","567":"a","568":"s","569":"s","570":"=","571":"\\","572":"\"","573":"{","574":" ","575":"'","576":"e","577":"r","578":"r","579":"o","580":"r","581":"'","582":":","583":" ","584":"d","585":"a","586":"t","587":"a","588":".","589":"e","590":"r","591":"r","592":"o","593":"r","594":" ","595":"}","596":"\\","597":"\"","598":">","599":"{","600":"{","601":" ","602":"d","603":"a","604":"t","605":"a","606":".","607":"r","608":"e","609":"s","610":"u","611":"l","612":"t","613":"T","614":"e","615":"x","616":"t","617":" ","618":"}","619":"}","620":"<","621":"/","622":"d","623":"i","624":"v","625":">","626":"\\","627":"n","628":" ","629":" ","630":" ","631":" ","632":"\\","633":"n","634":" ","635":" ","636":" ","637":" ","638":"<","639":"!","640":"-","641":"-","642":" ","643":"E","644":"r","645":"r","646":"o","647":"r","648":" ","649":"d","650":"i","651":"s","652":"p","653":"l","654":"a","655":"y","656":" ","657":"-","658":"-","659":">","660":"\\","661":"n","662":" ","663":" ","664":" ","665":" ","666":"<","667":"d","668":"i","669":"v","670":" ","671":"v","672":"-","673":"i","674":"f","675":"=","676":"\\","677":"\"","678":"d","679":"a","680":"t","681":"a","682":".","683":"e","684":"r","685":"r","686":"o","687":"r","688":"\\","689":"\"","690":" ","691":"c","692":"l","693":"a","694":"s","695":"s","696":"=","697":"\\","698":"\"","699":"e","700":"r","701":"r","702":"o","703":"r","704":"-","705":"m","706":"e","707":"s","708":"s","709":"a","710":"g","711":"e","712":"\\","713":"\"","714":" ","715":"i","716":"d","717":"=","718":"\\","719":"\"","720":"e","721":"r","722":"r","723":"o","724":"r","725":"-","726":"d","727":"i","728":"s","729":"p","730":"l","731":"a","732":"y","733":"\\","734":"\"","735":">","736":"\\","737":"n","738":" ","739":" ","740":" ","741":" ","742":" ","743":" ","744":"{","745":"{","746":" ","747":"d","748":"a","749":"t","750":"a","751":".","752":"e","753":"r","754":"r","755":"o","756":"r","757":" ","758":"}","759":"}","760":"\\","761":"n","762":" ","763":" ","764":" ","765":" ","766":"<","767":"/","768":"d","769":"i","770":"v","771":">","772":"\\","773":"n","774":"\\","775":"n","776":" ","777":" ","778":" ","779":" ","780":"<","781":"!","782":"-","783":"-","784":" ","785":"P","786":"r","787":"o","788":"g","789":"r","790":"e","791":"s","792":"s","793":" ","794":"B","795":"a","796":"r","797":" ","798":"-","799":"-","800":">","801":"\\","802":"n","803":" ","804":" ","805":" ","806":" ","807":"<","808":"P","809":"r","810":"o","811":"g","812":"r","813":"e","814":"s","815":"s","816":"I","817":"n","818":"d","819":"i","820":"c","821":"a","822":"t","823":"o","824":"r","825":" ","826":"\\","827":"n","828":" ","829":" ","830":" ","831":" ","832":" ","833":" ","834":":","835":"d","836":"a","837":"t","838":"a","839":"=","840":"\\","841":"\"","842":"d","843":"a","844":"t","845":"a","846":"\\","847":"\"","848":"\\","849":"n","850":" ","851":" ","852":" ","853":" ","854":" ","855":" ","856":":","857":"f","858":"o","859":"r","860":"m","861":"a","862":"t","863":"F","864":"i","865":"l","866":"e","867":"P","868":"a","869":"t","870":"h","871":"=","872":"\\","873":"\"","874":"f","875":"o","876":"r","877":"m","878":"a","879":"t","880":"F","881":"i","882":"l","883":"e","884":"P","885":"a","886":"t","887":"h","888":"\\","889":"\"","890":"\\","891":"n","892":" ","893":" ","894":" ","895":" ","896":"/","897":">","898":"\\","899":"n","900":"\\","901":"n","902":" ","903":" ","904":" ","905":" ","906":"<","907":"!","908":"-","909":"-","910":" ","911":"S","912":"e","913":"a","914":"r","915":"c","916":"h","917":" ","918":"R","919":"e","920":"s","921":"u","922":"l","923":"t","924":"s","925":" ","926":"-","927":"-","928":">","929":"\\","930":"n","931":" ","932":" ","933":" ","934":" ","935":"<","936":"S","937":"e","938":"a","939":"r","940":"c","941":"h","942":"R","943":"e","944":"s","945":"u","946":"l","947":"t","948":"s","949":" ","950":"\\","951":"n","952":" ","953":" ","954":" ","955":" ","956":" ","957":" ","958":":","959":"d","960":"a","961":"t","962":"a","963":"=","964":"\\","965":"\"","966":"d","967":"a","968":"t","969":"a","970":"\\","971":"\"","972":"\\","973":"n","974":" ","975":" ","976":" ","977":" ","978":" ","979":" ","980":":","981":"f","982":"o","983":"r","984":"m","985":"a","986":"t","987":"F","988":"i","989":"l","990":"e","991":"P","992":"a","993":"t","994":"h","995":"=","996":"\\","997":"\"","998":"f","999":"o","1000":"r","1001":"m","1002":"a","1003":"t","1004":"F","1005":"i","1006":"l","1007":"e","1008":"P","1009":"a","1010":"t","1011":"h","1012":"\\","1013":"\"","1014":"\\","1015":"n","1016":" ","1017":" ","1018":" ","1019":" ","1020":" ","1021":" ","1022":":","1023":"h","1024":"i","1025":"g","1026":"h","1027":"l","1028":"i","1029":"g","1030":"h","1031":"t","1032":"M","1033":"a","1034":"t","1035":"c","1036":"h","1037":"=","1038":"\\","1039":"\"","1040":"h","1041":"i","1042":"g","1043":"h","1044":"l","1045":"i","1046":"g","1047":"h","1048":"t","1049":"M","1050":"a","1051":"t","1052":"c","1053":"h","1054":"\\","1055":"\"","1056":"\\","1057":"n","1058":" ","1059":" ","1060":" ","1061":" ","1062":" ","1063":" ","1064":":","1065":"o","1066":"p","1067":"e","1068":"n","1069":"F","1070":"i","1071":"l","1072":"e","1073":"L","1074":"o","1075":"c","1076":"a","1077":"t","1078":"i","1079":"o","1080":"n","1081":"=","1082":"\\","1083":"\"","1084":"o","1085":"p","1086":"e","1087":"n","1088":"F","1089":"i","1090":"l","1091":"e","1092":"L","1093":"o","1094":"c","1095":"a","1096":"t","1097":"i","1098":"o","1099":"n","1100":"\\","1101":"\"","1102":"\\","1103":"n","1104":" ","1105":" ","1106":" ","1107":" ","1108":" ","1109":" ","1110":":","1111":"c","1112":"o","1113":"p","1114":"y","1115":"T","1116":"o","1117":"C","1118":"l","1119":"i","1120":"p","1121":"b","1122":"o","1123":"a","1124":"r","1125":"d","1126":"=","1127":"\\","1128":"\"","1129":"c","1130":"o","1131":"p","1132":"y","1133":"T","1134":"o","1135":"C","1136":"l","1137":"i","1138":"p","1139":"b","1140":"o","1141":"a","1142":"r","1143":"d","1144":"\\","1145":"\"","1146":"\\","1147":"n","1148":" ","1149":" ","1150":" ","1151":" ","1152":"/","1153":">","1154":"\\","1155":"n","1156":" ","1157":" ","1158":"<","1159":"/","1160":"m","1161":"a","1162":"i","1163":"n","1164":">","1165":"\\","1166":"n","1167":"<","1168":"/","1169":"t","1170":"e","1171":"m","1172":"p","1173":"l","1174":"a","1175":"t","1176":"e","1177":">","1178":"\\","1179":"n","1180":"\\","1181":"n","1182":"<","1183":"s","1184":"c","1185":"r","1186":"i","1187":"p","1188":"t","1189":" ","1190":"l","1191":"a","1192":"n","1193":"g","1194":"=","1195":"\\","1196":"\"","1197":"t","1198":"s","1199":"\\","1200":"\"","1201":" ","1202":"s","1203":"e","1204":"t","1205":"u","1206":"p","1207":">","1208":"\\","1209":"n","1210":"i","1211":"m","1212":"p","1213":"o","1214":"r","1215":"t","1216":" ","1217":"S","1218":"e","1219":"a","1220":"r","1221":"c","1222":"h","1223":"F","1224":"o","1225":"r","1226":"m","1227":" ","1228":"f","1229":"r","1230":"o","1231":"m","1232":" ","1233":"'","1234":".","1235":"/","1236":"u","1237":"i","1238":"/","1239":"S","1240":"e","1241":"a","1242":"r","1243":"c","1244":"h","1245":"F","1246":"o","1247":"r","1248":"m","1249":".","1250":"v","1251":"u","1252":"e","1253":"'","1254":";","1255":"\\","1256":"n","1257":"i","1258":"m","1259":"p","1260":"o","1261":"r","1262":"t","1263":" ","1264":"P","1265":"r","1266":"o","1267":"g","1268":"r","1269":"e","1270":"s","1271":"s","1272":"I","1273":"n","1274":"d","1275":"i","1276":"c","1277":"a","1278":"t","1279":"o","1280":"r","1281":" ","1282":"f","1283":"r","1284":"o","1285":"m","1286":" ","1287":"'","1288":".","1289":"/","1290":"u","1291":"i","1292":"/","1293":"P","1294":"r","1295":"o","1296":"g","1297":"r","1298":"e","1299":"s","1300":"s","1301":"I","1302":"n","1303":"d","1304":"i","1305":"c","1306":"a","1307":"t","1308":"o","1309":"r","1310":".","1311":"v","1312":"u","1313":"e","1314":"'","1315":";","1316":"\\","1317":"n","1318":"i","1319":"m","1320":"p","1321":"o","1322":"r","1323":"t","1324":" ","1325":"S","1326":"e","1327":"a","1328":"r","1329":"c","1330":"h","1331":"R","1332":"e","1333":"s","1334":"u","1335":"l","1336":"t","1337":"s","1338":" ","1339":"f","1340":"r","1341":"o","1342":"m","1343":" ","1344":"'","1345":".","1346":"/","1347":"u","1348":"i","1349":"/","1350":"S","1351":"e","1352":"a","1353":"r","1354":"c","1355":"h","1356":"R","1357":"e","1358":"s","1359":"u","1360":"l","1361":"t","1362":"s","1363":".","1364":"v","1365":"u","1366":"e","1367":"'","1368":";","1369":"\\","1370":"n","1371":"i","1372":"m","1373":"p","1374":"o","1375":"r","1376":"t","1377":" ","1378":"{","1379":" ","1380":"u","1381":"s","1382":"e","1383":"S","1384":"e","1385":"a","1386":"r","1387":"c","1388":"h","1389":" ","1390":"}","1391":" ","1392":"f","1393":"r","1394":"o","1395":"m","1396":" ","1397":"'","1398":".","1399":".","1400":"/","1401":"c","1402":"o","1403":"m","1404":"p","1405":"o","1406":"s","1407":"a","1408":"b","1409":"l","1410":"e","1411":"s","1412":"/","1413":"u","1414":"s","1415":"e","1416":"S","1417":"e","1418":"a","1419":"r","1420":"c","1421":"h","1422":"'","1423":";","1424":"\\","1425":"n","1426":"\\","1427":"n","1428":"/","1429":"/","1430":" ","1431":"G","1432":"e","1433":"t","1434":" ","1435":"a","1436":"l","1437":"l","1438":" ","1439":"t","1440":"h","1441":"e","1442":" ","1443":"s","1444":"e","1445":"a","1446":"r","1447":"c","1448":"h","1449":" ","1450":"f","1451":"u","1452":"n","1453":"c","1454":"t","1455":"i","1456":"o","1457":"n","1458":"a","1459":"l","1460":"i","1461":"t","1462":"y","1463":" ","1464":"f","1465":"r","1466":"o","1467":"m","1468":" ","1469":"t","1470":"h","1471":"e","1472":" ","1473":"c","1474":"o","1475":"m","1476":"p","1477":"o","1478":"s","1479":"a","1480":"b","1481":"l","1482":"e","1483":"\\","1484":"n","1485":"c","1486":"o","1487":"n","1488":"s","1489":"t","1490":" ","1491":"{","1492":" ","1493":"\\","1494":"n","1495":" ","1496":" ","1497":"d","1498":"a","1499":"t","1500":"a","1501":",","1502":" ","1503":"\\","1504":"n","1505":" ","1506":" ","1507":"s","1508":"e","1509":"a","1510":"r","1511":"c","1512":"h","1513":"C","1514":"o","1515":"d","1516":"e","1517":",","1518":" ","1519":"\\","1520":"n","1521":" ","1522":" ","1523":"s","1524":"e","1525":"l","1526":"e","1527":"c","1528":"t","1529":"D","1530":"i","1531":"r","1532":"e","1533":"c","1534":"t","1535":"o","1536":"r","1537":"y","1538":",","1539":" ","1540":"\\","1541":"n","1542":" ","1543":" ","1544":"f","1545":"o","1546":"r","1547":"m","1548":"a","1549":"t","1550":"F","1551":"i","1552":"l","1553":"e","1554":"P","1555":"a","1556":"t","1557":"h","1558":",","1559":" ","1560":"\\","1561":"n","1562":" ","1563":" ","1564":"h","1565":"i","1566":"g","1567":"h","1568":"l","1569":"i","1570":"g","1571":"h","1572":"t","1573":"M","1574":"a","1575":"t","1576":"c","1577":"h","1578":",","1579":" ","1580":"\\","1581":"n","1582":" ","1583":" ","1584":"c","1585":"o","1586":"p","1587":"y","1588":"T","1589":"o","1590":"C","1591":"l","1592":"i","1593":"p","1594":"b","1595":"o","1596":"a","1597":"r","1598":"d","1599":",","1600":" ","1601":"\\","1602":"n","1603":" ","1604":" ","1605":"o","1606":"p","1607":"e","1608":"n","1609":"F","1610":"i","1611":"l","1612":"e","1613":"L","1614":"o","1615":"c","1616":"a","1617":"t","1618":"i","1619":"o","1620":"n","1621":" ","1622":"\\","1623":"n","1624":"}","1625":" ","1626":"=","1627":" ","1628":"u","1629":"s","1630":"e","1631":"S","1632":"e","1633":"a","1634":"r","1635":"c","1636":"h","1637":"(","1638":")","1639":";","1640":"\\","1641":"n","1642":"<","1643":"/","1644":"s","1645":"c","1646":"r","1647":"i","1648":"p","1649":"t","1650":">","1651":"\\","1652":"n","1653":"\\","1654":"n","1655":"<","1656":"s","1657":"t","1658":"y","1659":"l","1660":"e","1661":" ","1662":"s","1663":"c","1664":"o","1665":"p","1666":"e","1667":"d","1668":">","1669":"\\","1670":"n","1671":".","1672":"r","1673":"e","1674":"s","1675":"u","1676":"l","1677":"t","1678":" ","1679":"{","1680":"\\","1681":"n","1682":" ","1683":" ","1684":"h","1685":"e","1686":"i","1687":"g","1688":"h","1689":"t","1690":":","1691":" ","1692":"2","1693":"0","1694":"p","1695":"x","1696":";","1697":"\\","1698":"n","1699":" ","1700":" ","1701":"l","1702":"i","1703":"n","1704":"e","1705":"-","1706":"h","1707":"e","1708":"i","1709":"g","1710":"h","1711":"t","1712":":","1713":" ","1714":"2","1715":"0","1716":"p","1717":"x","1718":";","1719":"\\","1720":"n","1721":" ","1722":" ","1723":"m","1724":"a","1725":"r","1726":"g","1727":"i","1728":"n","1729":":","1730":" ","1731":"1","1732":".","1733":"5","1734":"r","1735":"e","1736":"m","1737":" ","1738":"a","1739":"u","1740":"t","1741":"o","1742":";","1743":"\\","1744":"n","1745":" ","1746":" ","1747":"t","1748":"e","1749":"x","1750":"t","1751":"-","1752":"a","1753":"l","1754":"i","1755":"g","1756":"n","1757":":","1758":" ","1759":"c","1760":"e","1761":"n","1762":"t","1763":"e","1764":"r","1765":";","1766":"\\","1767":"n","1768":"}","1769":"\\","1770":"n","1771":"\\","1772":"n","1773":".","1774":"r","1775":"e","1776":"s","1777":"u","1778":"l","1779":"t","1780":".","1781":"e","1782":"r","1783":"r","1784":"o","1785":"r","1786":" ","1787":"{","1788":"\\","1789":"n","1790":" ","1791":" ","1792":"c","1793":"o","1794":"l","1795":"o","1796":"r","1797":":","1798":" ","1799":"#","1800":"e","1801":"7","1802":"4","1803":"c","1804":"3","1805":"c","1806":";","1807":"\\","1808":"n","1809":"}","1810":"\\","1811":"n","1812":"\\","1813":"n","1814":".","1815":"e","1816":"r","1817":"r","1818":"o","1819":"r","1820":"-","1821":"m","1822":"e","1823":"s","1824":"s","1825":"a","1826":"g","1827":"e","1828":" ","1829":"{","1830":"\\","1831":"n","1832":" ","1833":" ","1834":"m","1835":"a","1836":"x","1837":"-","1838":"w","1839":"i","1840":"d","1841":"t","1842":"h","1843":":","1844":" ","1845":"6","1846":"0","1847":"0","1848":"p","1849":"x","1850":";","1851":"\\","1852":"n","1853":" ","1854":" ","1855":"m","1856":"a","1857":"r","1858":"g","1859":"i","1860":"n","1861":":","1862":" ","1863":"0","1864":".","1865":"5","1866":"r","1867":"e","1868":"m","1869":" ","1870":"a","1871":"u","1872":"t","1873":"o","1874":";","1875":"\\","1876":"n","1877":" ","1878":" ","1879":"p","1880":"a","1881":"d","1882":"d","1883":"i","1884":"n","1885":"g","1886":":","1887":" ","1888":"1","1889":"0","1890":"p","1891":"x","1892":";","1893":"\\","1894":"n","1895":" ","1896":" ","1897":"b","1898":"a","1899":"c","1900":"k","1901":"g","1902":"r","1903":"o","1904":"u","1905":"n","1906":"d","1907":"-","1908":"c","1909":"o","1910":"l","1911":"o","1912":"r","1913":":","1914":" ","1915":"#","1916":"f","1917":"a","1918":"d","1919":"b","1920":"d","1921":"8","1922":";","1923":"\\","1924":"n","1925":" ","1926":" ","1927":"b","1928":"o","1929":"r","1930":"d","1931":"e","1932":"r","1933":":","1934":" ","1935":"1","1936":"p","1937":"x","1938":" ","1939":"s","1940":"o","1941":"l","1942":"i","1943":"d","1944":" ","1945":"#","1946":"e","1947":"7","1948":"4","1949":"c","1950":"3","1951":"c","1952":";","1953":"\\","1954":"n","1955":" ","1956":" ","1957":"b","1958":"o","1959":"r","1960":"d","1961":"e","1962":"r","1963":"-","1964":"r","1965":"a","1966":"d","1967":"i","1968":"u","1969":"s","1970":":","1971":" ","1972":"4","1973":"p","1974":"x","1975":";","1976":"\\","1977":"n","1978":" ","1979":" ","1980":"c","1981":"o","1982":"l","1983":"o","1984":"r","1985":":","1986":" ","1987":"#","1988":"c","1989":"0","1990":"3","1991":"9","1992":"2","1993":"b","1994":";","1995":"\\","1996":"n","1997":" ","1998":" ","1999":"t","2000":"e","2001":"x","2002":"t","2003":"-","2004":"a","2005":"l","2006":"i","2007":"g","2008":"n","2009":":","2010":" ","2011":"c","2012":"e","2013":"n","2014":"t","2015":"e","2016":"r","2017":";","2018":"\\","2019":"n","2020":" ","2021":" ","2022":"f","2023":"o","2024":"n","2025":"t","2026":"-","2027":"s","2028":"i","2029":"z","2030":"e","2031":":","2032":" ","2033":"0","2034":".","2035":"9","2036":"e","2037":"m","2038":";","2039":"\\","2040":"n","2041":"}","2042":"\\","2043":"n","2044":"<","2045":"/","2046":"s","2047":"t","2048":"y","2049":"l","2050":"e","2051":">","2052":"\"","2053":"]","2054":"}"}}
,"/home/afman42/repo/code-search-golang/frontend/src/components/ui/CodeModal.vue": {"path":"/home/afman42/repo/code-search-golang/frontend/src/components/ui/CodeModal.vue","statementMap":{"0":{"start":{"line":5,"column":0},"end":{"line":11,"column":1}},"1":{"start":{"line":8,"column":2},"end":{"line":10,"column":4}},"2":{"start":{"line":12,"column":0},"end":{"line":14,"column":3}},"3":{"start":{"line":15,"column":12},"end":{"line":15,"column":26}},"4":{"start":{"line":16,"column":21},"end":{"line":16,"column":61}},"5":{"start":{"line":17,"column":0},"end":{"line":176,"column":3}},"6":{"start":{"line":39,"column":15},"end":{"line":39,"column":22}},"7":{"start":{"line":40,"column":20},"end":{"line":40,"column":40}},"8":{"start":{"line":41,"column":27},"end":{"line":41,"column":47}},"9":{"start":{"line":42,"column":17},"end":{"line":42,"column":38}},"10":{"start":{"line":43,"column":21},"end":{"line":45,"column":5}},"11":{"start":{"line":44,"column":6},"end":{"line":44,"column":20}},"12":{"start":{"line":47,"column":23},"end":{"line":56,"column":5}},"13":{"start":{"line":48,"column":6},"end":{"line":48,"column":27}},"14":{"start":{"line":48,"column":17},"end":{"line":48,"column":27}},"15":{"start":{"line":49,"column":22},"end":{"line":49,"column":24}},"16":{"start":{"line":50,"column":6},"end":{"line":50,"column":48}},"17":{"start":{"line":50,"column":36},"end":{"line":50,"column":48}},"18":{"start":{"line":51,"column":18},"end":{"line":51,"column":33}},"19":{"start":{"line":52,"column":6},"end":{"line":54,"column":7}},"20":{"start":{"line":53,"column":8},"end":{"line":53,"column":49}},"21":{"start":{"line":55,"column":6},"end":{"line":55,"column":53}},"22":{"start":{"line":58,"column":27},"end":{"line":101,"column":6}},"23":{"start":{"line":60,"column":6},"end":{"line":60,"column":41}},"24":{"start":{"line":60,"column":27},"end":{"line":60,"column":41}},"25":{"start":{"line":61,"column":16},"end":{"line":61,"column":116}},"26":{"start":{"line":62,"column":22},"end":{"line":99,"column":7}},"27":{"start":{"line":100,"column":6},"end":{"line":100,"column":38}},"28":{"start":{"line":103,"column":21},"end":{"line":106,"column":6}},"29":{"start":{"line":104,"column":6},"end":{"line":104,"column":39}},"30":{"start":{"line":104,"column":30},"end":{"line":104,"column":39}},"31":{"start":{"line":105,"column":6},"end":{"line":105,"column":50}},"32":{"start":{"line":108,"column":26},"end":{"line":136,"column":6}},"33":{"start":{"line":109,"column":6},"end":{"line":109,"column":40}},"34":{"start":{"line":109,"column":30},"end":{"line":109,"column":40}},"35":{"start":{"line":111,"column":21},"end":{"line":111,"column":43}},"36":{"start":{"line":112,"column":28},"end":{"line":114,"column":14}},"37":{"start":{"line":116,"column":18},"end":{"line":116,"column":48}},"38":{"start":{"line":117,"column":17},"end":{"line":117,"column":19}},"39":{"start":{"line":118,"column":6},"end":{"line":134,"column":9}},"40":{"start":{"line":119,"column":25},"end":{"line":119,"column":34}},"41":{"start":{"line":120,"column":30},"end":{"line":120,"column":34}},"42":{"start":{"line":122,"column":8},"end":{"line":130,"column":9}},"43":{"start":{"line":123,"column":10},"end":{"line":129,"column":11}},"44":{"start":{"line":125,"column":24},"end":{"line":125,"column":109}},"45":{"start":{"line":126,"column":12},"end":{"line":126,"column":104}},"46":{"start":{"line":132,"column":26},"end":{"line":132,"column":82}},"47":{"start":{"line":133,"column":8},"end":{"line":133,"column":174}},"48":{"start":{"line":135,"column":6},"end":{"line":135,"column":18}},"49":{"start":{"line":138,"column":23},"end":{"line":148,"column":6}},"50":{"start":{"line":139,"column":6},"end":{"line":139,"column":55}},"51":{"start":{"line":139,"column":46},"end":{"line":139,"column":55}},"52":{"start":{"line":140,"column":6},"end":{"line":147,"column":7}},"53":{"start":{"line":141,"column":20},"end":{"line":141,"column":88}},"54":{"start":{"line":142,"column":22},"end":{"line":142,"column":52}},"55":{"start":{"line":143,"column":8},"end":{"line":143,"column":44}},"56":{"start":{"line":146,"column":8},"end":{"line":146,"column":17}},"57":{"start":{"line":150,"column":26},"end":{"line":162,"column":5}},"58":{"start":{"line":151,"column":6},"end":{"line":161,"column":9}},"59":{"start":{"line":152,"column":8},"end":{"line":152,"column":28}},"60":{"start":{"line":154,"column":8},"end":{"line":156,"column":17}},"61":{"start":{"line":155,"column":10},"end":{"line":155,"column":31}},"62":{"start":{"line":158,"column":8},"end":{"line":158,"column":21}},"63":{"start":{"line":160,"column":8},"end":{"line":160,"column":46}},"64":{"start":{"line":163,"column":4},"end":{"line":174,"column":6}},"65":{"start":{"line":177,"column":0},"end":{"line":177,"column":13}},"66":{"start":{"line":178,"column":20},"end":{"line":186,"column":1}},"67":{"start":{"line":179,"column":4},"end":{"line":184,"column":5}},"68":{"start":{"line":179,"column":40},"end":{"line":184,"column":5}},"69":{"start":{"line":179,"column":53},"end":{"line":179,"column":54}},"70":{"start":{"line":179,"column":60},"end":{"line":179,"column":71}},"71":{"start":{"line":180,"column":8},"end":{"line":183,"column":9}},"72":{"start":{"line":181,"column":12},"end":{"line":181,"column":65}},"73":{"start":{"line":181,"column":21},"end":{"line":181,"column":65}},"74":{"start":{"line":182,"column":12},"end":{"line":182,"column":28}},"75":{"start":{"line":185,"column":4},"end":{"line":185,"column":61}},"76":{"start":{"line":187,"column":0},"end":{"line":187,"column":62}},"77":{"start":{"line":188,"column":0},"end":{"line":188,"column":24}},"78":{"start":{"line":189,"column":12},"end":{"line":189,"column":26}},"79":{"start":{"line":190,"column":17},"end":{"line":190,"column":42}},"80":{"start":{"line":191,"column":17},"end":{"line":191,"column":41}},"81":{"start":{"line":192,"column":17},"end":{"line":192,"column":43}},"82":{"start":{"line":193,"column":17},"end":{"line":196,"column":1}},"83":{"start":{"line":197,"column":17},"end":{"line":197,"column":40}},"84":{"start":{"line":198,"column":17},"end":{"line":198,"column":30}},"85":{"start":{"line":199,"column":17},"end":{"line":199,"column":42}},"86":{"start":{"line":200,"column":17},"end":{"line":200,"column":47}},"87":{"start":{"line":201,"column":17},"end":{"line":201,"column":27}},"88":{"start":{"line":202,"column":18},"end":{"line":202,"column":28}},"89":{"start":{"line":203,"column":18},"end":{"line":203,"column":28}},"90":{"start":{"line":205,"column":4},"end":{"line":276,"column":54}},"91":{"start":{"line":212,"column":31},"end":{"line":212,"column":33}},"92":{"start":{"line":213,"column":20},"end":{"line":215,"column":21}},"93":{"start":{"line":213,"column":34},"end":{"line":213,"column":35}},"94":{"start":{"line":214,"column":24},"end":{"line":214,"column":49}},"95":{"start":{"line":216,"column":20},"end":{"line":216,"column":82}},"96":{"start":{"line":230,"column":43},"end":{"line":230,"column":45}},"97":{"start":{"line":231,"column":32},"end":{"line":233,"column":33}},"98":{"start":{"line":231,"column":46},"end":{"line":231,"column":47}},"99":{"start":{"line":232,"column":36},"end":{"line":232,"column":61}},"100":{"start":{"line":234,"column":32},"end":{"line":234,"column":94}},"101":{"start":{"line":262,"column":43},"end":{"line":262,"column":45}},"102":{"start":{"line":263,"column":32},"end":{"line":265,"column":33}},"103":{"start":{"line":263,"column":46},"end":{"line":263,"column":47}},"104":{"start":{"line":264,"column":36},"end":{"line":264,"column":61}},"105":{"start":{"line":266,"column":32},"end":{"line":266,"column":104}},"106":{"start":{"line":278,"column":0},"end":{"line":278,"column":24}},"107":{"start":{"line":279,"column":1},"end":{"line":279,"column":48}}},"fnMap":{"0":{"name":"(anonymous_0)","decl":{"start":{"line":7,"column":28},"end":{"line":7,"column":29}},"loc":{"start":{"line":7,"column":43},"end":{"line":11,"column":1}},"line":7},"1":{"name":"(anonymous_1)","decl":{"start":{"line":38,"column":9},"end":{"line":38,"column":10}},"loc":{"start":{"line":38,"column":30},"end":{"line":175,"column":3}},"line":38},"2":{"name":"(anonymous_2)","decl":{"start":{"line":43,"column":21},"end":{"line":43,"column":22}},"loc":{"start":{"line":43,"column":33},"end":{"line":45,"column":5}},"line":43},"3":{"name":"(anonymous_3)","decl":{"start":{"line":47,"column":23},"end":{"line":47,"column":24}},"loc":{"start":{"line":47,"column":39},"end":{"line":56,"column":5}},"line":47},"4":{"name":"(anonymous_4)","decl":{"start":{"line":58,"column":47},"end":{"line":58,"column":48}},"loc":{"start":{"line":58,"column":59},"end":{"line":101,"column":5}},"line":58},"5":{"name":"(anonymous_5)","decl":{"start":{"line":103,"column":41},"end":{"line":103,"column":42}},"loc":{"start":{"line":103,"column":53},"end":{"line":106,"column":5}},"line":103},"6":{"name":"(anonymous_6)","decl":{"start":{"line":108,"column":46},"end":{"line":108,"column":47}},"loc":{"start":{"line":108,"column":58},"end":{"line":136,"column":5}},"line":108},"7":{"name":"(anonymous_7)","decl":{"start":{"line":118,"column":20},"end":{"line":118,"column":21}},"loc":{"start":{"line":118,"column":43},"end":{"line":134,"column":7}},"line":118},"8":{"name":"(anonymous_8)","decl":{"start":{"line":138,"column":43},"end":{"line":138,"column":44}},"loc":{"start":{"line":138,"column":55},"end":{"line":148,"column":5}},"line":138},"9":{"name":"(anonymous_9)","decl":{"start":{"line":150,"column":26},"end":{"line":150,"column":27}},"loc":{"start":{"line":150,"column":38},"end":{"line":162,"column":5}},"line":150},"10":{"name":"(anonymous_10)","decl":{"start":{"line":151,"column":60},"end":{"line":151,"column":61}},"loc":{"start":{"line":151,"column":72},"end":{"line":159,"column":7}},"line":151},"11":{"name":"(anonymous_11)","decl":{"start":{"line":154,"column":19},"end":{"line":154,"column":20}},"loc":{"start":{"line":154,"column":31},"end":{"line":156,"column":9}},"line":154},"12":{"name":"(anonymous_12)","decl":{"start":{"line":159,"column":15},"end":{"line":159,"column":16}},"loc":{"start":{"line":159,"column":30},"end":{"line":161,"column":7}},"line":159},"13":{"name":"(anonymous_13)","decl":{"start":{"line":178,"column":52},"end":{"line":178,"column":53}},"loc":{"start":{"line":178,"column":78},"end":{"line":186,"column":1}},"line":178},"14":{"name":"render","decl":{"start":{"line":204,"column":9},"end":{"line":204,"column":15}},"loc":{"start":{"line":204,"column":30},"end":{"line":277,"column":1}},"line":204},"15":{"name":"(anonymous_15)","decl":{"start":{"line":211,"column":16},"end":{"line":211,"column":17}},"loc":{"start":{"line":211,"column":28},"end":{"line":217,"column":17}},"line":211},"16":{"name":"(anonymous_16)","decl":{"start":{"line":221,"column":76},"end":{"line":221,"column":77}},"loc":{"start":{"line":221,"column":88},"end":{"line":221,"column":91}},"line":221},"17":{"name":"(anonymous_17)","decl":{"start":{"line":229,"column":28},"end":{"line":229,"column":29}},"loc":{"start":{"line":229,"column":40},"end":{"line":235,"column":29}},"line":229},"18":{"name":"(anonymous_18)","decl":{"start":{"line":261,"column":28},"end":{"line":261,"column":29}},"loc":{"start":{"line":261,"column":40},"end":{"line":267,"column":29}},"line":261}},"branchMap":{"0":{"loc":{"start":{"line":5,"column":0},"end":{"line":11,"column":1}},"type":"binary-expr","locations":[{"start":{"line":5,"column":0},"end":{"line":5,"column":6}},{"start":{"line":7,"column":28},"end":{"line":11,"column":1}}],"line":5},"1":{"loc":{"start":{"line":8,"column":9},"end":{"line":10,"column":3}},"type":"cond-expr","locations":[{"start":{"line":8,"column":33},"end":{"line":8,"column":36}},{"start":{"line":8,"column":39},"end":{"line":10,"column":3}}],"line":8},"2":{"loc":{"start":{"line":8,"column":9},"end":{"line":8,"column":30}},"type":"binary-expr","locations":[{"start":{"line":8,"column":9},"end":{"line":8,"column":12}},{"start":{"line":8,"column":16},"end":{"line":8,"column":30}}],"line":8},"3":{"loc":{"start":{"line":48,"column":6},"end":{"line":48,"column":27}},"type":"if","locations":[{"start":{"line":48,"column":6},"end":{"line":48,"column":27}},{"start":{},"end":{}}],"line":48},"4":{"loc":{"start":{"line":50,"column":6},"end":{"line":50,"column":48}},"type":"if","locations":[{"start":{"line":50,"column":6},"end":{"line":50,"column":48}},{"start":{},"end":{}}],"line":50},"5":{"loc":{"start":{"line":52,"column":6},"end":{"line":54,"column":7}},"type":"if","locations":[{"start":{"line":52,"column":6},"end":{"line":54,"column":7}},{"start":{},"end":{}}],"line":52},"6":{"loc":{"start":{"line":60,"column":6},"end":{"line":60,"column":41}},"type":"if","locations":[{"start":{"line":60,"column":6},"end":{"line":60,"column":41}},{"start":{},"end":{}}],"line":60},"7":{"loc":{"start":{"line":61,"column":16},"end":{"line":61,"column":116}},"type":"binary-expr","locations":[{"start":{"line":61,"column":17},"end":{"line":61,"column":109}},{"start":{"line":61,"column":114},"end":{"line":61,"column":116}}],"line":61},"8":{"loc":{"start":{"line":61,"column":17},"end":{"line":61,"column":109}},"type":"cond-expr","locations":[{"start":{"line":61,"column":84},"end":{"line":61,"column":90}},{"start":{"line":61,"column":93},"end":{"line":61,"column":109}}],"line":61},"9":{"loc":{"start":{"line":61,"column":17},"end":{"line":61,"column":81}},"type":"binary-expr","locations":[{"start":{"line":61,"column":17},"end":{"line":61,"column":64}},{"start":{"line":61,"column":68},"end":{"line":61,"column":81}}],"line":61},"10":{"loc":{"start":{"line":100,"column":13},"end":{"line":100,"column":37}},"type":"binary-expr","locations":[{"start":{"line":100,"column":13},"end":{"line":100,"column":27}},{"start":{"line":100,"column":31},"end":{"line":100,"column":37}}],"line":100},"11":{"loc":{"start":{"line":104,"column":6},"end":{"line":104,"column":39}},"type":"if","locations":[{"start":{"line":104,"column":6},"end":{"line":104,"column":39}},{"start":{},"end":{}}],"line":104},"12":{"loc":{"start":{"line":109,"column":6},"end":{"line":109,"column":40}},"type":"if","locations":[{"start":{"line":109,"column":6},"end":{"line":109,"column":40}},{"start":{},"end":{}}],"line":109},"13":{"loc":{"start":{"line":122,"column":8},"end":{"line":130,"column":9}},"type":"if","locations":[{"start":{"line":122,"column":8},"end":{"line":130,"column":9}},{"start":{},"end":{}}],"line":122},"14":{"loc":{"start":{"line":132,"column":26},"end":{"line":132,"column":82}},"type":"binary-expr","locations":[{"start":{"line":132,"column":26},"end":{"line":132,"column":41}},{"start":{"line":132,"column":45},"end":{"line":132,"column":82}}],"line":132},"15":{"loc":{"start":{"line":139,"column":6},"end":{"line":139,"column":55}},"type":"if","locations":[{"start":{"line":139,"column":6},"end":{"line":139,"column":55}},{"start":{},"end":{}}],"line":139},"16":{"loc":{"start":{"line":139,"column":10},"end":{"line":139,"column":44}},"type":"binary-expr","locations":[{"start":{"line":139,"column":10},"end":{"line":139,"column":22}},{"start":{"line":139,"column":26},"end":{"line":139,"column":44}}],"line":139},"17":{"loc":{"start":{"line":143,"column":15},"end":{"line":143,"column":43}},"type":"cond-expr","locations":[{"start":{"line":143,"column":25},"end":{"line":143,"column":39}},{"start":{"line":143,"column":42},"end":{"line":143,"column":43}}],"line":143},"18":{"loc":{"start":{"line":178,"column":20},"end":{"line":186,"column":1}},"type":"binary-expr","locations":[{"start":{"line":178,"column":21},"end":{"line":178,"column":25}},{"start":{"line":178,"column":29},"end":{"line":178,"column":47}},{"start":{"line":178,"column":52},"end":{"line":186,"column":1}}],"line":178},"19":{"loc":{"start":{"line":179,"column":4},"end":{"line":184,"column":5}},"type":"if","locations":[{"start":{"line":179,"column":4},"end":{"line":184,"column":5}},{"start":{},"end":{}}],"line":179},"20":{"loc":{"start":{"line":179,"column":8},"end":{"line":179,"column":38}},"type":"binary-expr","locations":[{"start":{"line":179,"column":8},"end":{"line":179,"column":12}},{"start":{"line":179,"column":16},"end":{"line":179,"column":38}}],"line":179},"21":{"loc":{"start":{"line":180,"column":8},"end":{"line":183,"column":9}},"type":"if","locations":[{"start":{"line":180,"column":8},"end":{"line":183,"column":9}},{"start":{},"end":{}}],"line":180},"22":{"loc":{"start":{"line":180,"column":12},"end":{"line":180,"column":30}},"type":"binary-expr","locations":[{"start":{"line":180,"column":12},"end":{"line":180,"column":14}},{"start":{"line":180,"column":18},"end":{"line":180,"column":30}}],"line":180},"23":{"loc":{"start":{"line":181,"column":12},"end":{"line":181,"column":65}},"type":"if","locations":[{"start":{"line":181,"column":12},"end":{"line":181,"column":65}},{"start":{},"end":{}}],"line":181},"24":{"loc":{"start":{"line":185,"column":21},"end":{"line":185,"column":59}},"type":"binary-expr","locations":[{"start":{"line":185,"column":21},"end":{"line":185,"column":23}},{"start":{"line":185,"column":27},"end":{"line":185,"column":59}}],"line":185},"25":{"loc":{"start":{"line":205,"column":11},"end":{"line":276,"column":53}},"type":"cond-expr","locations":[{"start":{"line":206,"column":11},"end":{"line":275,"column":10}},{"start":{"line":276,"column":10},"end":{"line":276,"column":53}}],"line":205},"26":{"loc":{"start":{"line":209,"column":21},"end":{"line":217,"column":18}},"type":"binary-expr","locations":[{"start":{"line":209,"column":21},"end":{"line":209,"column":30}},{"start":{"line":209,"column":35},"end":{"line":217,"column":17}}],"line":209},"27":{"loc":{"start":{"line":216,"column":28},"end":{"line":216,"column":80}},"type":"binary-expr","locations":[{"start":{"line":216,"column":28},"end":{"line":216,"column":43}},{"start":{"line":216,"column":47},"end":{"line":216,"column":80}}],"line":216},"28":{"loc":{"start":{"line":221,"column":25},"end":{"line":221,"column":103}},"type":"binary-expr","locations":[{"start":{"line":221,"column":25},"end":{"line":221,"column":34}},{"start":{"line":221,"column":39},"end":{"line":221,"column":102}}],"line":221},"29":{"loc":{"start":{"line":227,"column":33},"end":{"line":235,"column":30}},"type":"binary-expr","locations":[{"start":{"line":227,"column":33},"end":{"line":227,"column":42}},{"start":{"line":227,"column":47},"end":{"line":235,"column":29}}],"line":227},"30":{"loc":{"start":{"line":234,"column":40},"end":{"line":234,"column":92}},"type":"binary-expr","locations":[{"start":{"line":234,"column":40},"end":{"line":234,"column":55}},{"start":{"line":234,"column":59},"end":{"line":234,"column":92}}],"line":234},"31":{"loc":{"start":{"line":236,"column":42},"end":{"line":238,"column":22}},"type":"binary-expr","locations":[{"start":{"line":236,"column":42},"end":{"line":236,"column":51}},{"start":{"line":236,"column":56},"end":{"line":238,"column":21}}],"line":236},"32":{"loc":{"start":{"line":253,"column":24},"end":{"line":255,"column":73}},"type":"cond-expr","locations":[{"start":{"line":254,"column":31},"end":{"line":254,"column":182}},{"start":{"line":255,"column":30},"end":{"line":255,"column":73}}],"line":253},"33":{"loc":{"start":{"line":259,"column":33},"end":{"line":267,"column":30}},"type":"binary-expr","locations":[{"start":{"line":259,"column":33},"end":{"line":259,"column":42}},{"start":{"line":259,"column":47},"end":{"line":267,"column":29}}],"line":259},"34":{"loc":{"start":{"line":266,"column":40},"end":{"line":266,"column":102}},"type":"binary-expr","locations":[{"start":{"line":266,"column":40},"end":{"line":266,"column":60}},{"start":{"line":266,"column":64},"end":{"line":266,"column":102}}],"line":266},"35":{"loc":{"start":{"line":269,"column":24},"end":{"line":271,"column":127}},"type":"cond-expr","locations":[{"start":{"line":270,"column":31},"end":{"line":270,"column":116}},{"start":{"line":271,"column":31},"end":{"line":271,"column":126}}],"line":269}},"s":{"0":3,"1":3,"2":3,"3":3,"4":3,"5":3,"6":92,"7":92,"8":92,"9":92,"10":92,"11":2,"12":92,"13":90,"14":1,"15":89,"16":89,"17":88,"18":1,"19":1,"20":1,"21":0,"22":92,"23":88,"24":1,"25":87,"26":87,"27":87,"28":92,"29":88,"30":3,"31":85,"32":92,"33":88,"34":3,"35":85,"36":85,"37":85,"38":85,"39":85,"40":30329,"41":30329,"42":30329,"43":19,"44":19,"45":19,"46":30329,"47":30329,"48":85,"49":92,"50":88,"51":81,"52":7,"53":7,"54":7,"55":7,"56":0,"57":92,"58":2,"59":2,"60":2,"61":2,"62":2,"63":0,"64":92,"65":3,"66":3,"67":90,"68":90,"69":90,"70":90,"71":90,"72":0,"73":0,"74":0,"75":90,"76":3,"77":3,"78":3,"79":3,"80":3,"81":3,"82":3,"83":3,"84":3,"85":3,"86":3,"87":3,"88":3,"89":3,"90":94,"91":1,"92":1,"93":1,"94":1,"95":1,"96":1,"97":1,"98":1,"99":1,"100":1,"101":2,"102":2,"103":2,"104":2,"105":2,"106":3,"107":3},"f":{"0":3,"1":92,"2":2,"3":90,"4":88,"5":88,"6":88,"7":30329,"8":88,"9":2,"10":2,"11":2,"12":0,"13":90,"14":94,"15":1,"16":3,"17":1,"18":2},"b":{"0":[3,3],"1":[0,3],"2":[3,3],"3":[1,89],"4":[88,1],"5":[1,0],"6":[1,87],"7":[87,0],"8":[0,87],"9":[87,87],"10":[87,10],"11":[3,85],"12":[3,85],"13":[19,30310],"14":[30329,34],"15":[81,7],"16":[88,7],"17":[4,3],"18":[3,3,3],"19":[90,0],"20":[90,0],"21":[0,90],"22":[90,90],"23":[0,0],"24":[90,90],"25":[90,4],"26":[90,88],"27":[1,1],"28":[90,88],"29":[90,88],"30":[1,1],"31":[90,88],"32":[4,86],"33":[90,88],"34":[2,2],"35":[2,88]},"inputSourceMap":{"0":"{","1":"\"","2":"v","3":"e","4":"r","5":"s","6":"i","7":"o","8":"n","9":"\"","10":":","11":"3","12":",","13":"\"","14":"s","15":"o","16":"u","17":"r","18":"c","19":"e","20":"s","21":"\"","22":":","23":"[","24":"\"","25":"/","26":"h","27":"o","28":"m","29":"e","30":"/","31":"a","32":"f","33":"m","34":"a","35":"n","36":"4","37":"2","38":"/","39":"r","40":"e","41":"p","42":"o","43":"/","44":"c","45":"o","46":"d","47":"e","48":"-","49":"s","50":"e","51":"a","52":"r","53":"c","54":"h","55":"-","56":"g","57":"o","58":"l","59":"a","60":"n","61":"g","62":"/","63":"f","64":"r","65":"o","66":"n","67":"t","68":"e","69":"n","70":"d","71":"/","72":"s","73":"r","74":"c","75":"/","76":"c","77":"o","78":"m","79":"p","80":"o","81":"n","82":"e","83":"n","84":"t","85":"s","86":"/","87":"u","88":"i","89":"/","90":"C","91":"o","92":"d","93":"e","94":"M","95":"o","96":"d","97":"a","98":"l","99":".","100":"v","101":"u","102":"e","103":"\"","104":"]","105":",","106":"\"","107":"n","108":"a","109":"m","110":"e","111":"s","112":"\"","113":":","114":"[","115":"]","116":",","117":"\"","118":"m","119":"a","120":"p","121":"p","122":"i","123":"n","124":"g","125":"s","126":"\"","127":":","128":"\"","129":";","130":";","131":";","132":";","133":";","134":";","135":";","136":";","137":";","138":";","139":";","140":";","141":";","142":";","143":"A","144":"A","145":"+","146":"B","147":"A","148":";","149":"A","150":"A","151":"C","152":"A","153":";","154":"A","155":"A","156":"E","157":"A","158":",","159":"k","160":"B","161":"A","162":"A","163":"e","164":",","165":"y","166":"B","167":"A","168":"A","169":"e","170":",","171":"E","172":"A","173":"A","174":"C","175":";","176":"E","177":"A","178":"C","179":"7","180":"B","181":",","182":"I","183":"A","184":"A","185":"I","186":",","187":"E","188":"A","189":"A","190":"E","191":",","192":"W","193":"A","194":"A","195":"W","196":";","197":"E","198":"A","199":"C","200":"j","201":"B","202":",","203":"K","204":"A","205":"A","206":"K","207":",","208":"E","209":"A","210":"A","211":"E","212":";","213":"I","214":"A","215":"C","216":"L","217":",","218":"S","219":"A","220":"A","221":"S","222":",","223":"E","224":"A","225":"A","226":"E","227":";","228":"M","229":"A","230":"C","231":"T","232":",","233":"I","234":"A","235":"A","236":"I","237":",","238":"E","239":"A","240":"A","241":"E","242":",","243":"O","244":"A","245":"A","246":"O","247":";","248":"M","249":"A","250":"C","251":"b","252":",","253":"Q","254":"A","255":"A","256":"Q","257":",","258":"E","259":"A","260":"A","261":"E","262":";","263":"K","264":"A","265":"C","266":"X","267":";","268":"I","269":"A","270":"C","271":"D","272":",","273":"Q","274":"A","275":"A","276":"Q","277":",","278":"E","279":"A","280":"A","281":"E","282":";","283":"M","284":"A","285":"C","286":"R","287":",","288":"I","289":"A","290":"A","291":"I","292":",","293":"E","294":"A","295":"A","296":"E","297":",","298":"M","299":"A","300":"A","301":"M","302":";","303":"M","304":"A","305":"C","306":"Z","307":",","308":"Q","309":"A","310":"A","311":"Q","312":",","313":"E","314":"A","315":"A","316":"E","317":";","318":"K","319":"A","320":"C","321":"X","322":";","323":"I","324":"A","325":"C","326":"D","327":",","328":"W","329":"A","330":"A","331":"W","332":",","333":"E","334":"A","335":"A","336":"E","337":";","338":"M","339":"A","340":"C","341":"X","342":",","343":"I","344":"A","345":"A","346":"I","347":",","348":"E","349":"A","350":"A","351":"E","352":",","353":"M","354":"A","355":"A","356":"M","357":";","358":"M","359":"A","360":"C","361":"Z","362":",","363":"Q","364":"A","365":"A","366":"Q","367":",","368":"E","369":"A","370":"A","371":"E","372":";","373":"K","374":"A","375":"C","376":"X","377":";","378":"I","379":"A","380":"C","381":"D","382":",","383":"K","384":"A","385":"A","386":"K","387":",","388":"E","389":"A","390":"A","391":"E","392":";","393":"M","394":"A","395":"C","396":"L","397":",","398":"I","399":"A","400":"A","401":"I","402":",","403":"E","404":"A","405":"A","406":"E","407":",","408":"M","409":"A","410":"A","411":"M","412":";","413":"M","414":"A","415":"C","416":"Z","417":",","418":"O","419":"A","420":"A","421":"O","422":",","423":"E","424":"A","425":"A","426":"E","427":";","428":";","429":"G","430":"A","431":"E","432":"Z","433":";","434":"E","435":"A","436":"C","437":"D","438":",","439":"K","440":"A","441":"A","442":"K","443":",","444":"E","445":"A","446":"A","447":"E","448":",","449":"C","450":"A","451":"A","452":"C","453":",","454":"O","455":"A","456":"A","457":"O","458":",","459":"E","460":"A","461":"A","462":"E","463":",","464":"M","465":"A","466":"A","467":"M","468":",","469":"C","470":"A","471":"A","472":"C","473":";","474":"E","475":"A","476":"C","477":"x","478":"B","479":",","480":"K","481":"A","482":"A","483":"K","484":",","485":"Y","486":"A","487":"A","488":"C","489":",","490":"K","491":"A","492":"A","493":"K","494":",","495":"E","496":"A","497":"A","498":"E","499":",","500":"E","501":"A","502":"A","503":"Q","504":";","505":"Q","506":"A","507":"A","508":"N","509":",","510":"I","511":"A","512":"A","513":"I","514":";","515":"I","516":"A","517":"C","518":"j","519":"B","520":",","521":"I","522":"A","523":"A","524":"M","525":",","526":"S","527":"A","528":"A","529":"S","530":",","531":"G","532":"A","533":"A","534":"G","535":",","536":"a","537":"A","538":"A","539":"G","540":",","541":"E","542":"A","543":"A","544":"q","545":"B","546":",","547":"I","548":"A","549":"A","550":"I","551":",","552":"C","553":"A","554":"A","555":"C","556":";","557":"I","558":"A","559":"C","560":"/","561":"C","562":",","563":"I","564":"A","565":"A","566":"M","567":",","568":"g","569":"B","570":"A","571":"A","572":"g","573":"B","574":",","575":"G","576":"A","577":"A","578":"G","579":",","580":"a","581":"A","582":"A","583":"G","584":",","585":"E","586":"A","587":"A","588":"q","589":"B","590":",","591":"I","592":"A","593":"A","594":"I","595":",","596":"C","597":"A","598":"A","599":"C","600":";","601":"I","602":"A","603":"C","604":"t","605":"D","606":",","607":"I","608":"A","609":"A","610":"M","611":",","612":"M","613":"A","614":"A","615":"M","616":",","617":"G","618":"A","619":"A","620":"G","621":",","622":"a","623":"A","624":"A","625":"G","626":",","627":"E","628":"A","629":"A","630":"C","631":",","632":"K","633":"A","634":"A","635":"K","636":",","637":"C","638":"A","639":"A","640":"C","641":";","642":"I","643":"A","644":"E","645":"z","646":"B","647":",","648":"I","649":"A","650":"A","651":"M","652":",","653":"U","654":"A","655":"A","656":"U","657":",","658":"G","659":"A","660":"A","661":"G","662":";","663":"M","664":"A","665":"C","666":"j","667":"B","668":",","669":"I","670":"A","671":"A","672":"I","673":",","674":"C","675":"A","676":"A","677":"C","678":",","679":"O","680":"A","681":"A","682":"O","683":",","684":"C","685":"A","686":"A","687":"C","688":";","689":"I","690":"A","691":"C","692":"f","693":",","694":"C","695":"A","696":"A","697":"C","698":";","699":"I","700":"A","701":"E","702":"D","703":";","704":"I","705":"A","706":"C","707":"A","708":",","709":"I","710":"A","711":"A","712":"M","713":",","714":"Y","715":"A","716":"A","717":"Y","718":",","719":"G","720":"A","721":"A","722":"G","723":",","724":"U","725":"A","726":"A","727":"C","728":",","729":"I","730":"A","731":"A","732":"Y","733":";","734":"M","735":"A","736":"C","737":"h","738":"C","739":",","740":"I","741":"A","742":"A","743":"I","744":",","745":"C","746":"A","747":"A","748":"C","749":",","750":"I","751":"A","752":"A","753":"I","754":",","755":"E","756":"A","757":"A","758":"E","759":",","760":"O","761":"A","762":"A","763":"O","764":",","765":"E","766":"A","767":"A","768":"E","769":";","770":"M","771":"A","772":"C","773":"p","774":"B","775":",","776":"I","777":"A","778":"A","779":"M","780":",","781":"S","782":"A","783":"A","784":"S","785":",","786":"G","787":"A","788":"A","789":"G","790":",","791":"E","792":"A","793":"A","794":"E","795":";","796":"M","797":"A","798":"C","799":"p","800":"B","801":",","802":"I","803":"A","804":"A","805":"I","806":",","807":"I","808":"A","809":"A","810":"I","811":",","812":"C","813":"A","814":"A","815":"C","816":",","817":"M","818":"A","819":"A","820":"M","821":",","822":"I","823":"A","824":"A","825":"I","826":",","827":"S","828":"A","829":"A","830":"S","831":",","832":"E","833":"A","834":"A","835":"E","836":",","837":"O","838":"A","839":"A","840":"O","841":",","842":"I","843":"A","844":"A","845":"I","846":";","847":"M","848":"A","849":"C","850":"z","851":"C","852":",","853":"I","854":"A","855":"A","856":"M","857":",","858":"K","859":"A","860":"A","861":"K","862":",","863":"G","864":"A","865":"A","866":"G","867":",","868":"I","869":"A","870":"A","871":"I","872":",","873":"C","874":"A","875":"A","876":"C","877":",","878":"K","879":"A","880":"A","881":"K","882":",","883":"C","884":"A","885":"A","886":"C","887":",","888":"G","889":"A","890":"A","891":"G","892":",","893":"C","894":"A","895":"A","896":"C","897":";","898":"M","899":"A","900":"C","901":"7","902":"B","903":",","904":"I","905":"A","906":"A","907":"I","908":",","909":"K","910":"A","911":"A","912":"K","913":",","914":"C","915":"A","916":"A","917":"C","918":",","919":"M","920":"A","921":"A","922":"M","923":",","924":"G","925":"A","926":"A","927":"G","928":",","929":"C","930":"A","931":"A","932":"C","933":",","934":"E","935":"A","936":"A","937":"E","938":";","939":"Q","940":"A","941":"C","942":"p","943":"B","944":",","945":"O","946":"A","947":"A","948":"O","949":",","950":"K","951":"A","952":"A","953":"K","954":",","955":"G","956":"A","957":"A","958":"G","959":",","960":"K","961":"A","962":"A","963":"K","964":",","965":"C","966":"A","967":"A","968":"C","969":",","970":"K","971":"A","972":"A","973":"K","974":",","975":"C","976":"A","977":"A","978":"C","979":",","980":"C","981":"A","982":"A","983":"C","984":",","985":"C","986":"A","987":"A","988":"C","989":",","990":"C","991":"A","992":"A","993":"C","994":",","995":"C","996":"A","997":"A","998":"C","999":",","1000":"I","1001":"A","1002":"A","1003":"I","1004":",","1005":"C","1006":"A","1007":"A","1008":"C","1009":",","1010":"G","1011":"A","1012":"A","1013":"G","1014":",","1015":"C","1016":"A","1017":"A","1018":"C","1019":";","1020":";","1021":"M","1022":"A","1023":"E","1024":"1","1025":"C","1026":",","1027":"O","1028":"A","1029":"A","1030":"O","1031":",","1032":"I","1033":"A","1034":"A","1035":"I","1036":",","1037":"C","1038":"A","1039":"A","1040":"C","1041":",","1042":"S","1043":"A","1044":"A","1045":"S","1046":",","1047":"C","1048":"A","1049":"A","1050":"C","1051":",","1052":"I","1053":"A","1054":"A","1055":"I","1056":",","1057":"C","1058":"A","1059":"A","1060":"C","1061":",","1062":"M","1063":"A","1064":"A","1065":"M","1066":",","1067":"G","1068":"A","1069":"A","1070":"G","1071":",","1072":"S","1073":"A","1074":"A","1075":"S","1076":",","1077":"C","1078":"A","1079":"A","1080":"C","1081":";","1082":"I","1083":"A","1084":"C","1085":"h","1086":"D","1087":",","1088":"C","1089":"A","1090":"A","1091":"C","1092":";","1093":"I","1094":"A","1095":"E","1096":"D","1097":";","1098":"I","1099":"A","1100":"C","1101":"A","1102":",","1103":"I","1104":"A","1105":"A","1106":"M","1107":",","1108":"g","1109":"B","1110":"A","1111":"A","1112":"g","1113":"B","1114":",","1115":"G","1116":"A","1117":"A","1118":"G","1119":",","1120":"k","1121":"B","1122":"A","1123":"A","1124":"Q","1125":",","1126":"E","1127":"A","1128":"A","1129":"C","1130":";","1131":";","1132":"M","1133":"A","1134":"C","1135":"h","1136":"C","1137":",","1138":"I","1139":"A","1140":"A","1141":"I","1142":",","1143":"C","1144":"A","1145":"A","1146":"C","1147":",","1148":"K","1149":"A","1150":"A","1151":"K","1152":",","1153":"C","1154":"A","1155":"A","1156":"C","1157":",","1158":"Q","1159":"A","1160":"A","1161":"Q","1162":",","1163":"E","1164":"A","1165":"A","1166":"E","1167":",","1168":"O","1169":"A","1170":"A","1171":"O","1172":",","1173":"M","1174":"A","1175":"A","1176":"M","1177":";","1178":"M","1179":"A","1180":"C","1181":"l","1182":"C","1183":",","1184":"I","1185":"A","1186":"A","1187":"M","1188":",","1189":"G","1190":"A","1191":"A","1192":"G","1193":",","1194":"G","1195":"A","1196":"A","1197":"G","1198":",","1199":"Y","1200":"A","1201":"A","1202":"K","1203":",","1204":"C","1205":"A","1206":"A","1207":"C","1208":",","1209":"Q","1210":"A","1211":"A","1212":"Q","1213":",","1214":"C","1215":"A","1216":"A","1217":"C","1218":",","1219":"K","1220":"A","1221":"A","1222":"K","1223":",","1224":"C","1225":"A","1226":"A","1227":"C","1228":",","1229":"G","1230":"A","1231":"A","1232":"G","1233":",","1234":"C","1235":"A","1236":"A","1237":"C","1238":",","1239":"C","1240":"A","1241":"A","1242":"C","1243":",","1244":"G","1245":"A","1246":"A","1247":"G","1248":",","1249":"E","1250":"A","1251":"A","1252":"E","1253":",","1254":"0","1255":"C","1256":"A","1257":"A","1258":"E","1259":",","1260":"W","1261":"A","1262":"A","1263":"W","1264":",","1265":"E","1266":"A","1267":"A","1268":"E","1269":",","1270":"K","1271":"A","1272":"A","1273":"I","1274":",","1275":"E","1276":"A","1277":"A","1278":"E","1279":";","1280":"M","1281":"A","1282":"C","1283":"h","1284":"E","1285":",","1286":"I","1287":"A","1288":"A","1289":"M","1290":",","1291":"S","1292":"A","1293":"A","1294":"S","1295":",","1296":"G","1297":"A","1298":"A","1299":"2","1300":"B","1301":";","1302":"Q","1303":"A","1304":"C","1305":"x","1306":"C","1307":",","1308":"I","1309":"A","1310":"A","1311":"I","1312":",","1313":"E","1314":"A","1315":"A","1316":"E","1317":",","1318":"I","1319":"A","1320":"A","1321":"I","1322":";","1323":"Q","1324":"A","1325":"C","1326":"V","1327":",","1328":"I","1329":"A","1330":"A","1331":"I","1332":",","1333":"E","1334":"A","1335":"A","1336":"E","1337":",","1338":"Y","1339":"A","1340":"A","1341":"Y","1342":";","1343":"Q","1344":"A","1345":"C","1346":"l","1347":"B","1348":",","1349":"I","1350":"A","1351":"A","1352":"I","1353":",","1354":"E","1355":"A","1356":"A","1357":"E","1358":",","1359":"Y","1360":"A","1361":"A","1362":"Y","1363":";","1364":"Q","1365":"A","1366":"C","1367":"l","1368":"B","1369":",","1370":"M","1371":"A","1372":"A","1373":"M","1374":",","1375":"E","1376":"A","1377":"A","1378":"E","1379":",","1380":"M","1381":"A","1382":"A","1383":"M","1384":";","1385":"Q","1386":"A","1387":"C","1388":"d","1389":",","1390":"I","1391":"A","1392":"A","1393":"I","1394":",","1395":"E","1396":"A","1397":"A","1398":"E","1399":",","1400":"Q","1401":"A","1402":"A","1403":"Q","1404":";","1405":"Q","1406":"A","1407":"C","1408":"d","1409":",","1410":"I","1411":"A","1412":"A","1413":"I","1414":",","1415":"E","1416":"A","1417":"A","1418":"E","1419":",","1420":"M","1421":"A","1422":"A","1423":"M","1424":";","1425":"Q","1426":"A","1427":"C","1428":"Z","1429":",","1430":"K","1431":"A","1432":"A","1433":"K","1434":",","1435":"E","1436":"A","1437":"A","1438":"E","1439":",","1440":"K","1441":"A","1442":"A","1443":"K","1444":";","1445":"Q","1446":"A","1447":"C","1448":"Z","1449":",","1450":"K","1451":"A","1452":"A","1453":"K","1454":",","1455":"E","1456":"A","1457":"A","1458":"E","1459":",","1460":"K","1461":"A","1462":"A","1463":"K","1464":";","1465":"Q","1466":"A","1467":"C","1468":"Z","1469":",","1470":"K","1471":"A","1472":"A","1473":"K","1474":",","1475":"E","1476":"A","1477":"A","1478":"E","1479":",","1480":"K","1481":"A","1482":"A","1483":"K","1484":";","1485":"Q","1486":"A","1487":"C","1488":"Z","1489":",","1490":"G","1491":"A","1492":"A","1493":"G","1494":",","1495":"E","1496":"A","1497":"A","1498":"E","1499":",","1500":"G","1501":"A","1502":"A","1503":"G","1504":";","1505":"Q","1506":"A","1507":"C","1508":"R","1509":",","1510":"G","1511":"A","1512":"A","1513":"G","1514":",","1515":"E","1516":"A","1517":"A","1518":"E","1519":",","1520":"G","1521":"A","1522":"A","1523":"G","1524":";","1525":"Q","1526":"A","1527":"C","1528":"R","1529":",","1530":"M","1531":"A","1532":"A","1533":"M","1534":",","1535":"E","1536":"A","1537":"A","1538":"E","1539":",","1540":"M","1541":"A","1542":"A","1543":"M","1544":";","1545":"Q","1546":"A","1547":"C","1548":"d","1549":",","1550":"K","1551":"A","1552":"A","1553":"K","1554":",","1555":"E","1556":"A","1557":"A","1558":"E","1559":",","1560":"M","1561":"A","1562":"A","1563":"M","1564":";","1565":"Q","1566":"A","1567":"C","1568":"b","1569":",","1570":"K","1571":"A","1572":"A","1573":"K","1574":",","1575":"E","1576":"A","1577":"A","1578":"E","1579":",","1580":"K","1581":"A","1582":"A","1583":"K","1584":";","1585":"Q","1586":"A","1587":"C","1588":"Z","1589":",","1590":"K","1591":"A","1592":"A","1593":"K","1594":",","1595":"E","1596":"A","1597":"A","1598":"E","1599":",","1600":"K","1601":"A","1602":"A","1603":"K","1604":";","1605":"Q","1606":"A","1607":"C","1608":"Z","1609":",","1610":"M","1611":"A","1612":"A","1613":"M","1614":",","1615":"E","1616":"A","1617":"A","1618":"E","1619":",","1620":"M","1621":"A","1622":"A","1623":"M","1624":";","1625":"Q","1626":"A","1627":"C","1628":"d","1629":",","1630":"M","1631":"A","1632":"A","1633":"M","1634":",","1635":"E","1636":"A","1637":"A","1638":"E","1639":",","1640":"M","1641":"A","1642":"A","1643":"M","1644":";","1645":"Q","1646":"A","1647":"C","1648":"d","1649":",","1650":"M","1651":"A","1652":"A","1653":"M","1654":",","1655":"E","1656":"A","1657":"A","1658":"E","1659":",","1660":"M","1661":"A","1662":"A","1663":"M","1664":";","1665":"Q","1666":"A","1667":"C","1668":"d","1669":",","1670":"M","1671":"A","1672":"A","1673":"M","1674":",","1675":"E","1676":"A","1677":"A","1678":"E","1679":",","1680":"M","1681":"A","1682":"A","1683":"M","1684":";","1685":"Q","1686":"A","1687":"C","1688":"d","1689":",","1690":"K","1691":"A","1692":"A","1693":"K","1694":",","1695":"E","1696":"A","1697":"A","1698":"E","1699":",","1700":"M","1701":"A","1702":"A","1703":"M","1704":";","1705":"Q","1706":"A","1707":"C","1708":"b","1709":",","1710":"I","1711":"A","1712":"A","1713":"I","1714":",","1715":"E","1716":"A","1717":"A","1718":"E","1719":",","1720":"U","1721":"A","1722":"A","1723":"U","1724":";","1725":"Q","1726":"A","1727":"C","1728":"h","1729":"B","1730":",","1731":"K","1732":"A","1733":"A","1734":"K","1735":",","1736":"E","1737":"A","1738":"A","1739":"E","1740":",","1741":"K","1742":"A","1743":"A","1744":"K","1745":";","1746":"Q","1747":"A","1748":"C","1749":"Z","1750":",","1751":"I","1752":"A","1753":"A","1754":"I","1755":",","1756":"E","1757":"A","1758":"A","1759":"E","1760":",","1761":"M","1762":"A","1763":"A","1764":"M","1765":";","1766":"Q","1767":"A","1768":"C","1769":"Z","1770":",","1771":"M","1772":"A","1773":"A","1774":"M","1775":",","1776":"E","1777":"A","1778":"A","1779":"E","1780":",","1781":"M","1782":"A","1783":"A","1784":"M","1785":";","1786":"Q","1787":"A","1788":"C","1789":"d","1790":",","1791":"I","1792":"A","1793":"A","1794":"I","1795":",","1796":"E","1797":"A","1798":"A","1799":"E","1800":",","1801":"M","1802":"A","1803":"A","1804":"M","1805":";","1806":"Q","1807":"A","1808":"C","1809":"Z","1810":",","1811":"O","1812":"A","1813":"A","1814":"O","1815":",","1816":"E","1817":"A","1818":"A","1819":"E","1820":",","1821":"O","1822":"A","1823":"A","1824":"O","1825":";","1826":"Q","1827":"A","1828":"C","1829":"h","1830":"B","1831":",","1832":"I","1833":"A","1834":"A","1835":"I","1836":",","1837":"E","1838":"A","1839":"A","1840":"E","1841":",","1842":"Q","1843":"A","1844":"A","1845":"Q","1846":";","1847":"Q","1848":"A","1849":"C","1850":"d","1851":",","1852":"O","1853":"A","1854":"A","1855":"O","1856":",","1857":"E","1858":"A","1859":"A","1860":"E","1861":",","1862":"O","1863":"A","1864":"A","1865":"O","1866":";","1867":"Q","1868":"A","1869":"C","1870":"h","1871":"B","1872":",","1873":"M","1874":"A","1875":"A","1876":"M","1877":",","1878":"E","1879":"A","1880":"A","1881":"E","1882":",","1883":"M","1884":"A","1885":"A","1886":"M","1887":";","1888":"Q","1889":"A","1890":"C","1891":"d","1892":",","1893":"K","1894":"A","1895":"A","1896":"K","1897":",","1898":"E","1899":"A","1900":"A","1901":"E","1902":",","1903":"K","1904":"A","1905":"A","1906":"K","1907":";","1908":"Q","1909":"A","1910":"C","1911":"Z","1912":",","1913":"I","1914":"A","1915":"A","1916":"I","1917":",","1918":"E","1919":"A","1920":"A","1921":"E","1922":",","1923":"M","1924":"A","1925":"A","1926":"M","1927":";","1928":"Q","1929":"A","1930":"C","1931":"Z","1932":",","1933":"G","1934":"A","1935":"A","1936":"G","1937":",","1938":"E","1939":"A","1940":"A","1941":"E","1942":",","1943":"G","1944":"A","1945":"A","1946":"G","1947":";","1948":"Q","1949":"A","1950":"C","1951":"R","1952":",","1953":"Q","1954":"A","1955":"A","1956":"Q","1957":",","1958":"E","1959":"A","1960":"A","1961":"E","1962":",","1963":"c","1964":"A","1965":"A","1966":"c","1967":";","1968":"Q","1969":"A","1970":"C","1971":"x","1972":"B","1973":",","1974":"K","1975":"A","1976":"A","1977":"K","1978":",","1979":"E","1980":"A","1981":"A","1982":"E","1983":",","1984":"K","1985":"A","1986":"A","1987":"K","1988":";","1989":"Q","1990":"A","1991":"C","1992":"Z","1993":",","1994":"K","1995":"A","1996":"A","1997":"K","1998":",","1999":"E","2000":"A","2001":"A","2002":"E","2003":",","2004":"K","2005":"A","2006":"A","2007":"K","2008":";","2009":"Q","2010":"A","2011":"C","2012":"Z","2013":",","2014":"K","2015":"A","2016":"A","2017":"K","2018":",","2019":"E","2020":"A","2021":"A","2022":"E","2023":";","2024":"O","2025":"A","2026":"C","2027":"R","2028":";","2029":"M","2030":"A","2031":"C","2032":"D","2033":",","2034":"O","2035":"A","2036":"A","2037":"O","2038":",","2039":"S","2040":"A","2041":"A","2042":"S","2043":",","2044":"C","2045":"A","2046":"A","2047":"C","2048":",","2049":"G","2050":"A","2051":"A","2052":"G","2053":",","2054":"C","2055":"A","2056":"A","2057":"C","2058":",","2059":"I","2060":"A","2061":"A","2062":"I","2063":",","2064":"M","2065":"A","2066":"A","2067":"M","2068":";","2069":"I","2070":"A","2071":"C","2072":"j","2073":"C","2074":",","2075":"C","2076":"A","2077":"A","2078":"C","2079":",","2080":"C","2081":"A","2082":"A","2083":"C","2084":";","2085":"I","2086":"A","2087":"E","2088":"F","2089":";","2090":"I","2091":"A","2092":"C","2093":"A","2094":",","2095":"I","2096":"A","2097":"A","2098":"M","2099":",","2100":"U","2101":"A","2102":"A","2103":"U","2104":",","2105":"G","2106":"A","2107":"A","2108":"G","2109":",","2110":"k","2111":"B","2112":"A","2113":"A","2114":"Q","2115":",","2116":"E","2117":"A","2118":"A","2119":"C","2120":";","2121":"M","2122":"A","2123":"C","2124":"1","2125":"B","2126":",","2127":"I","2128":"A","2129":"A","2130":"I","2131":",","2132":"C","2133":"A","2134":"A","2135":"C","2136":",","2137":"K","2138":"A","2139":"A","2140":"K","2141":",","2142":"C","2143":"A","2144":"A","2145":"C","2146":",","2147":"W","2148":"A","2149":"A","2150":"W","2151":",","2152":"E","2153":"A","2154":"A","2155":"E","2156":",","2157":"O","2158":"A","2159":"A","2160":"O","2161":",","2162":"C","2163":"A","2164":"A","2165":"C","2166":";","2167":"M","2168":"A","2169":"C","2170":"h","2171":"C","2172":",","2173":"O","2174":"A","2175":"A","2176":"O","2177":",","2178":"K","2179":"A","2180":"A","2181":"K","2182":",","2183":"C","2184":"A","2185":"A","2186":"C","2187":",","2188":"W","2189":"A","2190":"A","2191":"W","2192":",","2193":"C","2194":"A","2195":"A","2196":"C","2197":",","2198":"K","2199":"A","2200":"A","2201":"K","2202":",","2203":"C","2204":"A","2205":"A","2206":"C","2207":",","2208":"I","2209":"A","2210":"A","2211":"I","2212":",","2213":"C","2214":"A","2215":"A","2216":"C","2217":",","2218":"C","2219":"A","2220":"A","2221":"C","2222":",","2223":"M","2224":"A","2225":"A","2226":"M","2227":";","2228":"I","2229":"A","2230":"C","2231":"7","2232":"C","2233":",","2234":"C","2235":"A","2236":"A","2237":"C","2238":",","2239":"C","2240":"A","2241":"A","2242":"C","2243":";","2244":"I","2245":"A","2246":"E","2247":"F","2248":";","2249":"I","2250":"A","2251":"C","2252":"A","2253":",","2254":"I","2255":"A","2256":"A","2257":"M","2258":",","2259":"e","2260":"A","2261":"A","2262":"e","2263":",","2264":"G","2265":"A","2266":"A","2267":"G","2268":",","2269":"k","2270":"B","2271":"A","2272":"A","2273":"Q","2274":",","2275":"E","2276":"A","2277":"A","2278":"C","2279":";","2280":"M","2281":"A","2282":"C","2283":"/","2284":"B","2285":",","2286":"I","2287":"A","2288":"A","2289":"I","2290":",","2291":"C","2292":"A","2293":"A","2294":"C","2295":",","2296":"K","2297":"A","2298":"A","2299":"K","2300":",","2301":"C","2302":"A","2303":"A","2304":"C","2305":",","2306":"W","2307":"A","2308":"A","2309":"W","2310":",","2311":"E","2312":"A","2313":"A","2314":"E","2315":",","2316":"O","2317":"A","2318":"A","2319":"O","2320":",","2321":"E","2322":"A","2323":"A","2324":"E","2325":";","2326":"M","2327":"A","2328":"E","2329":"j","2330":"C","2331":";","2332":"M","2333":"A","2334":"C","2335":"A","2336":",","2337":"I","2338":"A","2339":"A","2340":"M","2341":",","2342":"Q","2343":"A","2344":"A","2345":"Q","2346":",","2347":"G","2348":"A","2349":"A","2350":"G","2351":",","2352":"g","2353":"B","2354":"A","2355":"A","2356":"g","2357":"B","2358":",","2359":"C","2360":"A","2361":"A","2362":"C","2363":",","2364":"K","2365":"A","2366":"A","2367":"K","2368":";","2369":"M","2370":"A","2371":"C","2372":"v","2373":"C","2374":",","2375":"I","2376":"A","2377":"A","2378":"I","2379":",","2380":"e","2381":"A","2382":"A","2383":"e","2384":",","2385":"G","2386":"A","2387":"A","2388":"G","2389":",","2390":"s","2391":"B","2392":"A","2393":"A","2394":"I","2395":",","2396":"C","2397":"A","2398":"A","2399":"C","2400":",","2401":"S","2402":"A","2403":"A","2404":"S","2405":",","2406":"C","2407":"A","2408":"A","2409":"C","2410":",","2411":"K","2412":"A","2413":"A","2414":"K","2415":",","2416":"C","2417":"A","2418":"A","2419":"C","2420":",","2421":"W","2422":"A","2423":"A","2424":"W","2425":",","2426":"E","2427":"A","2428":"A","2429":"E","2430":";","2431":"Q","2432":"A","2433":"A","2434":"E","2435":",","2436":"Q","2437":"A","2438":"A","2439":"Q","2440":",","2441":"E","2442":"A","2443":"A","2444":"E","2445":";","2446":"M","2447":"A","2448":"A","2449":"Q","2450":",","2451":"C","2452":"A","2453":"A","2454":"E","2455":",","2456":"C","2457":"A","2458":"A","2459":"C","2460":",","2461":"C","2462":"A","2463":"A","2464":"C","2465":",","2466":"K","2467":"A","2468":"A","2469":"K","2470":";","2471":"M","2472":"A","2473":"E","2474":"r","2475":"F","2476":";","2477":"M","2478":"A","2479":"C","2480":"A","2481":",","2482":"I","2483":"A","2484":"A","2485":"M","2486":",","2487":"K","2488":"A","2489":"A","2490":"K","2491":",","2492":"G","2493":"A","2494":"A","2495":"G","2496":",","2497":"e","2498":"A","2499":"A","2500":"e","2501":",","2502":"C","2503":"A","2504":"A","2505":"C","2506":",","2507":"K","2508":"A","2509":"A","2510":"K","2511":",","251
[...]
66,"column":49},"end":{"line":71,"column":3}}},"4":{"name":"(anonymous_4)","decl":{"start":{"line":68,"column":32},"end":{"line":68,"column":33}},"loc":{"start":{"line":68,"column":42},"end":{"line":70,"column":5}}},"5":{"name":"(anonymous_5)","decl":{"start":{"line":77,"column":26},"end":{"line":77,"column":31}},"loc":{"start":{"line":77,"column":37},"end":{"line":115,"column":3}}},"6":{"name":"(anonymous_6)","decl":{"start":{"line":122,"column":21},"end":{"line":122,"column":26}},"loc":{"start":{"line":122,"column":32},"end":{"line":288,"column":3}}},"7":{"name":"(anonymous_7)","decl":{"start":{"line":204,"column":38},"end":{"line":204,"column":39}},"loc":{"start":{"line":204,"column":45},"end":{"line":204,"column":57}}},"8":{"name":"(anonymous_8)","decl":{"start":{"line":212,"column":8},"end":{"line":212,"column":9}},"loc":{"start":{"line":212,"column":30},"end":{"line":229,"column":9}}},"9":{"name":"(anonymous_9)","decl":{"start":{"line":258,"column":8},"end":{"line":258,"column":9}},"loc":{"start":{"line":259,"column":10},"end":{"line":259,"column":79}}},"10":{"name":"(anonymous_10)","decl":{"start":{"line":274,"column":17},"end":{"line":274,"column":20}},"loc":{"start":{"line":274,"column":22},"end":{"line":276,"column":7}}},"11":{"name":"(anonymous_11)","decl":{"start":{"line":296,"column":25},"end":{"line":296,"column":26}},"loc":{"start":{"line":296,"column":54},"end":{"line":321,"column":3}}},"12":{"name":"(anonymous_12)","decl":{"start":{"line":330,"column":25},"end":{"line":330,"column":26}},"loc":{"start":{"line":330,"column":65},"end":{"line":365,"column":3}}},"13":{"name":"(anonymous_13)","decl":{"start":{"line":371,"column":26},"end":{"line":371,"column":31}},"loc":{"start":{"line":371,"column":49},"end":{"line":402,"column":3}}},"14":{"name":"(anonymous_14)","decl":{"start":{"line":409,"column":27},"end":{"line":409,"column":32}},"loc":{"start":{"line":409,"column":54},"end":{"line":426,"column":3}}}},"branchMap":{"0":{"loc":{"start":{"line":14,"column":4},"end":{"line":16,"column":null}},"type":"if","locations":[{"start":{"line":14,"column":4},"end":{"line":16,"column":null}}]},"1":{"loc":{"start":{"line":67,"column":4},"end":{"line":67,"column":24}},"type":"if","locations":[{"start":{"line":67,"column":4},"end":{"line":67,"column":24}}]},"2":{"loc":{"start":{"line":69,"column":13},"end":{"line":69,"column":44}},"type":"cond-expr","locations":[{"start":{"line":69,"column":29},"end":{"line":69,"column":35}},{"start":{"line":69,"column":38},"end":{"line":69,"column":44}}]},"3":{"loc":{"start":{"line":83,"column":6},"end":{"line":89,"column":null}},"type":"if","locations":[{"start":{"line":83,"column":6},"end":{"line":89,"column":null}},{"start":{"line":86,"column":13},"end":{"line":89,"column":null}}]},"4":{"loc":{"start":{"line":83,"column":10},"end":{"line":83,"column":56}},"type":"binary-expr","locations":[{"start":{"line":83,"column":10},"end":{"line":83,"column":21}},{"start":{"line":83,"column":25},"end":{"line":83,"column":56}}]},"5":{"loc":{"start":{"line":86,"column":13},"end":{"line":89,"column":null}},"type":"if","locations":[{"start":{"line":86,"column":13},"end":{"line":89,"column":null}}]},"6":{"loc":{"start":{"line":97,"column":6},"end":{"line":110,"column":null}},"type":"if","locations":[{"start":{"line":97,"column":6},"end":{"line":110,"column":null}}]},"7":{"loc":{"start":{"line":97,"column":10},"end":{"line":97,"column":66}},"type":"binary-expr","locations":[{"start":{"line":97,"column":10},"end":{"line":97,"column":15}},{"start":{"line":97,"column":19},"end":{"line":97,"column":44}},{"start":{"line":97,"column":48},"end":{"line":97,"column":66}}]},"8":{"loc":{"start":{"line":98,"column":26},"end":{"line":98,"column":66}},"type":"binary-expr","locations":[{"start":{"line":98,"column":26},"end":{"line":98,"column":49}},{"start":{"line":98,"column":53},"end":{"line":98,"column":66}}]},"9":{"loc":{"start":{"line":101,"column":8},"end":{"line":109,"column":null}},"type":"if","locations":[{"start":{"line":101,"column":8},"end":{"line":109,"column":null}},{"start":{"line":104,"column":15},"end":{"line":109,"column":null}}]},"10":{"loc":{"start":{"line":104,"column":15},"end":{"line":109,"column":null}},"type":"if","locations":[{"start":{"line":104,"column":15},"end":{"line":109,"column":null}},{"start":{"line":107,"column":15},"end":{"line":109,"column":null}}]},"11":{"loc":{"start":{"line":127,"column":4},"end":{"line":131,"column":null}},"type":"if","locations":[{"start":{"line":127,"column":4},"end":{"line":131,"column":null}}]},"12":{"loc":{"start":{"line":133,"column":4},"end":{"line":137,"column":null}},"type":"if","locations":[{"start":{"line":133,"column":4},"end":{"line":137,"column":null}}]},"13":{"loc":{"start":{"line":140,"column":4},"end":{"line":145,"column":null}},"type":"if","locations":[{"start":{"line":140,"column":4},"end":{"line":145,"column":null}}]},"14":{"loc":{"start":{"line":140,"column":8},"end":{"line":140,"column":68}},"type":"binary-expr","locations":[{"start":{"line":140,"column":8},"end":{"line":140,"column":44}},{"start":{"line":140,"column":48},"end":{"line":140,"column":68}}]},"15":{"loc":{"start":{"line":147,"column":4},"end":{"line":152,"column":null}},"type":"if","locations":[{"start":{"line":147,"column":4},"end":{"line":152,"column":null}}]},"16":{"loc":{"start":{"line":147,"column":8},"end":{"line":147,"column":68}},"type":"binary-expr","locations":[{"start":{"line":147,"column":8},"end":{"line":147,"column":44}},{"start":{"line":147,"column":48},"end":{"line":147,"column":68}}]},"17":{"loc":{"start":{"line":154,"column":4},"end":{"line":159,"column":null}},"type":"if","locations":[{"start":{"line":154,"column":4},"end":{"line":159,"column":null}}]},"18":{"loc":{"start":{"line":154,"column":8},"end":{"line":154,"column":67}},"type":"binary-expr","locations":[{"start":{"line":154,"column":8},"end":{"line":154,"column":43}},{"start":{"line":154,"column":47},"end":{"line":154,"column":67}}]},"19":{"loc":{"start":{"line":178,"column":4},"end":{"line":189,"column":null}},"type":"if","locations":[{"start":{"line":178,"column":4},"end":{"line":189,"column":null}}]},"20":{"loc":{"start":{"line":183,"column":52},"end":{"line":183,"column":80}},"type":"binary-expr","locations":[{"start":{"line":183,"column":52},"end":{"line":183,"column":61}},{"start":{"line":183,"column":65},"end":{"line":183,"column":80}}]},"21":{"loc":{"start":{"line":184,"column":39},"end":{"line":184,"column":67}},"type":"binary-expr","locations":[{"start":{"line":184,"column":39},"end":{"line":184,"column":48}},{"start":{"line":184,"column":52},"end":{"line":184,"column":67}}]},"22":{"loc":{"start":{"line":198,"column":19},"end":{"line":198,"column":55}},"type":"binary-expr","locations":[{"start":{"line":198,"column":19},"end":{"line":198,"column":43}},{"start":{"line":198,"column":47},"end":{"line":198,"column":55}}]},"23":{"loc":{"start":{"line":199,"column":19},"end":{"line":199,"column":48}},"type":"binary-expr","locations":[{"start":{"line":199,"column":19},"end":{"line":199,"column":43}},{"start":{"line":199,"column":47},"end":{"line":199,"column":48}}]},"24":{"loc":{"start":{"line":200,"column":18},"end":{"line":200,"column":49}},"type":"binary-expr","locations":[{"start":{"line":200,"column":18},"end":{"line":200,"column":41}},{"start":{"line":200,"column":45},"end":{"line":200,"column":49}}]},"25":{"loc":{"start":{"line":203,"column":23},"end":{"line":205,"column":12}},"type":"cond-expr","locations":[{"start":{"line":204,"column":10},"end":{"line":204,"column":58}},{"start":{"line":205,"column":10},"end":{"line":205,"column":12}}]},"26":{"loc":{"start":{"line":213,"column":10},"end":{"line":228,"column":null}},"type":"if","locations":[{"start":{"line":213,"column":10},"end":{"line":228,"column":null}}]},"27":{"loc":{"start":{"line":215,"column":30},"end":{"line":215,"column":62}},"type":"binary-expr","locations":[{"start":{"line":215,"column":30},"end":{"line":215,"column":57}},{"start":{"line":215,"column":61},"end":{"line":215,"column":62}}]},"28":{"loc":{"start":{"line":216,"column":26},"end":{"line":216,"column":54}},"type":"binary-expr","locations":[{"start":{"line":216,"column":26},"end":{"line":216,"column":49}},{"start":{"line":216,"column":53},"end":{"line":216,"column":54}}]},"29":{"loc":{"start":{"line":217,"column":27},"end":{"line":217,"column":57}},"type":"binary-expr","locations":[{"start":{"line":217,"column":27},"end":{"line":217,"column":51}},{"start":{"line":217,"column":55},"end":{"line":217,"column":57}}]},"30":{"loc":{"start":{"line":218,"column":28},"end":{"line":218,"column":58}},"type":"binary-expr","locations":[{"start":{"line":218,"column":28},"end":{"line":218,"column":53}},{"start":{"line":218,"column":57},"end":{"line":218,"column":58}}]},"31":{"loc":{"start":{"line":219,"column":22},"end":{"line":219,"column":47}},"type":"binary-expr","locations":[{"start":{"line":219,"column":22},"end":{"line":219,"column":41}},{"start":{"line":219,"column":45},"end":{"line":219,"column":47}}]},"32":{"loc":{"start":{"line":223,"column":12},"end":{"line":227,"column":null}},"type":"if","locations":[{"start":{"line":223,"column":12},"end":{"line":227,"column":null}},{"start":{"line":225,"column":19},"end":{"line":227,"column":null}}]},"33":{"loc":{"start":{"line":224,"column":58},"end":{"line":224,"column":90}},"type":"binary-expr","locations":[{"start":{"line":224,"column":58},"end":{"line":224,"column":85}},{"start":{"line":224,"column":89},"end":{"line":224,"column":90}}]},"34":{"loc":{"start":{"line":224,"column":97},"end":{"line":224,"column":125}},"type":"binary-expr","locations":[{"start":{"line":224,"column":97},"end":{"line":224,"column":120}},{"start":{"line":224,"column":124},"end":{"line":224,"column":125}}]},"35":{"loc":{"start":{"line":224,"column":142},"end":{"line":224,"column":172}},"type":"binary-expr","locations":[{"start":{"line":224,"column":142},"end":{"line":224,"column":167}},{"start":{"line":224,"column":171},"end":{"line":224,"column":172}}]},"36":{"loc":{"start":{"line":225,"column":19},"end":{"line":227,"column":null}},"type":"if","locations":[{"start":{"line":225,"column":19},"end":{"line":227,"column":null}}]},"37":{"loc":{"start":{"line":226,"column":63},"end":{"line":226,"column":95}},"type":"binary-expr","locations":[{"start":{"line":226,"column":63},"end":{"line":226,"column":90}},{"start":{"line":226,"column":94},"end":{"line":226,"column":95}}]},"38":{"loc":{"start":{"line":226,"column":112},"end":{"line":226,"column":142}},"type":"binary-expr","locations":[{"start":{"line":226,"column":112},"end":{"line":226,"column":137}},{"start":{"line":226,"column":141},"end":{"line":226,"column":142}}]},"39":{"loc":{"start":{"line":236,"column":31},"end":{"line":236,"column":79}},"type":"cond-expr","locations":[{"start":{"line":236,"column":56},"end":{"line":236,"column":63}},{"start":{"line":236,"column":66},"end":{"line":236,"column":79}}]},"40":{"loc":{"start":{"line":236,"column":66},"end":{"line":236,"column":79}},"type":"binary-expr","locations":[{"start":{"line":236,"column":66},"end":{"line":236,"column":73}},{"start":{"line":236,"column":77},"end":{"line":236,"column":79}}]},"41":{"loc":{"start":{"line":245,"column":8},"end":{"line":248,"column":30}},"type":"cond-expr","locations":[{"start":{"line":246,"column":12},"end":{"line":247,"column":55}},{"start":{"line":248,"column":12},"end":{"line":248,"column":30}}]},"42":{"loc":{"start":{"line":247,"column":13},"end":{"line":247,"column":54}},"type":"cond-expr","locations":[{"start":{"line":247,"column":37},"end":{"line":247,"column":49}},{"start":{"line":247,"column":52},"end":{"line":247,"column":54}}]},"43":{"loc":{"start":{"line":259,"column":12},"end":{"line":259,"column":78}},"type":"binary-expr","locations":[{"start":{"line":259,"column":12},"end":{"line":259,"column":39}},{"start":{"line":259,"column":43},"end":{"line":259,"column":78}}]},"44":{"loc":{"start":{"line":266,"column":6},"end":{"line":268,"column":null}},"type":"if","locations":[{"start":{"line":266,"column":6},"end":{"line":268,"column":null}}]},"45":{"loc":{"start":{"line":280,"column":34},"end":{"line":280,"column":75}},"type":"binary-expr","locations":[{"start":{"line":280,"column":34},"end":{"line":280,"column":47}},{"start":{"line":280,"column":51},"end":{"line":280,"column":75}}]},"46":{"loc":{"start":{"line":281,"column":19},"end":{"line":281,"column":60}},"type":"binary-expr","locations":[{"start":{"line":281,"column":19},"end":{"line":281,"column":32}},{"start":{"line":281,"column":36},"end":{"line":281,"column":60}}]},"47":{"loc":{"start":{"line":299,"column":6},"end":{"line":299,"column":63}},"type":"if","locations":[{"start":{"line":299,"column":6},"end":{"line":299,"column":63}}]},"48":{"loc":{"start":{"line":299,"column":10},"end":{"line":299,"column":51}},"type":"binary-expr","locations":[{"start":{"line":299,"column":10},"end":{"line":299,"column":19}},{"start":{"line":299,"column":23},"end":{"line":299,"column":51}}]},"49":{"loc":{"start":{"line":307,"column":6},"end":{"line":307,"column":37}},"type":"if","locations":[{"start":{"line":307,"column":6},"end":{"line":307,"column":37}}]},"50":{"loc":{"start":{"line":309,"column":24},"end":{"line":309,"column":71}},"type":"cond-expr","locations":[{"start":{"line":309,"column":43},"end":{"line":309,"column":66}},{"start":{"line":309,"column":69},"end":{"line":309,"column":71}}]},"51":{"loc":{"start":{"line":312,"column":6},"end":{"line":314,"column":null}},"type":"if","locations":[{"start":{"line":312,"column":6},"end":{"line":314,"column":null}}]},"52":{"loc":{"start":{"line":333,"column":6},"end":{"line":333,"column":55}},"type":"if","locations":[{"start":{"line":333,"column":6},"end":{"line":333,"column":55}}]},"53":{"loc":{"start":{"line":333,"column":10},"end":{"line":333,"column":43}},"type":"binary-expr","locations":[{"start":{"line":333,"column":10},"end":{"line":333,"column":15}},{"start":{"line":333,"column":19},"end":{"line":333,"column":43}}]},"54":{"loc":{"start":{"line":334,"column":6},"end":{"line":334,"column":59}},"type":"if","locations":[{"start":{"line":334,"column":6},"end":{"line":334,"column":59}}]},"55":{"loc":{"start":{"line":334,"column":10},"end":{"line":334,"column":45}},"type":"binary-expr","locations":[{"start":{"line":334,"column":10},"end":{"line":334,"column":16}},{"start":{"line":334,"column":20},"end":{"line":334,"column":45}}]},"56":{"loc":{"start":{"line":338,"column":8},"end":{"line":338,"column":74}},"type":"cond-expr","locations":[{"start":{"line":338,"column":53},"end":{"line":338,"column":66}},{"start":{"line":338,"column":69},"end":{"line":338,"column":74}}]},"57":{"loc":{"start":{"line":338,"column":8},"end":{"line":338,"column":50}},"type":"binary-expr","locations":[{"start":{"line":338,"column":8},"end":{"line":338,"column":12}},{"start":{"line":338,"column":16},"end":{"line":338,"column":50}}]},"58":{"loc":{"start":{"line":340,"column":8},"end":{"line":342,"column":17}},"type":"cond-expr","locations":[{"start":{"line":341,"column":12},"end":{"line":341,"column":30}},{"start":{"line":342,"column":12},"end":{"line":342,"column":17}}]},"59":{"loc":{"start":{"line":340,"column":8},"end":{"line":340,"column":55}},"type":"binary-expr","locations":[{"start":{"line":340,"column":8},"end":{"line":340,"column":12}},{"start":{"line":340,"column":16},"end":{"line":340,"column":55}}]},"60":{"loc":{"start":{"line":347,"column":6},"end":{"line":349,"column":null}},"type":"if","locations":[{"start":{"line":347,"column":6},"end":{"line":349,"column":null}}]},"61":{"loc":{"start":{"line":352,"column":6},"end":{"line":352,"column":37}},"type":"if","locations":[{"start":{"line":352,"column":6},"end":{"line":352,"column":37}}]},"62":{"loc":{"start":{"line":355,"column":20},"end":{"line":355,"column":46}},"type":"cond-expr","locations":[{"start":{"line":355,"column":36},"end":{"line":355,"column":39}},{"start":{"line":355,"column":42},"end":{"line":355,"column":46}}]},"63":{"loc":{"start":{"line":374,"column":6},"end":{"line":377,"column":null}},"type":"if","locations":[{"start":{"line":374,"column":6},"end":{"line":377,"column":null}}]},"64":{"loc":{"start":{"line":374,"column":10},"end":{"line":374,"column":43}},"type":"binary-expr","locations":[{"start":{"line":374,"column":10},"end":{"line":374,"column":15}},{"start":{"line":374,"column":19},"end":{"line":374,"column":43}}]},"65":{"loc":{"start":{"line":380,"column":6},"end":{"line":395,"column":null}},"type":"if","locations":[{"start":{"line":380,"column":6},"end":{"line":395,"column":null}},{"start":{"line":384,"column":13},"end":{"line":395,"column":null}}]},"66":{"loc":{"start":{"line":380,"column":10},"end":{"line":380,"column":55}},"type":"binary-expr","locations":[{"start":{"line":380,"column":10},"end":{"line":380,"column":29}},{"start":{"line":380,"column":33},"end":{"line":380,"column":55}}]},"67":{"loc":{"start":{"line":412,"column":6},"end":{"line":416,"column":null}},"type":"if","locations":[{"start":{"line":412,"column":6},"end":{"line":416,"column":null}}]},"68":{"loc":{"start":{"line":412,"column":10},"end":{"line":412,"column":51}},"type":"binary-expr","locations":[{"start":{"line":412,"column":10},"end":{"line":412,"column":19}},{"start":{"line":412,"column":23},"end":{"line":412,"column":51}}]},"69":{"loc":{"start":{"line":423,"column":57},"end":{"line":423,"column":92}},"type":"binary-expr","locations":[{"start":{"line":423,"column":57},"end":{"line":423,"column":70}},{"start":{"line":423,"column":74},"end":{"line":423,"column":92}}]},"70":{"loc":{"start":{"line":424,"column":41},"end":{"line":424,"column":76}},"type":"binary-expr","locations":[{"start":{"line":424,"column":41},"end":{"line":424,"column":54}},{"start":{"line":424,"column":58},"end":{"line":424,"column":76}}]}},"s":{"0":3,"1":3,"2":3,"3":3,"4":53,"5":53,"6":51,"7":3,"8":48,"9":2,"10":2,"11":3,"12":0,"13":0,"14":0,"15":53,"16":53,"17":12,"18":5,"19":7,"20":16,"21":53,"22":5,"23":5,"24":0,"25":0,"26":0,"27":0,"28":0,"29":5,"30":5,"31":5,"32":5,"33":5,"34":0,"35":5,"36":0,"37":5,"38":5,"39":5,"40":53,"41":35,"42":35,"43":3,"44":3,"45":3,"46":32,"47":3,"48":3,"49":3,"50":29,"51":4,"52":4,"53":4,"54":25,"55":3,"56":3,"57":3,"58":22,"59":3,"60":3,"61":3,"62":19,"63":19,"64":19,"65":19,"66":19,"67":19,"68":19,"69":19,"70":19,"71":1,"72":1,"73":1,"74":1,"75":1,"76":1,"77":1,"78":18,"79":8,"80":18,"81":18,"82":0,"83":0,"84":0,"85":0,"86":0,"87":0,"88":18,"89":0,"90":0,"91":0,"92":0,"93":0,"94":0,"95":0,"96":0,"97":0,"98":0,"99":0,"100":0,"101":0,"102":18,"103":18,"104":18,"105":18,"106":18,"107":18,"108":53,"109":20,"110":20,"111":6,"112":14,"113":14,"114":14,"115":14,"116":4,"117":10,"118":10,"119":7,"120":3,"121":0,"122":0,"123":53,"124":17,"125":17,"126":3,"127":14,"128":3,"129":11,"130":11,"131":11,"132":11,"133":8,"134":11,"135":0,"136":11,"137":11,"138":10,"139":1,"140":1,"141":53,"142":6,"143":6,"144":3,"145":3,"146":3,"147":0,"148":0,"149":3,"150":3,"151":3,"152":3,"153":3,"154":3,"155":3,"156":0,"157":0,"158":3,"159":3,"160":3,"161":53,"162":3,"163":3,"164":1,"165":1,"166":1,"167":2,"168":0,"169":2,"170":2,"171":2,"172":53,"173":3},"f":{"0":53,"1":0,"2":53,"3":12,"4":16,"5":5,"6":35,"7":8,"8":0,"9":0,"10":0,"11":20,"12":17,"13":6,"14":3},"b":{"0":[3],"1":[5],"2":[8,8],"3":[0,0],"4":[0,0],"5":[0],"6":[5],"7":[5,5,5],"8":[5,0],"9":[0,5],"10":[0,5],"11":[3],"12":[3],"13":[4],"14":[29,29],"15":[3],"16":[25,25],"17":[3],"18":[22,22],"19":[1],"20":[1,0],"21":[1,0],"22":[18,0],"23":[18,18],"24":[18,0],"25":[18,0],"26":[0],"27":[0,0],"28":[0,0],"29":[0,0],"30":[0,0],"31":[0,0],"32":[0,0],"33":[0,0],"34":[0,0],"35":[0,0],"36":[0],"37":[0,0],"38":[0,0],"39":[0,0],"40":[0,0],"41":[0,0],"42":[0,0],"43":[0,0],"44":[0],"45":[18,0],"46":[18,0],"47":[6],"48":[20,14],"49":[4],"50":[7,3],"51":[7],"52":[3],"53":[17,14],"54":[3],"55":[14,11],"56":[11,0],"57":[11,11],"58":[11,0],"59":[11,11],"60":[8],"61":[0],"62":[2,9],"63":[3],"64":[6,3],"65":[0,3],"66":[3,2],"67":[1],"68":[3,2],"69":[2,0],"70":[2,0]}}
}
