{"/home/afman42/repo/code-search-golang/frontend/src/App.vue": {"path":"/home/afman42/repo/code-search-golang/frontend/src/App.vue","statementMap":{"0":{"start":{"line":3,"column":22},"end":{"line":7,"column":1}},"1":{"start":{"line":4,"column":2},"end":{"line":6,"column":4}},"2":{"start":{"line":8,"column":0},"end":{"line":10,"column":3}},"3":{"start":{"line":11,"column":12},"end":{"line":11,"column":26}},"4":{"start":{"line":12,"column":23},"end":{"line":12,"column":78}},"5":{"start":{"line":13,"column":0},"end":{"line":27,"column":3}},"6":{"start":{"line":16,"column":19},"end":{"line":16,"column":28}},"7":{"start":{"line":17,"column":4},"end":{"line":17,"column":15}},"8":{"start":{"line":18,"column":23},"end":{"line":20,"column":5}},"9":{"start":{"line":21,"column":4},"end":{"line":24,"column":7}},"10":{"start":{"line":25,"column":4},"end":{"line":25,"column":24}},"11":{"start":{"line":29,"column":0},"end":{"line":29,"column":62}},"12":{"start":{"line":30,"column":0},"end":{"line":30,"column":24}},"13":{"start":{"line":31,"column":12},"end":{"line":31,"column":26}},"14":{"start":{"line":33,"column":4},"end":{"line":33,"column":82}},"15":{"start":{"line":35,"column":0},"end":{"line":35,"column":24}},"16":{"start":{"line":36,"column":1},"end":{"line":36,"column":48}}},"fnMap":{"0":{"name":"(anonymous_0)","decl":{"start":{"line":3,"column":54},"end":{"line":3,"column":55}},"loc":{"start":{"line":3,"column":69},"end":{"line":7,"column":1}},"line":3},"1":{"name":"(anonymous_1)","decl":{"start":{"line":15,"column":9},"end":{"line":15,"column":10}},"loc":{"start":{"line":15,"column":32},"end":{"line":26,"column":3}},"line":15},"2":{"name":"render","decl":{"start":{"line":32,"column":9},"end":{"line":32,"column":15}},"loc":{"start":{"line":32,"column":63},"end":{"line":34,"column":1}},"line":32}},"branchMap":{"0":{"loc":{"start":{"line":3,"column":22},"end":{"line":7,"column":1}},"type":"binary-expr","locations":[{"start":{"line":3,"column":22},"end":{"line":3,"column":26}},{"start":{"line":3,"column":30},"end":{"line":3,"column":50}},{"start":{"line":3,"column":54},"end":{"line":7,"column":1}}],"line":3},"1":{"loc":{"start":{"line":4,"column":9},"end":{"line":6,"column":3}},"type":"cond-expr","locations":[{"start":{"line":4,"column":33},"end":{"line":4,"column":36}},{"start":{"line":4,"column":39},"end":{"line":6,"column":3}}],"line":4},"2":{"loc":{"start":{"line":4,"column":9},"end":{"line":4,"column":30}},"type":"binary-expr","locations":[{"start":{"line":4,"column":9},"end":{"line":4,"column":12}},{"start":{"line":4,"column":16},"end":{"line":4,"column":30}}],"line":4}},"s":{"0":0,"1":0,"2":0,"3":0,"4":0,"5":0,"6":0,"7":0,"8":0,"9":0,"10":0,"11":0,"12":0,"13":0,"14":0,"15":0,"16":0},"f":{"0":0,"1":0,"2":0},"b":{"0":[0,0,0],"1":[0,0],"2":[0,0]},"inputSourceMap":{"0":"{","1":"\"","2":"v","3":"e","4":"r","5":"s","6":"i","7":"o","8":"n","9":"\"","10":":","11":"3","12":",","13":"\"","14":"s","15":"o","16":"u","17":"r","18":"c","19":"e","20":"s","21":"\"","22":":","23":"[","24":"\"","25":"/","26":"h","27":"o","28":"m","29":"e","30":"/","31":"a","32":"f","33":"m","34":"a","35":"n","36":"4","37":"2","38":"/","39":"r","40":"e","41":"p","42":"o","43":"/","44":"c","45":"o","46":"d","47":"e","48":"-","49":"s","50":"e","51":"a","52":"r","53":"c","54":"h","55":"-","56":"g","57":"o","58":"l","59":"a","60":"n","61":"g","62":"/","63":"f","64":"r","65":"o","66":"n","67":"t","68":"e","69":"n","70":"d","71":"/","72":"s","73":"r","74":"c","75":"/","76":"A","77":"p","78":"p","79":".","80":"v","81":"u","82":"e","83":"\"","84":"]","85":",","86":"\"","87":"n","88":"a","89":"m","90":"e","91":"s","92":"\"","93":":","94":"[","95":"]","96":",","97":"\"","98":"m","99":"a","100":"p","101":"p","102":"i","103":"n","104":"g","105":"s","106":"\"","107":":","108":"\"","109":";","110":";","111":";","112":";","113":";","114":";","115":";","116":";","117":";","118":";","119":";","120":"A","121":"A","122":"C","123":"A","124":"\"","125":",","126":"\"","127":"f","128":"i","129":"l","130":"e","131":"\"","132":":","133":"\"","134":"/","135":"h","136":"o","137":"m","138":"e","139":"/","140":"a","141":"f","142":"m","143":"a","144":"n","145":"4","146":"2","147":"/","148":"r","149":"e","150":"p","151":"o","152":"/","153":"c","154":"o","155":"d","156":"e","157":"-","158":"s","159":"e","160":"a","161":"r","162":"c","163":"h","164":"-","165":"g","166":"o","167":"l","168":"a","169":"n","170":"g","171":"/","172":"f","173":"r","174":"o","175":"n","176":"t","177":"e","178":"n","179":"d","180":"/","181":"s","182":"r","183":"c","184":"/","185":"A","186":"p","187":"p","188":".","189":"v","190":"u","191":"e","192":"\"","193":",","194":"\"","195":"s","196":"o","197":"u","198":"r","199":"c","200":"e","201":"s","202":"C","203":"o","204":"n","205":"t","206":"e","207":"n","208":"t","209":"\"","210":":","211":"[","212":"\"","213":"<","214":"s","215":"c","216":"r","217":"i","218":"p","219":"t","220":" ","221":"l","222":"a","223":"n","224":"g","225":"=","226":"\\","227":"\"","228":"t","229":"s","230":"\\","231":"\"","232":" ","233":"s","234":"e","235":"t","236":"u","237":"p","238":">","239":"\\","240":"n","241":"i","242":"m","243":"p","244":"o","245":"r","246":"t","247":" ","248":"C","249":"o","250":"d","251":"e","252":"S","253":"e","254":"a","255":"r","256":"c","257":"h","258":" ","259":"f","260":"r","261":"o","262":"m","263":" ","264":"\\","265":"\"","266":".","267":"/","268":"c","269":"o","270":"m","271":"p","272":"o","273":"n","274":"e","275":"n","276":"t","277":"s","278":"/","279":"C","280":"o","281":"d","282":"e","283":"S","284":"e","285":"a","286":"r","287":"c","288":"h","289":".","290":"v","291":"u","292":"e","293":"\\","294":"\"","295":";","296":"\\","297":"n","298":"<","299":"/","300":"s","301":"c","302":"r","303":"i","304":"p","305":"t","306":">","307":"\\","308":"n","309":"\\","310":"n","311":"<","312":"t","313":"e","314":"m","315":"p","316":"l","317":"a","318":"t","319":"e","320":">","321":"\\","322":"n","323":" ","324":" ","325":"<","326":"C","327":"o","328":"d","329":"e","330":"S","331":"e","332":"a","333":"r","334":"c","335":"h","336":" ","337":"/","338":">","339":"\\","340":"n","341":"<","342":"/","343":"t","344":"e","345":"m","346":"p","347":"l","348":"a","349":"t","350":"e","351":">","352":"\\","353":"n","354":"\"","355":"]","356":"}"}}
,"/home/afman42/repo/code-search-golang/frontend/src/vite-env.d.ts": {"path":"/home/afman42/repo/code-search-golang/frontend/src/vite-env.d.ts","statementMap":{},"fnMap":{},"branchMap":{},"s":{},"f":{},"b":{}}
,"/home/afman42/repo/code-search-golang/frontend/src/components/CodeSearch.vue": {"path":"/home/afman42/repo/code-search-golang/frontend/src/components/CodeSearch.vue","statementMap":{"0":{"start":{"line":5,"column":0},"end":{"line":11,"column":1}},"1":{"start":{"line":8,"column":2},"end":{"line":10,"column":4}},"2":{"start":{"line":12,"column":0},"end":{"line":14,"column":3}},"3":{"start":{"line":15,"column":12},"end":{"line":15,"column":26}},"4":{"start":{"line":16,"column":23},"end":{"line":16,"column":70}},"5":{"start":{"line":17,"column":30},"end":{"line":17,"column":84}},"6":{"start":{"line":18,"column":26},"end":{"line":18,"column":76}},"7":{"start":{"line":19,"column":18},"end":{"line":19,"column":53}},"8":{"start":{"line":21,"column":0},"end":{"line":52,"column":3}},"9":{"start":{"line":24,"column":19},"end":{"line":24,"column":28}},"10":{"start":{"line":25,"column":4},"end":{"line":25,"column":15}},"11":{"start":{"line":26,"column":13},"end":{"line":26,"column":41}},"12":{"start":{"line":27,"column":13},"end":{"line":27,"column":20}},"13":{"start":{"line":28,"column":19},"end":{"line":28,"column":32}},"14":{"start":{"line":29,"column":24},"end":{"line":29,"column":42}},"15":{"start":{"line":30,"column":23},"end":{"line":30,"column":40}},"16":{"start":{"line":31,"column":23},"end":{"line":31,"column":40}},"17":{"start":{"line":32,"column":24},"end":{"line":32,"column":42}},"18":{"start":{"line":33,"column":25},"end":{"line":33,"column":44}},"19":{"start":{"line":34,"column":23},"end":{"line":45,"column":5}},"20":{"start":{"line":46,"column":4},"end":{"line":49,"column":7}},"21":{"start":{"line":50,"column":4},"end":{"line":50,"column":24}},"22":{"start":{"line":54,"column":0},"end":{"line":54,"column":62}},"23":{"start":{"line":55,"column":0},"end":{"line":55,"column":24}},"24":{"start":{"line":56,"column":12},"end":{"line":56,"column":26}},"25":{"start":{"line":57,"column":17},"end":{"line":61,"column":1}},"26":{"start":{"line":63,"column":4},"end":{"line":90,"column":8}},"27":{"start":{"line":92,"column":0},"end":{"line":92,"column":24}},"28":{"start":{"line":93,"column":1},"end":{"line":93,"column":48}}},"fnMap":{"0":{"name":"(anonymous_0)","decl":{"start":{"line":7,"column":28},"end":{"line":7,"column":29}},"loc":{"start":{"line":7,"column":43},"end":{"line":11,"column":1}},"line":7},"1":{"name":"(anonymous_1)","decl":{"start":{"line":23,"column":9},"end":{"line":23,"column":10}},"loc":{"start":{"line":23,"column":32},"end":{"line":51,"column":3}},"line":23},"2":{"name":"render","decl":{"start":{"line":62,"column":9},"end":{"line":62,"column":15}},"loc":{"start":{"line":62,"column":63},"end":{"line":91,"column":1}},"line":62}},"branchMap":{"0":{"loc":{"start":{"line":5,"column":0},"end":{"line":11,"column":1}},"type":"binary-expr","locations":[{"start":{"line":5,"column":0},"end":{"line":5,"column":6}},{"start":{"line":7,"column":28},"end":{"line":11,"column":1}}],"line":5},"1":{"loc":{"start":{"line":8,"column":9},"end":{"line":10,"column":3}},"type":"cond-expr","locations":[{"start":{"line":8,"column":33},"end":{"line":8,"column":36}},{"start":{"line":8,"column":39},"end":{"line":10,"column":3}}],"line":8},"2":{"loc":{"start":{"line":8,"column":9},"end":{"line":8,"column":30}},"type":"binary-expr","locations":[{"start":{"line":8,"column":9},"end":{"line":8,"column":12}},{"start":{"line":8,"column":16},"end":{"line":8,"column":30}}],"line":8},"3":{"loc":{"start":{"line":74,"column":8},"end":{"line":76,"column":57}},"type":"cond-expr","locations":[{"start":{"line":75,"column":15},"end":{"line":75,"column":148}},{"start":{"line":76,"column":14},"end":{"line":76,"column":57}}],"line":74}},"s":{"0":0,"1":0,"2":0,"3":0,"4":0,"5":0,"6":0,"7":0,"8":0,"9":0,"10":0,"11":0,"12":0,"13":0,"14":0,"15":0,"16":0,"17":0,"18":0,"19":0,"20":0,"21":0,"22":0,"23":0,"24":0,"25":0,"26":0,"27":0,"28":0},"f":{"0":0,"1":0,"2":0},"b":{"0":[0,0],"1":[0,0],"2":[0,0],"3":[0,0]},"inputSourceMap":{"0":"{","1":"\"","2":"v","3":"e","4":"r","5":"s","6":"i","7":"o","8":"n","9":"\"","10":":","11":"3","12":",","13":"\"","14":"s","15":"o","16":"u","17":"r","18":"c","19":"e","20":"s","21":"\"","22":":","23":"[","24":"\"","25":"/","26":"h","27":"o","28":"m","29":"e","30":"/","31":"a","32":"f","33":"m","34":"a","35":"n","36":"4","37":"2","38":"/","39":"r","40":"e","41":"p","42":"o","43":"/","44":"c","45":"o","46":"d","47":"e","48":"-","49":"s","50":"e","51":"a","52":"r","53":"c","54":"h","55":"-","56":"g","57":"o","58":"l","59":"a","60":"n","61":"g","62":"/","63":"f","64":"r","65":"o","66":"n","67":"t","68":"e","69":"n","70":"d","71":"/","72":"s","73":"r","74":"c","75":"/","76":"c","77":"o","78":"m","79":"p","80":"o","81":"n","82":"e","83":"n","84":"t","85":"s","86":"/","87":"C","88":"o","89":"d","90":"e","91":"S","92":"e","93":"a","94":"r","95":"c","96":"h","97":".","98":"v","99":"u","100":"e","101":"\"","102":"]","103":",","104":"\"","105":"n","106":"a","107":"m","108":"e","109":"s","110":"\"","111":":","112":"[","113":"]","114":",","115":"\"","116":"m","117":"a","118":"p","119":"p","120":"i","121":"n","122":"g","123":"s","124":"\"","125":":","126":"\"","127":";","128":";","129":";","130":";","131":";","132":";","133":";","134":";","135":";","136":";","137":";","138":";","139":";","140":";","141":";","142":"A","143":"A","144":"i","145":"C","146":"A","147":";","148":"A","149":"A","150":"C","151":"A","152":";","153":"A","154":"A","155":"C","156":"A","157":";","158":"A","159":"A","160":"C","161":"A","162":";","163":"A","164":"A","165":"E","166":"A","167":";","168":";","169":";","170":";","171":";","172":";","173":"I","174":"A","175":"C","176":"M","177":",","178":"S","179":"A","180":"Q","181":"F","182":",","183":"y","184":"B","185":"A","186":"A","187":"S","188":",","189":"G","190":"A","191":"A","192":"E","193":";","194":"M","195":"A","196":"P","197":"b","198":",","199":"I","200":"A","201":"A","202":"I","203":";","204":"M","205":"A","206":"C","207":"J","208":",","209":"U","210":"A","211":"A","212":"U","213":";","214":"M","215":"A","216":"C","217":"V","218":",","219":"e","220":"A","221":"A","222":"e","223":";","224":"M","225":"A","226":"C","227":"f","228":",","229":"c","230":"A","231":"A","232":"c","233":";","234":"M","235":"A","236":"C","237":"d","238":",","239":"c","240":"A","241":"A","242":"c","243":";","244":"M","245":"A","246":"C","247":"d","248":",","249":"e","250":"A","251":"A","252":"e","253":";","254":"M","255":"A","256":"C","257":"f","258":",","259":"g","260":"B","261":"A","262":"A","263":"g","264":"B","265":",","266":"s","267":"B","268":"A","269":"C","270":"H","271":"\"","272":",","273":"\"","274":"f","275":"i","276":"l","277":"e","278":"\"","279":":","280":"\"","281":"/","282":"h","283":"o","284":"m","285":"e","286":"/","287":"a","288":"f","289":"m","290":"a","291":"n","292":"4","293":"2","294":"/","295":"r","296":"e","297":"p","298":"o","299":"/","300":"c","301":"o","302":"d","303":"e","304":"-","305":"s","306":"e","307":"a","308":"r","309":"c","310":"h","311":"-","312":"g","313":"o","314":"l","315":"a","316":"n","317":"g","318":"/","319":"f","320":"r","321":"o","322":"n","323":"t","324":"e","325":"n","326":"d","327":"/","328":"s","329":"r","330":"c","331":"/","332":"c","333":"o","334":"m","335":"p","336":"o","337":"n","338":"e","339":"n","340":"t","341":"s","342":"/","343":"C","344":"o","345":"d","346":"e","347":"S","348":"e","349":"a","350":"r","351":"c","352":"h","353":".","354":"v","355":"u","356":"e","357":"\"","358":",","359":"\"","360":"s","361":"o","362":"u","363":"r","364":"c","365":"e","366":"s","367":"C","368":"o","369":"n","370":"t","371":"e","372":"n","373":"t","374":"\"","375":":","376":"[","377":"\"","378":"<","379":"t","380":"e","381":"m","382":"p","383":"l","384":"a","385":"t","386":"e","387":">","388":"\\","389":"n","390":" ","391":" ","392":"<","393":"m","394":"a","395":"i","396":"n","397":">","398":"\\","399":"n","400":" ","401":" ","402":" ","403":" ","404":"<","405":"S","406":"e","407":"a","408":"r","409":"c","410":"h","411":"F","412":"o","413":"r","414":"m","415":" ","416":"\\","417":"n","418":" ","419":" ","420":" ","421":" ","422":" ","423":" ","424":":","425":"d","426":"a","427":"t","428":"a","429":"=","430":"\\","431":"\"","432":"d","433":"a","434":"t","435":"a","436":"\\","437":"\"","438":"\\","439":"n","440":" ","441":" ","442":" ","443":" ","444":" ","445":" ","446":":","447":"s","448":"e","449":"a","450":"r","451":"c","452":"h","453":"C","454":"o","455":"d","456":"e","457":"=","458":"\\","459":"\"","460":"s","461":"e","462":"a","463":"r","464":"c","465":"h","466":"C","467":"o","468":"d","469":"e","470":"\\","471":"\"","472":"\\","473":"n","474":" ","475":" ","476":" ","477":" ","478":" ","479":" ","480":":","481":"s","482":"e","483":"l","484":"e","485":"c","486":"t","487":"D","488":"i","489":"r","490":"e","491":"c","492":"t","493":"o","494":"r","495":"y","496":"=","497":"\\","498":"\"","499":"s","500":"e","501":"l","502":"e","503":"c","504":"t","505":"D","506":"i","507":"r","508":"e","509":"c","510":"t","511":"o","512":"r","513":"y","514":"\\","515":"\"","516":"\\","517":"n","518":" ","519":" ","520":" ","521":" ","522":"/","523":">","524":"\\","525":"n","526":"\\","527":"n","528":" ","529":" ","530":" ","531":" ","532":"<","533":"d","534":"i","535":"v","536":" ","537":"i","538":"d","539":"=","540":"\\","541":"\"","542":"r","543":"e","544":"s","545":"u","546":"l","547":"t","548":"\\","549":"\"","550":" ","551":"c","552":"l","553":"a","554":"s","555":"s","556":"=","557":"\\","558":"\"","559":"r","560":"e","561":"s","562":"u","563":"l","564":"t","565":"\\","566":"\"","567":" ","568":":","569":"c","570":"l","571":"a","572":"s","573":"s","574":"=","575":"\\","576":"\"","577":"{","578":" ","579":"'","580":"e","581":"r","582":"r","583":"o","584":"r","585":"'","586":":","587":" ","588":"d","589":"a","590":"t","591":"a","592":".","593":"e","594":"r","595":"r","596":"o","597":"r","598":" ","599":"}","600":"\\","601":"\"","602":">","603":"{","604":"{","605":" ","606":"d","607":"a","608":"t","609":"a","610":".","611":"r","612":"e","613":"s","614":"u","615":"l","616":"t","617":"T","618":"e","619":"x","620":"t","621":" ","622":"}","623":"}","624":"<","625":"/","626":"d","627":"i","628":"v","629":">","630":"\\","631":"n","632":" ","633":" ","634":" ","635":" ","636":"\\","637":"n","638":" ","639":" ","640":" ","641":" ","642":"<","643":"!","644":"-","645":"-","646":" ","647":"E","648":"r","649":"r","650":"o","651":"r","652":" ","653":"d","654":"i","655":"s","656":"p","657":"l","658":"a","659":"y","660":" ","661":"-","662":"-","663":">","664":"\\","665":"n","666":" ","667":" ","668":" ","669":" ","670":"<","671":"d","672":"i","673":"v","674":" ","675":"v","676":"-","677":"i","678":"f","679":"=","680":"\\","681":"\"","682":"d","683":"a","684":"t","685":"a","686":".","687":"e","688":"r","689":"r","690":"o","691":"r","692":"\\","693":"\"","694":" ","695":"c","696":"l","697":"a","698":"s","699":"s","700":"=","701":"\\","702":"\"","703":"e","704":"r","705":"r","706":"o","707":"r","708":"-","709":"m","710":"e","711":"s","712":"s","713":"a","714":"g","715":"e","716":"\\","717":"\"","718":" ","719":"i","720":"d","721":"=","722":"\\","723":"\"","724":"e","725":"r","726":"r","727":"o","728":"r","729":"-","730":"d","731":"i","732":"s","733":"p","734":"l","735":"a","736":"y","737":"\\","738":"\"","739":">","740":"\\","741":"n","742":" ","743":" ","744":" ","745":" ","746":" ","747":" ","748":"{","749":"{","750":" ","751":"d","752":"a","753":"t","754":"a","755":".","756":"e","757":"r","758":"r","759":"o","760":"r","761":" ","762":"}","763":"}","764":"\\","765":"n","766":" ","767":" ","768":" ","769":" ","770":"<","771":"/","772":"d","773":"i","774":"v","775":">","776":"\\","777":"n","778":"\\","779":"n","780":" ","781":" ","782":" ","783":" ","784":"<","785":"!","786":"-","787":"-","788":" ","789":"P","790":"r","791":"o","792":"g","793":"r","794":"e","795":"s","796":"s","797":" ","798":"B","799":"a","800":"r","801":" ","802":"-","803":"-","804":">","805":"\\","806":"n","807":" ","808":" ","809":" ","810":" ","811":"<","812":"P","813":"r","814":"o","815":"g","816":"r","817":"e","818":"s","819":"s","820":"I","821":"n","822":"d","823":"i","824":"c","825":"a","826":"t","827":"o","828":"r","829":" ","830":"\\","831":"n","832":" ","833":" ","834":" ","835":" ","836":" ","837":" ","838":":","839":"d","840":"a","841":"t","842":"a","843":"=","844":"\\","845":"\"","846":"d","847":"a","848":"t","849":"a","850":"\\","851":"\"","852":"\\","853":"n","854":" ","855":" ","856":" ","857":" ","858":" ","859":" ","860":":","861":"f","862":"o","863":"r","864":"m","865":"a","866":"t","867":"F","868":"i","869":"l","870":"e","871":"P","872":"a","873":"t","874":"h","875":"=","876":"\\","877":"\"","878":"f","879":"o","880":"r","881":"m","882":"a","883":"t","884":"F","885":"i","886":"l","887":"e","888":"P","889":"a","890":"t","891":"h","892":"\\","893":"\"","894":"\\","895":"n","896":" ","897":" ","898":" ","899":" ","900":"/","901":">","902":"\\","903":"n","904":"\\","905":"n","906":" ","907":" ","908":" ","909":" ","910":"<","911":"!","912":"-","913":"-","914":" ","915":"S","916":"e","917":"a","918":"r","919":"c","920":"h","921":" ","922":"R","923":"e","924":"s","925":"u","926":"l","927":"t","928":"s","929":" ","930":"-","931":"-","932":">","933":"\\","934":"n","935":" ","936":" ","937":" ","938":" ","939":"<","940":"S","941":"e","942":"a","943":"r","944":"c","945":"h","946":"R","947":"e","948":"s","949":"u","950":"l","951":"t","952":"s","953":" ","954":"\\","955":"n","956":" ","957":" ","958":" ","959":" ","960":" ","961":" ","962":":","963":"d","964":"a","965":"t","966":"a","967":"=","968":"\\","969":"\"","970":"d","971":"a","972":"t","973":"a","974":"\\","975":"\"","976":"\\","977":"n","978":" ","979":" ","980":" ","981":" ","982":" ","983":" ","984":":","985":"f","986":"o","987":"r","988":"m","989":"a","990":"t","991":"F","992":"i","993":"l","994":"e","995":"P","996":"a","997":"t","998":"h","999":"=","1000":"\\","1001":"\"","1002":"f","1003":"o","1004":"r","1005":"m","1006":"a","1007":"t","1008":"F","1009":"i","1010":"l","1011":"e","1012":"P","1013":"a","1014":"t","1015":"h","1016":"\\","1017":"\"","1018":"\\","1019":"n","1020":" ","1021":" ","1022":" ","1023":" ","1024":" ","1025":" ","1026":":","1027":"h","1028":"i","1029":"g","1030":"h","1031":"l","1032":"i","1033":"g","1034":"h","1035":"t","1036":"M","1037":"a","1038":"t","1039":"c","1040":"h","1041":"=","1042":"\\","1043":"\"","1044":"h","1045":"i","1046":"g","1047":"h","1048":"l","1049":"i","1050":"g","1051":"h","1052":"t","1053":"M","1054":"a","1055":"t","1056":"c","1057":"h","1058":"\\","1059":"\"","1060":"\\","1061":"n","1062":" ","1063":" ","1064":" ","1065":" ","1066":" ","1067":" ","1068":":","1069":"o","1070":"p","1071":"e","1072":"n","1073":"F","1074":"i","1075":"l","1076":"e","1077":"L","1078":"o","1079":"c","1080":"a","1081":"t","1082":"i","1083":"o","1084":"n","1085":"=","1086":"\\","1087":"\"","1088":"o","1089":"p","1090":"e","1091":"n","1092":"F","1093":"i","1094":"l","1095":"e","1096":"L","1097":"o","1098":"c","1099":"a","1100":"t","1101":"i","1102":"o","1103":"n","1104":"\\","1105":"\"","1106":"\\","1107":"n","1108":" ","1109":" ","1110":" ","1111":" ","1112":" ","1113":" ","1114":":","1115":"c","1116":"o","1117":"p","1118":"y","1119":"T","1120":"o","1121":"C","1122":"l","1123":"i","1124":"p","1125":"b","1126":"o","1127":"a","1128":"r","1129":"d","1130":"=","1131":"\\","1132":"\"","1133":"c","1134":"o","1135":"p","1136":"y","1137":"T","1138":"o","1139":"C","1140":"l","1141":"i","1142":"p","1143":"b","1144":"o","1145":"a","1146":"r","1147":"d","1148":"\\","1149":"\"","1150":"\\","1151":"n","1152":" ","1153":" ","1154":" ","1155":" ","1156":"/","1157":">","1158":"\\","1159":"n","1160":" ","1161":" ","1162":"<","1163":"/","1164":"m","1165":"a","1166":"i","1167":"n","1168":">","1169":"\\","1170":"n","1171":"<","1172":"/","1173":"t","1174":"e","1175":"m","1176":"p","1177":"l","1178":"a","1179":"t","1180":"e","1181":">","1182":"\\","1183":"n","1184":"\\","1185":"n","1186":"<","1187":"s","1188":"c","1189":"r","1190":"i","1191":"p","1192":"t","1193":" ","1194":"l","1195":"a","1196":"n","1197":"g","1198":"=","1199":"\\","1200":"\"","1201":"t","1202":"s","1203":"\\","1204":"\"","1205":" ","1206":"s","1207":"e","1208":"t","1209":"u","1210":"p","1211":">","1212":"\\","1213":"n","1214":"i","1215":"m","1216":"p","1217":"o","1218":"r","1219":"t","1220":" ","1221":"S","1222":"e","1223":"a","1224":"r","1225":"c","1226":"h","1227":"F","1228":"o","1229":"r","1230":"m","1231":" ","1232":"f","1233":"r","1234":"o","1235":"m","1236":" ","1237":"'","1238":".","1239":"/","1240":"u","1241":"i","1242":"/","1243":"S","1244":"e","1245":"a","1246":"r","1247":"c","1248":"h","1249":"F","1250":"o","1251":"r","1252":"m","1253":".","1254":"v","1255":"u","1256":"e","1257":"'","1258":";","1259":"\\","1260":"n","1261":"i","1262":"m","1263":"p","1264":"o","1265":"r","1266":"t","1267":" ","1268":"P","1269":"r","1270":"o","1271":"g","1272":"r","1273":"e","1274":"s","1275":"s","1276":"I","1277":"n","1278":"d","1279":"i","1280":"c","1281":"a","1282":"t","1283":"o","1284":"r","1285":" ","1286":"f","1287":"r","1288":"o","1289":"m","1290":" ","1291":"'","1292":".","1293":"/","1294":"u","1295":"i","1296":"/","1297":"P","1298":"r","1299":"o","1300":"g","1301":"r","1302":"e","1303":"s","1304":"s","1305":"I","1306":"n","1307":"d","1308":"i","1309":"c","1310":"a","1311":"t","1312":"o","1313":"r","1314":".","1315":"v","1316":"u","1317":"e","1318":"'","1319":";","1320":"\\","1321":"n","1322":"i","1323":"m","1324":"p","1325":"o","1326":"r","1327":"t","1328":" ","1329":"S","1330":"e","1331":"a","1332":"r","1333":"c","1334":"h","1335":"R","1336":"e","1337":"s","1338":"u","1339":"l","1340":"t","1341":"s","1342":" ","1343":"f","1344":"r","1345":"o","1346":"m","1347":" ","1348":"'","1349":".","1350":"/","1351":"u","1352":"i","1353":"/","1354":"S","1355":"e","1356":"a","1357":"r","1358":"c","1359":"h","1360":"R","1361":"e","1362":"s","1363":"u","1364":"l","1365":"t","1366":"s","1367":".","1368":"v","1369":"u","1370":"e","1371":"'","1372":";","1373":"\\","1374":"n","1375":"i","1376":"m","1377":"p","1378":"o","1379":"r","1380":"t","1381":" ","1382":"{","1383":" ","1384":"u","1385":"s","1386":"e","1387":"S","1388":"e","1389":"a","1390":"r","1391":"c","1392":"h","1393":" ","1394":"}","1395":" ","1396":"f","1397":"r","1398":"o","1399":"m","1400":" ","1401":"'","1402":".","1403":".","1404":"/","1405":"c","1406":"o","1407":"m","1408":"p","1409":"o","1410":"s","1411":"a","1412":"b","1413":"l","1414":"e","1415":"s","1416":"/","1417":"u","1418":"s","1419":"e","1420":"S","1421":"e","1422":"a","1423":"r","1424":"c","1425":"h","1426":"'","1427":";","1428":"\\","1429":"n","1430":"\\","1431":"n","1432":"/","1433":"/","1434":" ","1435":"G","1436":"e","1437":"t","1438":" ","1439":"a","1440":"l","1441":"l","1442":" ","1443":"t","1444":"h","1445":"e","1446":" ","1447":"s","1448":"e","1449":"a","1450":"r","1451":"c","1452":"h","1453":" ","1454":"f","1455":"u","1456":"n","1457":"c","1458":"t","1459":"i","1460":"o","1461":"n","1462":"a","1463":"l","1464":"i","1465":"t","1466":"y","1467":" ","1468":"f","1469":"r","1470":"o","1471":"m","1472":" ","1473":"t","1474":"h","1475":"e","1476":" ","1477":"c","1478":"o","1479":"m","1480":"p","1481":"o","1482":"s","1483":"a","1484":"b","1485":"l","1486":"e","1487":"\\","1488":"n","1489":"c","1490":"o","1491":"n","1492":"s","1493":"t","1494":" ","1495":"{","1496":" ","1497":"\\","1498":"n","1499":" ","1500":" ","1501":"d","1502":"a","1503":"t","1504":"a","1505":",","1506":" ","1507":"\\","1508":"n","1509":" ","1510":" ","1511":"s","1512":"e","1513":"a","1514":"r","1515":"c","1516":"h","1517":"C","1518":"o","1519":"d","1520":"e","1521":",","1522":" ","1523":"\\","1524":"n","1525":" ","1526":" ","1527":"s","1528":"e","1529":"l","1530":"e","1531":"c","1532":"t","1533":"D","1534":"i","1535":"r","1536":"e","1537":"c","1538":"t","1539":"o","1540":"r","1541":"y","1542":",","1543":" ","1544":"\\","1545":"n","1546":" ","1547":" ","1548":"f","1549":"o","1550":"r","1551":"m","1552":"a","1553":"t","1554":"F","1555":"i","1556":"l","1557":"e","1558":"P","1559":"a","1560":"t","1561":"h","1562":",","1563":" ","1564":"\\","1565":"n","1566":" ","1567":" ","1568":"h","1569":"i","1570":"g","1571":"h","1572":"l","1573":"i","1574":"g","1575":"h","1576":"t","1577":"M","1578":"a","1579":"t","1580":"c","1581":"h","1582":",","1583":" ","1584":"\\","1585":"n","1586":" ","1587":" ","1588":"c","1589":"o","1590":"p","1591":"y","1592":"T","1593":"o","1594":"C","1595":"l","1596":"i","1597":"p","1598":"b","1599":"o","1600":"a","1601":"r","1602":"d","1603":",","1604":" ","1605":"\\","1606":"n","1607":" ","1608":" ","1609":"o","1610":"p","1611":"e","1612":"n","1613":"F","1614":"i","1615":"l","1616":"e","1617":"L","1618":"o","1619":"c","1620":"a","1621":"t","1622":"i","1623":"o","1624":"n","1625":" ","1626":"\\","1627":"n","1628":"}","1629":" ","1630":"=","1631":" ","1632":"u","1633":"s","1634":"e","1635":"S","1636":"e","1637":"a","1638":"r","1639":"c","1640":"h","1641":"(","1642":")","1643":";","1644":"\\","1645":"n","1646":"<","1647":"/","1648":"s","1649":"c","1650":"r","1651":"i","1652":"p","1653":"t","1654":">","1655":"\\","1656":"n","1657":"\\","1658":"n","1659":"<","1660":"s","1661":"t","1662":"y","1663":"l","1664":"e","1665":" ","1666":"s","1667":"c","1668":"o","1669":"p","1670":"e","1671":"d","1672":">","1673":"\\","1674":"n","1675":".","1676":"r","1677":"e","1678":"s","1679":"u","1680":"l","1681":"t","1682":" ","1683":"{","1684":"\\","1685":"n","1686":" ","1687":" ","1688":"h","1689":"e","1690":"i","1691":"g","1692":"h","1693":"t","1694":":","1695":" ","1696":"2","1697":"0","1698":"p","1699":"x","1700":";","1701":"\\","1702":"n","1703":" ","1704":" ","1705":"l","1706":"i","1707":"n","1708":"e","1709":"-","1710":"h","1711":"e","1712":"i","1713":"g","1714":"h","1715":"t","1716":":","1717":" ","1718":"2","1719":"0","1720":"p","1721":"x","1722":";","1723":"\\","1724":"n","1725":" ","1726":" ","1727":"m","1728":"a","1729":"r","1730":"g","1731":"i","1732":"n","1733":":","1734":" ","1735":"1","1736":".","1737":"5","1738":"r","1739":"e","1740":"m","1741":" ","1742":"a","1743":"u","1744":"t","1745":"o","1746":";","1747":"\\","1748":"n","1749":" ","1750":" ","1751":"t","1752":"e","1753":"x","1754":"t","1755":"-","1756":"a","1757":"l","1758":"i","1759":"g","1760":"n","1761":":","1762":" ","1763":"c","1764":"e","1765":"n","1766":"t","1767":"e","1768":"r","1769":";","1770":"\\","1771":"n","1772":"}","1773":"\\","1774":"n","1775":"\\","1776":"n","1777":".","1778":"r","1779":"e","1780":"s","1781":"u","1782":"l","1783":"t","1784":".","1785":"e","1786":"r","1787":"r","1788":"o","1789":"r","1790":" ","1791":"{","1792":"\\","1793":"n","1794":" ","1795":" ","1796":"c","1797":"o","1798":"l","1799":"o","1800":"r","1801":":","1802":" ","1803":"#","1804":"e","1805":"7","1806":"4","1807":"c","1808":"3","1809":"c","1810":";","1811":"\\","1812":"n","1813":"}","1814":"\\","1815":"n","1816":"\\","1817":"n","1818":".","1819":"e","1820":"r","1821":"r","1822":"o","1823":"r","1824":"-","1825":"m","1826":"e","1827":"s","1828":"s","1829":"a","1830":"g","1831":"e","1832":" ","1833":"{","1834":"\\","1835":"n","1836":" ","1837":" ","1838":"m","1839":"a","1840":"x","1841":"-","1842":"w","1843":"i","1844":"d","1845":"t","1846":"h","1847":":","1848":" ","1849":"6","1850":"0","1851":"0","1852":"p","1853":"x","1854":";","1855":"\\","1856":"n","1857":" ","1858":" ","1859":"m","1860":"a","1861":"r","1862":"g","1863":"i","1864":"n","1865":":","1866":" ","1867":"0","1868":".","1869":"5","1870":"r","1871":"e","1872":"m","1873":" ","1874":"a","1875":"u","1876":"t","1877":"o","1878":";","1879":"\\","1880":"n","1881":" ","1882":" ","1883":"p","1884":"a","1885":"d","1886":"d","1887":"i","1888":"n","1889":"g","1890":":","1891":" ","1892":"1","1893":"0","1894":"p","1895":"x","1896":";","1897":"\\","1898":"n","1899":" ","1900":" ","1901":"b","1902":"a","1903":"c","1904":"k","1905":"g","1906":"r","1907":"o","1908":"u","1909":"n","1910":"d","1911":"-","1912":"c","1913":"o","1914":"l","1915":"o","1916":"r","1917":":","1918":" ","1919":"#","1920":"f","1921":"a","1922":"d","1923":"b","1924":"d","1925":"8","1926":";","1927":"\\","1928":"n","1929":" ","1930":" ","1931":"b","1932":"o","1933":"r","1934":"d","1935":"e","1936":"r","1937":":","1938":" ","1939":"1","1940":"p","1941":"x","1942":" ","1943":"s","1944":"o","1945":"l","1946":"i","1947":"d","1948":" ","1949":"#","1950":"e","1951":"7","1952":"4","1953":"c","1954":"3","1955":"c","1956":";","1957":"\\","1958":"n","1959":" ","1960":" ","1961":"b","1962":"o","1963":"r","1964":"d","1965":"e","1966":"r","1967":"-","1968":"r","1969":"a","1970":"d","1971":"i","1972":"u","1973":"s","1974":":","1975":" ","1976":"4","1977":"p","1978":"x","1979":";","1980":"\\","1981":"n","1982":" ","1983":" ","1984":"c","1985":"o","1986":"l","1987":"o","1988":"r","1989":":","1990":" ","1991":"#","1992":"c","1993":"0","1994":"3","1995":"9","1996":"2","1997":"b","1998":";","1999":"\\","2000":"n","2001":" ","2002":" ","2003":"t","2004":"e","2005":"x","2006":"t","2007":"-","2008":"a","2009":"l","2010":"i","2011":"g","2012":"n","2013":":","2014":" ","2015":"c","2016":"e","2017":"n","2018":"t","2019":"e","2020":"r","2021":";","2022":"\\","2023":"n","2024":" ","2025":" ","2026":"f","2027":"o","2028":"n","2029":"t","2030":"-","2031":"s","2032":"i","2033":"z","2034":"e","2035":":","2036":" ","2037":"0","2038":".","2039":"9","2040":"e","2041":"m","2042":";","2043":"\\","2044":"n","2045":"}","2046":"\\","2047":"n","2048":"<","2049":"/","2050":"s","2051":"t","2052":"y","2053":"l","2054":"e","2055":">","2056":"\"","2057":"]","2058":"}"}}
,"/home/afman42/repo/code-search-golang/frontend/src/components/ui/ProgressIndicator.vue": {"path":"/home/afman42/repo/code-search-golang/frontend/src/components/ui/ProgressIndicator.vue","statementMap":{"0":{"start":{"line":3,"column":0},"end":{"line":5,"column":3}},"1":{"start":{"line":6,"column":12},"end":{"line":6,"column":26}},"2":{"start":{"line":7,"column":0},"end":{"line":19,"column":3}},"3":{"start":{"line":20,"column":0},"end":{"line":20,"column":13}},"4":{"start":{"line":21,"column":0},"end":{"line":21,"column":62}},"5":{"start":{"line":22,"column":0},"end":{"line":22,"column":24}},"6":{"start":{"line":23,"column":12},"end":{"line":23,"column":26}},"7":{"start":{"line":24,"column":17},"end":{"line":27,"column":1}},"8":{"start":{"line":28,"column":17},"end":{"line":28,"column":42}},"9":{"start":{"line":29,"column":17},"end":{"line":29,"column":43}},"10":{"start":{"line":30,"column":17},"end":{"line":33,"column":1}},"11":{"start":{"line":35,"column":4},"end":{"line":52,"column":54}},"12":{"start":{"line":54,"column":0},"end":{"line":54,"column":24}},"13":{"start":{"line":55,"column":1},"end":{"line":55,"column":48}}},"fnMap":{"0":{"name":"render","decl":{"start":{"line":34,"column":9},"end":{"line":34,"column":15}},"loc":{"start":{"line":34,"column":30},"end":{"line":53,"column":1}},"line":34}},"branchMap":{"0":{"loc":{"start":{"line":35,"column":11},"end":{"line":52,"column":53}},"type":"cond-expr","locations":[{"start":{"line":36,"column":11},"end":{"line":51,"column":10}},{"start":{"line":52,"column":10},"end":{"line":52,"column":53}}],"line":35},"1":{"loc":{"start":{"line":40,"column":62},"end":{"line":41,"column":126}},"type":"cond-expr","locations":[{"start":{"line":41,"column":28},"end":{"line":41,"column":119}},{"start":{"line":41,"column":122},"end":{"line":41,"column":126}}],"line":40},"2":{"loc":{"start":{"line":48,"column":12},"end":{"line":50,"column":61}},"type":"cond-expr","locations":[{"start":{"line":49,"column":19},"end":{"line":49,"column":210}},{"start":{"line":50,"column":18},"end":{"line":50,"column":61}}],"line":48}},"s":{"0":1,"1":1,"2":1,"3":1,"4":1,"5":1,"6":1,"7":1,"8":1,"9":1,"10":1,"11":4,"12":1,"13":1},"f":{"0":4},"b":{"0":[3,1],"1":[2,1],"2":[3,0]},"inputSourceMap":{"0":"{","1":"\"","2":"v","3":"e","4":"r","5":"s","6":"i","7":"o","8":"n","9":"\"","10":":","11":"3","12":",","13":"\"","14":"s","15":"o","16":"u","17":"r","18":"c","19":"e","20":"s","21":"\"","22":":","23":"[","24":"\"","25":"/","26":"h","27":"o","28":"m","29":"e","30":"/","31":"a","32":"f","33":"m","34":"a","35":"n","36":"4","37":"2","38":"/","39":"r","40":"e","41":"p","42":"o","43":"/","44":"c","45":"o","46":"d","47":"e","48":"-","49":"s","50":"e","51":"a","52":"r","53":"c","54":"h","55":"-","56":"g","57":"o","58":"l","59":"a","60":"n","61":"g","62":"/","63":"f","64":"r","65":"o","66":"n","67":"t","68":"e","69":"n","70":"d","71":"/","72":"s","73":"r","74":"c","75":"/","76":"c","77":"o","78":"m","79":"p","80":"o","81":"n","82":"e","83":"n","84":"t","85":"s","86":"/","87":"u","88":"i","89":"/","90":"P","91":"r","92":"o","93":"g","94":"r","95":"e","96":"s","97":"s","98":"I","99":"n","100":"d","101":"i","102":"c","103":"a","104":"t","105":"o","106":"r","107":".","108":"v","109":"u","110":"e","111":"\"","112":"]","113":",","114":"\"","115":"n","116":"a","117":"m","118":"e","119":"s","120":"\"","121":":","122":"[","123":"]","124":",","125":"\"","126":"m","127":"a","128":"p","129":"p","130":"i","131":"n","132":"g","133":"s","134":"\"","135":":","136":"\"","137":";","138":";","139":";","140":";","141":";","142":"A","143":"A","144":"o","145":"B","146":"A","147":";","148":"A","149":"A","150":"I","151":"A","152":",","153":"k","154":"B","155":"A","156":"A","157":"e","158":",","159":"y","160":"B","161":"A","162":"A","163":"e","164":",","165":"E","166":"A","167":"A","168":"C","169":";","170":"E","171":"A","172":"C","173":"7","174":"B","175":",","176":"I","177":"A","178":"A","179":"I","180":",","181":"E","182":"A","183":"A","184":"E","185":",","186":"m","187":"B","188":"A","189":"A","190":"m","191":"B","192":";","193":"E","194":"A","195":"C","196":"z","197":"B","198":",","199":"K","200":"A","201":"A","202":"K","203":",","204":"E","205":"A","206":"A","207":"E","208":";","209":"I","210":"A","211":"C","212":"L","213":",","214":"I","215":"A","216":"A","217":"I","218":",","219":"E","220":"A","221":"A","222":"E","223":";","224":"M","225":"A","226":"C","227":"J","228":",","229":"I","230":"A","231":"A","232":"I","233":",","234":"E","235":"A","236":"A","237":"E","238":",","239":"M","240":"A","241":"A","242":"2","243":"B","244":";","245":"M","246":"A","247":"C","248":"j","249":"C","250":",","251":"Q","252":"A","253":"A","254":"Q","255":",","256":"E","257":"A","258":"A","259":"E","260":";","261":"K","262":"A","263":"C","264":"X","265":";","266":"I","267":"A","268":"C","269":"D","270":",","271":"c","272":"A","273":"A","274":"c","275":",","276":"E","277":"A","278":"A","279":"E","280":";","281":"M","282":"A","283":"C","284":"d","285":",","286":"I","287":"A","288":"A","289":"I","290":",","291":"E","292":"A","293":"A","294":"E","295":",","296":"Q","297":"A","298":"A","299":"k","300":"D","301":";","302":"M","303":"A","304":"C","305":"x","306":"D","307":",","308":"Q","309":"A","310":"A","311":"Q","312":",","313":"E","314":"A","315":"A","316":"E","317":";","318":";","319":";","320":"C","321":"A","322":"G","323":"f","324":",","325":"C","326":"A","327":"A","328":"C","329":"\"","330":",","331":"\"","332":"f","333":"i","334":"l","335":"e","336":"\"","337":":","338":"\"","339":"/","340":"h","341":"o","342":"m","343":"e","344":"/","345":"a","346":"f","347":"m","348":"a","349":"n","350":"4","351":"2","352":"/","353":"r","354":"e","355":"p","356":"o","357":"/","358":"c","359":"o","360":"d","361":"e","362":"-","363":"s","364":"e","365":"a","366":"r","367":"c","368":"h","369":"-","370":"g","371":"o","372":"l","373":"a","374":"n","375":"g","376":"/","377":"f","378":"r","379":"o","380":"n","381":"t","382":"e","383":"n","384":"d","385":"/","386":"s","387":"r","388":"c","389":"/","390":"c","391":"o","392":"m","393":"p","394":"o","395":"n","396":"e","397":"n","398":"t","399":"s","400":"/","401":"u","402":"i","403":"/","404":"P","405":"r","406":"o","407":"g","408":"r","409":"e","410":"s","411":"s","412":"I","413":"n","414":"d","415":"i","416":"c","417":"a","418":"t","419":"o","420":"r","421":".","422":"v","423":"u","424":"e","425":"\"","426":",","427":"\"","428":"s","429":"o","430":"u","431":"r","432":"c","433":"e","434":"s","435":"C","436":"o","437":"n","438":"t","439":"e","440":"n","441":"t","442":"\"","443":":","444":"[","445":"\"","446":"<","447":"t","448":"e","449":"m","450":"p","451":"l","452":"a","453":"t","454":"e","455":">","456":"\\","457":"n","458":" ","459":" ","460":"<","461":"d","462":"i","463":"v","464":" ","465":"v","466":"-","467":"i","468":"f","469":"=","470":"\\","471":"\"","472":"d","473":"a","474":"t","475":"a","476":".","477":"s","478":"h","479":"o","480":"w","481":"P","482":"r","483":"o","484":"g","485":"r","486":"e","487":"s","488":"s","489":"\\","490":"\"","491":" ","492":"c","493":"l","494":"a","495":"s","496":"s","497":"=","498":"\\","499":"\"","500":"p","501":"r","502":"o","503":"g","504":"r","505":"e","506":"s","507":"s","508":"-","509":"c","510":"o","511":"n","512":"t","513":"a","514":"i","515":"n","516":"e","517":"r","518":"\\","519":"\"","520":">","521":"\\","522":"n","523":" ","524":" ","525":" ","526":" ","527":"<","528":"d","529":"i","530":"v","531":" ","532":"c","533":"l","534":"a","535":"s","536":"s","537":"=","538":"\\","539":"\"","540":"p","541":"r","542":"o","543":"g","544":"r","545":"e","546":"s","547":"s","548":"-","549":"b","550":"a","551":"r","552":"\\","553":"\"","554":">","555":"\\","556":"n","557":" ","558":" ","559":" ","560":" ","561":" ","562":" ","563":"<","564":"d","565":"i","566":"v","567":" ","568":"\\","569":"n","570":" ","571":" ","572":" ","573":" ","574":" ","575":" ","576":" ","577":" ","578":"c","579":"l","580":"a","581":"s","582":"s","583":"=","584":"\\","585":"\"","586":"p","587":"r","588":"o","589":"g","590":"r","591":"e","592":"s","593":"s","594":"-","595":"f","596":"i","597":"l","598":"l","599":"\\","600":"\"","601":" ","602":"\\","603":"n","604":" ","605":" ","606":" ","607":" ","608":" ","609":" ","610":" ","611":" ","612":":","613":"s","614":"t","615":"y","616":"l","617":"e","618":"=","619":"\\","620":"\"","621":"{","622":" ","623":"w","624":"i","625":"d","626":"t","627":"h","628":":","629":" ","630":"d","631":"a","632":"t","633":"a","634":".","635":"s","636":"e","637":"a","638":"r","639":"c","640":"h","641":"P","642":"r","643":"o","644":"g","645":"r","646":"e","647":"s","648":"s","649":".","650":"t","651":"o","652":"t","653":"a","654":"l","655":"F","656":"i","657":"l","658":"e","659":"s","660":" ","661":">","662":" ","663":"0","664":" ","665":"?","666":" ","667":"\\","668":"n","669":" ","670":" ","671":" ","672":" ","673":" ","674":" ","675":" ","676":" ","677":" ","678":" ","679":"(","680":"d","681":"a","682":"t","683":"a","684":".","685":"s","686":"e","687":"a","688":"r","689":"c","690":"h","691":"P","692":"r","693":"o","694":"g","695":"r","696":"e","697":"s","698":"s","699":".","700":"p","701":"r","702":"o","703":"c","704":"e","705":"s","706":"s","707":"e","708":"d","709":"F","710":"i","711":"l","712":"e","713":"s","714":" ","715":"/","716":" ","717":"d","718":"a","719":"t","720":"a","721":".","722":"s","723":"e","724":"a","725":"r","726":"c","727":"h","728":"P","729":"r","730":"o","731":"g","732":"r","733":"e","734":"s","735":"s","736":".","737":"t","738":"o","739":"t","740":"a","741":"l","742":"F","743":"i","744":"l","745":"e","746":"s","747":" ","748":"*","749":" ","750":"1","751":"0","752":"0","753":")","754":" ","755":"+","756":" ","757":"'","758":"%","759":"'","760":" ","761":":","762":" ","763":"'","764":"0","765":"%","766":"'","767":" ","768":"}","769":"\\","770":"\"","771":"\\","772":"n","773":" ","774":" ","775":" ","776":" ","777":" ","778":" ","779":">","780":"<","781":"/","782":"d","783":"i","784":"v","785":">","786":"\\","787":"n","788":" ","789":" ","790":" ","791":" ","792":"<","793":"/","794":"d","795":"i","796":"v","797":">","798":"\\","799":"n","800":" ","801":" ","802":" ","803":" ","804":"<","805":"d","806":"i","807":"v","808":" ","809":"c","810":"l","811":"a","812":"s","813":"s","814":"=","815":"\\","816":"\"","817":"p","818":"r","819":"o","820":"g","821":"r","822":"e","823":"s","824":"s","825":"-","826":"i","827":"n","828":"f","829":"o","830":"\\","831":"\"","832":">","833":"\\","834":"n","835":" ","836":" ","837":" ","838":" ","839":" ","840":" ","841":"<","842":"s","843":"p","844":"a","845":"n","846":">","847":"P","848":"r","849":"o","850":"c","851":"e","852":"s","853":"s","854":"e","855":"d","856":":","857":" ","858":"{","859":"{","860":" ","861":"d","862":"a","863":"t","864":"a","865":".","866":"s","867":"e","868":"a","869":"r","870":"c","871":"h","872":"P","873":"r","874":"o","875":"g","876":"r","877":"e","878":"s","879":"s","880":".","881":"p","882":"r","883":"o","884":"c","885":"e","886":"s","887":"s","888":"e","889":"d","890":"F","891":"i","892":"l","893":"e","894":"s","895":" ","896":"}","897":"}","898":" ","899":"/","900":" ","901":"{","902":"{","903":" ","904":"d","905":"a","906":"t","907":"a","908":".","909":"s","910":"e","911":"a","912":"r","913":"c","914":"h","915":"P","916":"r","917":"o","918":"g","919":"r","920":"e","921":"s","922":"s","923":".","924":"t","925":"o","926":"t","927":"a","928":"l","929":"F","930":"i","931":"l","932":"e","933":"s","934":" ","935":"}","936":"}","937":" ","938":"f","939":"i","940":"l","941":"e","942":"s","943":"<","944":"/","945":"s","946":"p","947":"a","948":"n","949":">","950":"\\","951":"n","952":" ","953":" ","954":" ","955":" ","956":" ","957":" ","958":"<","959":"s","960":"p","961":"a","962":"n","963":">","964":"R","965":"e","966":"s","967":"u","968":"l","969":"t","970":"s","971":":","972":" ","973":"{","974":"{","975":" ","976":"d","977":"a","978":"t","979":"a","980":".","981":"s","982":"e","983":"a","984":"r","985":"c","986":"h","987":"P","988":"r","989":"o","990":"g","991":"r","992":"e","993":"s","994":"s","995":".","996":"r","997":"e","998":"s","999":"u","1000":"l","1001":"t","1002":"s","1003":"C","1004":"o","1005":"u","1006":"n","1007":"t","1008":" ","1009":"}","1010":"}","1011":"<","1012":"/","1013":"s","1014":"p","1015":"a","1016":"n","1017":">","1018":"\\","1019":"n","1020":" ","1021":" ","1022":" ","1023":" ","1024":"<","1025":"/","1026":"d","1027":"i","1028":"v","1029":">","1030":"\\","1031":"n","1032":" ","1033":" ","1034":" ","1035":" ","1036":"<","1037":"d","1038":"i","1039":"v","1040":" ","1041":"v","1042":"-","1043":"i","1044":"f","1045":"=","1046":"\\","1047":"\"","1048":"d","1049":"a","1050":"t","1051":"a","1052":".","1053":"s","1054":"e","1055":"a","1056":"r","1057":"c","1058":"h","1059":"P","1060":"r","1061":"o","1062":"g","1063":"r","1064":"e","1065":"s","1066":"s","1067":".","1068":"c","1069":"u","1070":"r","1071":"r","1072":"e","1073":"n","1074":"t","1075":"F","1076":"i","1077":"l","1078":"e","1079":"\\","1080":"\"","1081":" ","1082":"c","1083":"l","1084":"a","1085":"s","1086":"s","1087":"=","1088":"\\","1089":"\"","1090":"c","1091":"u","1092":"r","1093":"r","1094":"e","1095":"n","1096":"t","1097":"-","1098":"f","1099":"i","1100":"l","1101":"e","1102":"\\","1103":"\"","1104":">","1105":"\\","1106":"n","1107":" ","1108":" ","1109":" ","1110":" ","1111":" ","1112":" ","1113":"P","1114":"r","1115":"o","1116":"c","1117":"e","1118":"s","1119":"s","1120":"i","1121":"n","1122":"g","1123":":","1124":" ","1125":"{","1126":"{","1127":" ","1128":"f","1129":"o","1130":"r","1131":"m","1132":"a","1133":"t","1134":"F","1135":"i","1136":"l","1137":"e","1138":"P","1139":"a","1140":"t","1141":"h","1142":"(","1143":"d","1144":"a","1145":"t","1146":"a","1147":".","1148":"s","1149":"e","1150":"a","1151":"r","1152":"c","1153":"h","1154":"P","1155":"r","1156":"o","1157":"g","1158":"r","1159":"e","1160":"s","1161":"s","1162":".","1163":"c","1164":"u","1165":"r","1166":"r","1167":"e","1168":"n","1169":"t","1170":"F","1171":"i","1172":"l","1173":"e","1174":")","1175":" ","1176":"}","1177":"}","1178":"\\","1179":"n","1180":" ","1181":" ","1182":" ","1183":" ","1184":"<","1185":"/","1186":"d","1187":"i","1188":"v","1189":">","1190":"\\","1191":"n","1192":" ","1193":" ","1194":"<","1195":"/","1196":"d","1197":"i","1198":"v","1199":">","1200":"\\","1201":"n","1202":"<","1203":"/","1204":"t","1205":"e","1206":"m","1207":"p","1208":"l","1209":"a","1210":"t","1211":"e","1212":">","1213":"\\","1214":"n","1215":"\\","1216":"n","1217":"<","1218":"s","1219":"c","1220":"r","1221":"i","1222":"p","1223":"t","1224":" ","1225":"l","1226":"a","1227":"n","1228":"g","1229":"=","1230":"\\","1231":"\"","1232":"t","1233":"s","1234":"\\","1235":"\"","1236":">","1237":"\\","1238":"n","1239":"i","1240":"m","1241":"p","1242":"o","1243":"r","1244":"t","1245":" ","1246":"{","1247":" ","1248":"d","1249":"e","1250":"f","1251":"i","1252":"n","1253":"e","1254":"C","1255":"o","1256":"m","1257":"p","1258":"o","1259":"n","1260":"e","1261":"n","1262":"t","1263":" ","1264":"}","1265":" ","1266":"f","1267":"r","1268":"o","1269":"m","1270":" ","1271":"'","1272":"v","1273":"u","1274":"e","1275":"'","1276":";","1277":"\\","1278":"n","1279":"i","1280":"m","1281":"p","1282":"o","1283":"r","1284":"t","1285":" ","1286":"t","1287":"y","1288":"p","1289":"e","1290":" ","1291":"{","1292":" ","1293":"P","1294":"r","1295":"o","1296":"p","1297":"T","1298":"y","1299":"p","1300":"e","1301":" ","1302":"}","1303":" ","1304":"f","1305":"r","1306":"o","1307":"m","1308":" ","1309":"'","1310":"v","1311":"u","1312":"e","1313":"'","1314":";","1315":"\\","1316":"n","1317":"i","1318":"m","1319":"p","1320":"o","1321":"r","1322":"t","1323":" ","1324":"{","1325":" ","1326":"S","1327":"e","1328":"a","1329":"r","1330":"c","1331":"h","1332":"S","1333":"t","1334":"a","1335":"t","1336":"e","1337":" ","1338":"}","1339":" ","1340":"f","1341":"r","1342":"o","1343":"m","1344":" ","1345":"'","1346":".","1347":".","1348":"/","1349":".","1350":".","1351":"/","1352":"t","1353":"y","1354":"p","1355":"e","1356":"s","1357":"/","1358":"s","1359":"e","1360":"a","1361":"r","1362":"c","1363":"h","1364":"'","1365":";","1366":"\\","1367":"n","1368":"\\","1369":"n","1370":"e","1371":"x","1372":"p","1373":"o","1374":"r","1375":"t","1376":" ","1377":"d","1378":"e","1379":"f","1380":"a","1381":"u","1382":"l","1383":"t","1384":" ","1385":"d","1386":"e","1387":"f","1388":"i","1389":"n","1390":"e","1391":"C","1392":"o","1393":"m","1394":"p","1395":"o","1396":"n","1397":"e","1398":"n","1399":"t","1400":"(","1401":"{","1402":"\\","1403":"n","1404":" ","1405":" ","1406":"n","1407":"a","1408":"m","1409":"e","1410":":","1411":" ","1412":"'","1413":"P","1414":"r","1415":"o","1416":"g","1417":"r","1418":"e","1419":"s","1420":"s","1421":"I","1422":"n","1423":"d","1424":"i","1425":"c","1426":"a","1427":"t","1428":"o","1429":"r","1430":"'","1431":",","1432":"\\","1433":"n","1434":" ","1435":" ","1436":"p","1437":"r","1438":"o","1439":"p","1440":"s","1441":":","1442":" ","1443":"{","1444":"\\","1445":"n","1446":" ","1447":" ","1448":" ","1449":" ","1450":"d","1451":"a","1452":"t","1453":"a","1454":":","1455":" ","1456":"{","1457":"\\","1458":"n","1459":" ","1460":" ","1461":" ","1462":" ","1463":" ","1464":" ","1465":"t","1466":"y","1467":"p","1468":"e","1469":":","1470":" ","1471":"O","1472":"b","1473":"j","1474":"e","1475":"c","1476":"t","1477":" ","1478":"a","1479":"s","1480":" ","1481":"(","1482":")","1483":" ","1484":"=","1485":">","1486":" ","1487":"S","1488":"e","1489":"a","1490":"r","1491":"c","1492":"h","1493":"S","1494":"t","1495":"a","1496":"t","1497":"e","1498":",","1499":"\\","1500":"n","1501":" ","1502":" ","1503":" ","1504":" ","1505":" ","1506":" ","1507":"r","1508":"e","1509":"q","1510":"u","1511":"i","1512":"r","1513":"e","1514":"d","1515":":","1516":" ","1517":"t","1518":"r","1519":"u","1520":"e","1521":"\\","1522":"n","1523":" ","1524":" ","1525":" ","1526":" ","1527":"}","1528":",","1529":"\\","1530":"n","1531":" ","1532":" ","1533":" ","1534":" ","1535":"f","1536":"o","1537":"r","1538":"m","1539":"a","1540":"t","1541":"F","1542":"i","1543":"l","1544":"e","1545":"P","1546":"a","1547":"t","1548":"h","1549":":","1550":" ","1551":"{","1552":"\\","1553":"n","1554":" ","1555":" ","1556":" ","1557":" ","1558":" ","1559":" ","1560":"t","1561":"y","1562":"p","1563":"e","1564":":","1565":" ","1566":"F","1567":"u","1568":"n","1569":"c","1570":"t","1571":"i","1572":"o","1573":"n","1574":" ","1575":"a","1576":"s","1577":" ","1578":"P","1579":"r","1580":"o","1581":"p","1582":"T","1583":"y","1584":"p","1585":"e","1586":"<","1587":"(","1588":"f","1589":"i","1590":"l","1591":"e","1592":"P","1593":"a","1594":"t","1595":"h","1596":":","1597":" ","1598":"s","1599":"t","1600":"r","1601":"i","1602":"n","1603":"g","1604":")","1605":" ","1606":"=","1607":">","1608":" ","1609":"s","1610":"t","1611":"r","1612":"i","1613":"n","1614":"g","1615":">","1616":",","1617":"\\","1618":"n","1619":" ","1620":" ","1621":" ","1622":" ","1623":" ","1624":" ","1625":"r","1626":"e","1627":"q","1628":"u","1629":"i","1630":"r","1631":"e","1632":"d","1633":":","1634":" ","1635":"t","1636":"r","1637":"u","1638":"e","1639":"\\","1640":"n","1641":" ","1642":" ","1643":" ","1644":" ","1645":"}","1646":"\\","1647":"n","1648":" ","1649":" ","1650":"}","1651":"\\","1652":"n","1653":"}","1654":")","1655":";","1656":"\\","1657":"n","1658":"<","1659":"/","1660":"s","1661":"c","1662":"r","1663":"i","1664":"p","1665":"t","1666":">","1667":"\\","1668":"n","1669":"\\","1670":"n","1671":"<","1672":"s","1673":"t","1674":"y","1675":"l","1676":"e","1677":" ","1678":"s","1679":"c","1680":"o","1681":"p","1682":"e","1683":"d","1684":">","1685":"\\","1686":"n","1687":".","1688":"p","1689":"r","1690":"o","1691":"g","1692":"r","1693":"e","1694":"s","1695":"s","1696":"-","1697":"c","1698":"o","1699":"n","1700":"t","1701":"a","1702":"i","1703":"n","1704":"e","1705":"r","1706":" ","1707":"{","1708":"\\","1709":"n","1710":" ","1711":" ","1712":"m","1713":"a","1714":"x","1715":"-","1716":"w","1717":"i","1718":"d","1719":"t","1720":"h","1721":":","1722":" ","1723":"6","1724":"0","1725":"0","1726":"p","1727":"x","1728":";","1729":"\\","1730":"n","1731":" ","1732":" ","1733":"m","1734":"a","1735":"r","1736":"g","1737":"i","1738":"n","1739":":","1740":" ","1741":"1","1742":".","1743":"5","1744":"r","1745":"e","1746":"m","1747":" ","1748":"a","1749":"u","1750":"t","1751":"o","1752":";","1753":"\\","1754":"n","1755":" ","1756":" ","1757":"p","1758":"a","1759":"d","1760":"d","1761":"i","1762":"n","1763":"g","1764":":","1765":" ","1766":"0","1767":" ","1768":"2","1769":"0","1770":"p","1771":"x","1772":";","1773":"\\","1774":"n","1775":"}","1776":"\\","1777":"n","1778":"\\","1779":"n","1780":".","1781":"p","1782":"r","1783":"o","1784":"g","1785":"r","1786":"e","1787":"s","1788":"s","1789":"-","1790":"b","1791":"a","1792":"r","1793":" ","1794":"{","1795":"\\","1796":"n","1797":" ","1798":" ","1799":"w","1800":"i","1801":"d","1802":"t","1803":"h","1804":":","1805":" ","1806":"1","1807":"0","1808":"0","1809":"%","1810":";","1811":"\\","1812":"n","1813":" ","1814":" ","1815":"h","1816":"e","1817":"i","1818":"g","1819":"h","1820":"t","1821":":","1822":" ","1823":"2","1824":"0","1825":"p","1826":"x","1827":";","1828":"\\","1829":"n","1830":" ","1831":" ","1832":"b","1833":"a","1834":"c","1835":"k","1836":"g","1837":"r","1838":"o","1839":"u","1840":"n","1841":"d","1842":"-","1843":"c","1844":"o","1845":"l","1846":"o","1847":"r","1848":":","1849":" ","1850":"#","1851":"e","1852":"c","1853":"f","1854":"0","1855":"f","1856":"1","1857":";","1858":"\\","1859":"n","1860":" ","1861":" ","1862":"b","1863":"o","1864":"r","1865":"d","1866":"e","1867":"r","1868":"-","1869":"r","1870":"a","1871":"d","1872":"i","1873":"u","1874":"s","1875":":","1876":" ","1877":"1","1878":"0","1879":"p","1880":"x","1881":";","1882":"\\","1883":"n","1884":" ","1885":" ","1886":"o","1887":"v","1888":"e","1889":"r","1890":"f","1891":"l","1892":"o","1893":"w","1894":":","1895":" ","1896":"h","1897":"i","1898":"d","1899":"d","1900":"e","1901":"n","1902":";","1903":"\\","1904":"n","1905":" ","1906":" ","1907":"m","1908":"a","1909":"r","1910":"g","1911":"i","1912":"n","1913":"-","1914":"b","1915":"o","1916":"t","1917":"t","1918":"o","1919":"m","1920":":","1921":" ","1922":"8","1923":"p","1924":"x","1925":";","1926":"\\","1927":"n","1928":" ","1929":" ","1930":"b","1931":"o","1932":"x","1933":"-","1934":"s","1935":"h","1936":"a","1937":"d","1938":"o","1939":"w","1940":":","1941":" ","1942":"i","1943":"n","1944":"s","1945":"e","1946":"t","1947":" ","1948":"0","1949":" ","1950":"1","1951":"p","1952":"x","1953":" ","1954":"3","1955":"p","1956":"x","1957":" ","1958":"r","1959":"g","1960":"b","1961":"a","1962":"(","1963":"0","1964":",","1965":"0","1966":",","1967":"0","1968":",","1969":"0","1970":".","1971":"2","1972":")","1973":";","1974":"\\","1975":"n","1976":"}","1977":"\\","1978":"n","1979":"\\","1980":"n","1981":".","1982":"p","1983":"r","1984":"o","1985":"g","1986":"r","1987":"e","1988":"s","1989":"s","1990":"-","1991":"f","1992":"i","1993":"l","1994":"l","1995":" ","1996":"{","1997":"\\","1998":"n","1999":" ","2000":" ","2001":"h","2002":"e","2003":"i","2004":"g","2005":"h","2006":"t","2007":":","2008":" ","2009":"1","2010":"0","2011":"0","2012":"%","2013":";","2014":"\\","2015":"n","2016":" ","2017":" ","2018":"b","2019":"a","2020":"c","2021":"k","2022":"g","2023":"r","2024":"o","2025":"u","2026":"n","2027":"d","2028":":","2029":" ","2030":"l","2031":"i","2032":"n","2033":"e","2034":"a","2035":"r","2036":"-","2037":"g","2038":"r","2039":"a","2040":"d","2041":"i","2042":"e","2043":"n","2044":"t","2045":"(","2046":"t","2047":"o","2048":" ","2049":"r","2050":"i","2051":"g","2052":"h","2053":"t","2054":",","2055":" ","2056":"#","2057":"3","2058":"4","2059":"9","2060":"8","2061":"d","2062":"b","2063":",","2064":" ","2065":"#","2066":"2","2067":"9","2068":"8","2069":"0","2070":"b","2071":"9","2072":")","2073":";","2074":"\\","2075":"n","2076":" ","2077":" ","2078":"t","2079":"r","2080":"a","2081":"n","2082":"s","2083":"i","2084":"t","2085":"i","2086":"o","2087":"n","2088":":","2089":" ","2090":"w","2091":"i","2092":"d","2093":"t","2094":"h","2095":" ","2096":"0","2097":".","2098":"3","2099":"s","2100":" ","2101":"e","2102":"a","2103":"s","2104":"e","2105":";","2106":"\\","2107":"n","2108":" ","2109":" ","2110":"b","2111":"o","2112":"r","2113":"d","2114":"e","2115":"r","2116":"-","2117":"r","2118":"a","2119":"d","2120":"i","2121":"u","2122":"s","2123":":","2124":" ","2125":"1","2126":"0","2127":"p","2128":"x","2129":";","2130":"\\","2131":"n","2132":" ","2133":" ","2134":"p","2135":"o","2136":"s","2137":"i","2138":"t","2139":"i","2140":"o","2141":"n","2142":":","2143":" ","2144":"r","2145":"e","2146":"l","2147":"a","2148":"t","2149":"i","2150":"v","2151":"e","2152":";","2153":"\\","2154":"n","2155":" ","2156":" ","2157":"o","2158":"v","2159":"e","2160":"r","2161":"f","2162":"l","2163":"o","2164":"w","2165":":","2166":" ","2167":"h","2168":"i","2169":"d","2170":"d","2171":"e","2172":"n","2173":";","2174":"\\","2175":"n","2176":"}","2177":"\\","2178":"n","2179":"\\","2180":"n","2181":".","2182":"p","2183":"r","2184":"o","2185":"g","2186":"r","2187":"e","2188":"s","2189":"s","2190":"-","2191":"f","2192":"i","2193":"l","2194":"l","2195":":","2196":":","2197":"a","2198":"f","2199":"t","2200":"e","2201":"r","2202":" ","2203":"{","2204":"\\","2205":"n","2206":" ","2207":" ","2208":"c","2209":"o","2210":"n","2211":"t","2212":"e","2213":"n","2214":"t","2215":":","2216":" ","2217":"'","2218":"'","2219":";","2220":"\\","2221":"n","2222":" ","2223":" ","2224":"p","2225":"o","2226":"s","2227":"i","2228":"t","2229":"i","2230":"o","2231":"n","2232":":","2233":" ","2234":"a","2235":"b","2236":"s","2237":"o","2238":"l","2239":"u","2240":"t","2241":"e","2242":";","2243":"\\","2244":"n","2245":" ","2246":" ","2247":"t","2248":"o","2249":"p","2250":":","2251":" ","2252":"0","2253":";","2254":"\\","2255":"n","2256":" ","2257":" ","2258":"l","2259":"e","2260":"f","2261":"t","2262":":","2263":" ","2264":"0","2265":";","2266":"\\","2267":"n","2268":" ","2269":" ","2270":"r","2271":"i","2272":"g","2273":"h","2274":"t","2275":":","2276":" ","2277":"0","2278":";","2279":"\\","2280":"n","2281":" ","2282":" ","2283":"b","2284":"o","2285":"t","2286":"t","2287":"o","2288":"m","2289":":","2290":" ","2291":"0","2292":";","2293":"\\","2294":"n","2295":" ","2296":" ","2297":"b","2298":"a","2299":"c","2300":"k","2301":"g","2302":"r","2303":"o","2304":"u","2305":"n","2306":"d","2307":"-","2308":"i","2309":"m","2310":"a","2311":"g","2312":"e","2313":":","2314":" ","2315":"l","2316":"i","2317":"n","2318":"e","2319":"a","2320":"r","2321":"-","2322":"g","2323":"r","2324":"a","2325":"d","2326":"i","2327":"e","2328":"n","2329":"t","2330":"(","2331":"\\","2332":"n","2333":" ","2334":" ","2335":" ","2336":" ","2337":"-","2338":"4","2339":"5","2340":"d","2341":"e","2342":"g","2343":",","2344":"\\","2345":"n","2346":" ","2347":" ","2348":" ","2349":" ","2350":"r","2351":"g","2352":"b","2353":"a","2354":"(","2355":"2","2356":"5","2357":"5","2358":",","2359":" ","2360":"2","2361":"5","2362":"5","2363":",","2364":" ","2365":"2","2366":"5","2367":"5","2368":",","2369":" ","2370":".","2371":"2","2372":")","2373":" ","2374":"2","2375":"5","2376":"%","2377":",","2378":"\\","2379":"n","2380":" ","2381":" ","2382":" ","2383":" ","2384":"t","2385":"r","2386":"a","2387":"n","2388":"s","2389":"p","2390":"a","2391":"r","2392":"e","2393":"n","2394":"t","2395":" ","2396":"2","2397":"5","2398":"%","2399":",","2400":"\\","2401":"n","2402":" ","2403":" ","2404":" ","2405":" ","2406":"t","2407":"r","2408":"a","2409":"n","2410":"s","2411":"p","2412":"a","2413":"r","2414":"e","2415":"n","2416":"t","2417":" ","2418":"5","2419":"0","2420":"%","2421":",","2422":"\\","2423":"n","2424":" ","2425":" ","2426":" ","2427":" ","2428":"r","2429":"g","2430":"b","2431":"a","2432":"(","2433":"2","2434":"5","2435":"5","2436":",","2437":" ","2438":"2","2439":"5","2440":"5","2441":",","2442":" ","2443":"2","2444":"5","2445":"5","2446":",","2447":" ","2448":".","2449":"2","2450":")","2451":" ","2452":"5","2453":"0","2454":"%","2455":",","2456":"\\","2457":"n","2458":" ","2459":" ","2460":" ","2461":" ","2462":"r","2463":"g","2464":"b","2465":"a","2466":"(","2467":"2","2468":"5","2469":"5","2470":",","2471":" ","2472":"2","2473":"5","2474":"5","2475":",","2476":" ","2477":"2","2478":"5","2479":"5","2480":",","2481":" ","2482":".","2483":"2","2484":")","2485":" ","2486":"7","2487":"5","2488":"%","2489":",","2490":"\\","2491":"n","2492":" ","2493":" ","2494":" ","2495":" ","2496":"t","2497":"r","2498":"a","2499":"n","2500":"s","2501":"p","2502":"a","2503":"r","2504":"e","2505":"n","2506":"t","2507":" ","2508":"7","2509":"5","2510":"%","2511":"\\","2512":"n","2513":" ","2514":" ","2515":")","2516":";","2517":"\\","2518":"n","2519":" ","2520":" ","2521":"b","2522":"a","2523":"c","2524":"k","2525":"g","2526":"r","2527":"o","2528":"u","2529":"n","2530":"d","2531":"-","2532":"s","2533":"i","2534":"z","2535":"e","2536":":","2537":" ","2538":"3","2539":"0","2540":"p","2541":"x","2542":" ","2543":"3","2544":"0","2545":"p","2546":"x","2547":";","2548":"\\","2549":"n","2550":" ","2551":" ","2552":"a","2553":"n","2554":"i","2555":"m","2556":"a","2557":"t","2558":"i","2559":"o","2560":"n","2561":":","2562":" ","2563":"p","2564":"r","2565":"o","2566":"g","2567":"r","2568":"e","2569":"s","2570":"s","2571":"-","2572":"s","2573":"h","2574":"i","2575":"n","2576":"e","2577":" ","2578":"1","2579":".","2580":"5","2581":"s","2582":" ","2583":"i","2584":"n","2585":"f","2586":"i","2587":"n","2588":"i","2589":"t","2590":"e","2591":" ","2592":"l","2593":"i","2594":"n","2595":"e","2596":"a","2597":"r","2598":";","2599":"\\","2600":"n","2601":" ","2602":" ","2603":"o","2604":"p","2605":"a","2606":"c","2607":"i","2608":"t","2609":"y","2610":":","2611":" ","2612":"0","2613":".","2614":"3","2615":";","2616":"\\","2617":"n","2618":"}","2619":"\\","2620":"n","2621":"\\","2622":"n","2623":"@","2624":"k","2625":"e","2626":"y","2627":"f","2628":"r","2629":"a","2630":"m","2631":"e","2632":"s","2633":" ","2634":"p","2635":"r","2636":"o","2637":"g","2638":"r","2639":"e","2640":"s","2641":"s","2642":"-","2643":"s","2644":"h","2645":"i","2646":"n","2647":"e","2648":" ","2649":"{","2650":"\\","2651":"n","2652":" ","2653":" ","2654":"0","2655":"%","2656":" ","2657":"{","2658":"\\","2659":"n","2660":" ","2661":" ","2662":" ","2663":" ","2664":"b","2665":"a","2666":"c","2667":"k","2668":"g","2669":"r","2670":"o","2671":"u","2672":"n","2673":"d","2674":"-","2675":"p","2676":"o","2677":"s","2678":"i","2679":"t","2680":"i","2681":"o","2682":"n","2683":":","2684":" ","2685":"0","2686":" ","2687":"0","2688":";","2689":"\\","2690":"n","2691":" ","2692":" ","2693":"}","2694":"\\","2695":"n","2696":" ","2697":" ","2698":"1","2699":"0","2700":"0","2701":"%","2702":" ","2703":"{","2704":"\\","2705":"n","2706":" ","2707":" ","2708":" ","2709":" ","2710":"b","2711":"a","2712":"c","2713":"k","2714":"g","2715":"r","2716":"o","2717":"u","2718":"n","2719":"d","2720":"-","2721":"p","2722":"o","2723":"s","2724":"i","2725":"t","2726":"i","2727":"o","2728":"n","2729":":","2730":" ","2731":"3","2732":"0","2733":"p","2734":"x","2735":" ","2736":"3","2737":"0","2738":"p","2739":"x","2740":";","2741":"\\","2742":"n","2743":" ","2744":" ","2745":"}","2746":"\\","2747":"n","2748":"}","2749":"\\","2750":"n","2751":"\\","2752":"n","2753":".","2754":"p","2755":"r","2756":"o","2757":"g","2758":"r","2759":"e","2760":"s","2761":"s","2762":"-","2763":"i","2764":"n","2765":"f","2766":"o","2767":" ","2768":"{","2769":"\\","2770":"n","2771":" ","2772":" ","2773":"d","2774":"i","2775":"s","2776":"p","2777":"l","2778":"a","2779":"y","2780":":","2781":" ","2782":"f","2783":"l","2784":"e","2785":"x","2786":";","2787":"\\","2788":"n","2789":" ","2790":" ","2791":"j","2792":"u","2793":"s","2794":"t","2795":"i","2796":"f","2797":"y","2798":"-","2799":"c","2800":"o","2801":"n","2802":"t","2803":"e","2804":"n","2805":"t","2806":":","2807":" ","2808":"s","2809":"p","2810":"a","2811":"c","2812":"e","2813":"-","2814":"b","2815":"e","2816":"t","2817":"w","2818":"e","2819":"e","2820":"n","2821":";","2822":"\\","2823":"n","2824":" ","2825":" ","2826":"f","2827":"o","2828":"n","2829":"t","2830":"-","2831":"s","2832":"i","2833":"z","2834":"e","2835":":","2836":" ","2837":"0","2838":".","2839":"9","2840":"e","2841":"m","2842":";","2843":"\\","2844":"n","2845":" ","2846":" ","2847":"c","2848":"o","2849":"l","2850":"o","2851":"r","2852":":","2853":" ","2854":"#","2855":"7","2856":"f","2857":"8","2858":"c","2859":"8","2860":"d","2861":";","2862":"\\","2863":"n","2864":" ","2865":" ","2866":"m","2867":"a","2868":"r","2869":"g","2870":"i","2871":"n","2872":"-","2873":"b","2874":"o","2875":"t","2876":"t","2877":"o","2878":"m","2879":":","2880":" ","2881":"5","2882":"p","2883":"x","2884":";","2885":"\\","2886":"n","2887":"}","2888":"\\","2889":"n","2890":"\\","2891":"n","2892":".","2893":"c","2894":"u","2895":"r","2896":"r","2897":"e","2898":"n","2899":"t","2900":"-","2901":"f","2902":"i","2903":"l","2904":"e","2905":" ","2906":"{","2907":"\\","2908":"n","2909":" ","2910":" ","2911":"f","2912":"o","2913":"n","2914":"t","2915":"-","2916":"s","2917":"i","2918":"z","2919":"e","2920":":","2921":" ","2922":"0","2923":".","2924":"8","2925":"5","2926":"e","2927":"m","2928":";","2929":"\\","2930":"n","2931":" ","2932":" ","2933":"c","2934":"o","2935":"l","2936":"o","2937":"r","2938":":","2939":" ","2940":"#","2941":"9","2942":"5","2943":"a","2944":"5","2945":"a","2946":"6","2947":";","2948":"\\","2949":"n","2950":" ","2951":" ","2952":"o","2953":"v","2954":"e","2955":"r","2956":"f","2957":"l","2958":"o","2959":"w","2960":":","2961":" ","2962":"h","2963":"i","2964":"d","2965":"d","2966":"e","2967":"n","2968":";","2969":"\\","2970":"n","2971":" ","2972":" ","2973":"t","2974":"e","2975":"x","2976":"t","2977":"-","2978":"o","2979":"v","2980":"e","2981":"r","2982":"f","2983":"l","2984":"o","2985":"w","2986":":","2987":" ","2988":"e","2989":"l","2990":"l","2991":"i","2992":"p","2993":"s","2994":"i","2995":"s","2996":";","2997":"\\","2998":"n","2999":" ","3000":" ","3001":"w","3002":"h","3003":"i","3004":"t","3005":"e","3006":"-","3007":"s","3008":"p","3009":"a","3010":"c","3011":"e","3012":":","3013":" ","3014":"n","3015":"o","3016":"w","3017":"r","3018":"a","3019":"p","3020":";","3021":"\\","3022":"n","3023":"}","3024":"\\","3025":"n","3026":"<","3027":"/","3028":"s","3029":"t","3030":"y","3031":"l","3032":"e","3033":">","3034":"\"","3035":"]","3036":"}"},"_coverageSchema":"1a1c01bbd47fc00a2c39e90264f33305004495a9","hash":"d233e4f98fb71e26ebb4078730bcdb5c5e11c577"}
,"/home/afman42/repo/code-search-golang/frontend/src/components/ui/SearchForm.vue": {"path":"/home/afman42/repo/code-search-golang/frontend/src/components/ui/SearchForm.vue","statementMap":{"0":{"start":{"line":3,"column":0},"end":{"line":5,"column":3}},"1":{"start":{"line":6,"column":12},"end":{"line":6,"column":26}},"2":{"start":{"line":7,"column":0},"end":{"line":80,"column":3}},"3":{"start":{"line":25,"column":27},"end":{"line":25,"column":75}},"4":{"start":{"line":27,"column":4},"end":{"line":42,"column":7}},"5":{"start":{"line":28,"column":6},"end":{"line":28,"column":40}},"6":{"start":{"line":30,"column":6},"end":{"line":41,"column":7}},"7":{"start":{"line":31,"column":8},"end":{"line":31,"column":40}},"8":{"start":{"line":32,"column":13},"end":{"line":41,"column":7}},"9":{"start":{"line":34,"column":8},"end":{"line":38,"column":16}},"10":{"start":{"line":35,"column":10},"end":{"line":35,"column":26}},"11":{"start":{"line":37,"column":10},"end":{"line":37,"column":30}},"12":{"start":{"line":40,"column":8},"end":{"line":40,"column":36}},"13":{"start":{"line":44,"column":31},"end":{"line":53,"column":5}},"14":{"start":{"line":45,"column":26},"end":{"line":45,"column":38}},"15":{"start":{"line":46,"column":20},"end":{"line":46,"column":39}},"16":{"start":{"line":47,"column":6},"end":{"line":50,"column":7}},"17":{"start":{"line":48,"column":8},"end":{"line":48,"column":45}},"18":{"start":{"line":49,"column":8},"end":{"line":49,"column":32}},"19":{"start":{"line":52,"column":6},"end":{"line":52,"column":38}},"20":{"start":{"line":55,"column":24},"end":{"line":58,"column":5}},"21":{"start":{"line":56,"column":6},"end":{"line":56,"column":46}},"22":{"start":{"line":57,"column":6},"end":{"line":57,"column":30}},"23":{"start":{"line":60,"column":24},"end":{"line":60,"column":42}},"24":{"start":{"line":61,"column":27},"end":{"line":67,"column":5}},"25":{"start":{"line":62,"column":6},"end":{"line":66,"column":7}},"26":{"start":{"line":63,"column":8},"end":{"line":63,"column":57}},"27":{"start":{"line":64,"column":8},"end":{"line":64,"column":32}},"28":{"start":{"line":65,"column":8},"end":{"line":65,"column":33}},"29":{"start":{"line":69,"column":32},"end":{"line":71,"column":5}},"30":{"start":{"line":70,"column":6},"end":{"line":70,"column":58}},"31":{"start":{"line":72,"column":4},"end":{"line":78,"column":6}},"32":{"start":{"line":81,"column":0},"end":{"line":81,"column":13}},"33":{"start":{"line":82,"column":20},"end":{"line":90,"column":1}},"34":{"start":{"line":83,"column":4},"end":{"line":88,"column":5}},"35":{"start":{"line":83,"column":40},"end":{"line":88,"column":5}},"36":{"start":{"line":83,"column":53},"end":{"line":83,"column":54}},"37":{"start":{"line":83,"column":60},"end":{"line":83,"column":71}},"38":{"start":{"line":84,"column":8},"end":{"line":87,"column":9}},"39":{"start":{"line":85,"column":12},"end":{"line":85,"column":65}},"40":{"start":{"line":85,"column":21},"end":{"line":85,"column":65}},"41":{"start":{"line":86,"column":12},"end":{"line":86,"column":28}},"42":{"start":{"line":89,"column":4},"end":{"line":89,"column":61}},"43":{"start":{"line":91,"column":0},"end":{"line":91,"column":62}},"44":{"start":{"line":92,"column":0},"end":{"line":92,"column":24}},"45":{"start":{"line":93,"column":12},"end":{"line":93,"column":26}},"46":{"start":{"line":94,"column":17},"end":{"line":94,"column":45}},"47":{"start":{"line":95,"column":17},"end":{"line":95,"column":43}},"48":{"start":{"line":96,"column":17},"end":{"line":96,"column":45}},"49":{"start":{"line":97,"column":17},"end":{"line":97,"column":43}},"50":{"start":{"line":98,"column":17},"end":{"line":98,"column":43}},"51":{"start":{"line":99,"column":17},"end":{"line":99,"column":43}},"52":{"start":{"line":100,"column":17},"end":{"line":100,"column":58}},"53":{"start":{"line":101,"column":17},"end":{"line":101,"column":58}},"54":{"start":{"line":102,"column":17},"end":{"line":102,"column":58}},"55":{"start":{"line":103,"column":18},"end":{"line":103,"column":59}},"56":{"start":{"line":104,"column":18},"end":{"line":104,"column":44}},"57":{"start":{"line":105,"column":18},"end":{"line":105,"column":44}},"58":{"start":{"line":106,"column":18},"end":{"line":106,"column":44}},"59":{"start":{"line":107,"column":18},"end":{"line":107,"column":44}},"60":{"start":{"line":108,"column":18},"end":{"line":108,"column":44}},"61":{"start":{"line":109,"column":18},"end":{"line":109,"column":57}},"62":{"start":{"line":110,"column":18},"end":{"line":110,"column":56}},"63":{"start":{"line":111,"column":18},"end":{"line":111,"column":43}},"64":{"start":{"line":112,"column":18},"end":{"line":112,"column":61}},"65":{"start":{"line":113,"column":18},"end":{"line":113,"column":51}},"66":{"start":{"line":114,"column":18},"end":{"line":114,"column":44}},"67":{"start":{"line":115,"column":18},"end":{"line":115,"column":30}},"68":{"start":{"line":116,"column":18},"end":{"line":119,"column":1}},"69":{"start":{"line":121,"column":4},"end":{"line":357,"column":8}},"70":{"start":{"line":127,"column":89},"end":{"line":127,"column":129}},"71":{"start":{"line":139,"column":39},"end":{"line":139,"column":41}},"72":{"start":{"line":140,"column":28},"end":{"line":142,"column":29}},"73":{"start":{"line":140,"column":42},"end":{"line":140,"column":43}},"74":{"start":{"line":141,"column":32},"end":{"line":141,"column":57}},"75":{"start":{"line":143,"column":28},"end":{"line":143,"column":100}},"76":{"start":{"line":152,"column":85},"end":{"line":152,"column":121}},"77":{"start":{"line":159,"column":31},"end":{"line":159,"column":33}},"78":{"start":{"line":160,"column":20},"end":{"line":162,"column":21}},"79":{"start":{"line":160,"column":34},"end":{"line":160,"column":35}},"80":{"start":{"line":161,"column":24},"end":{"line":161,"column":49}},"81":{"start":{"line":163,"column":20},"end":{"line":163,"column":82}},"82":{"start":{"line":173,"column":85},"end":{"line":173,"column":125}},"83":{"start":{"line":185,"column":89},"end":{"line":185,"column":133}},"84":{"start":{"line":195,"column":89},"end":{"line":195,"column":128}},"85":{"start":{"line":205,"column":89},"end":{"line":205,"column":133}},"86":{"start":{"line":215,"column":89},"end":{"line":215,"column":133}},"87":{"start":{"line":228,"column":89},"end":{"line":228,"column":131}},"88":{"start":{"line":245,"column":91},"end":{"line":245,"column":133}},"89":{"start":{"line":262,"column":91},"end":{"line":262,"column":132}},"90":{"start":{"line":281,"column":24},"end":{"line":292,"column":28}},"91":{"start":{"line":289,"column":61},"end":{"line":289,"column":96}},"92":{"start":{"line":302,"column":43},"end":{"line":302,"column":45}},"93":{"start":{"line":303,"column":32},"end":{"line":305,"column":33}},"94":{"start":{"line":303,"column":46},"end":{"line":303,"column":47}},"95":{"start":{"line":304,"column":36},"end":{"line":304,"column":61}},"96":{"start":{"line":306,"column":32},"end":{"line":306,"column":114}},"97":{"start":{"line":313,"column":99},"end":{"line":313,"column":138}},"98":{"start":{"line":326,"column":47},"end":{"line":326,"column":49}},"99":{"start":{"line":327,"column":36},"end":{"line":329,"column":37}},"100":{"start":{"line":327,"column":50},"end":{"line":327,"column":51}},"101":{"start":{"line":328,"column":40},"end":{"line":328,"column":65}},"102":{"start":{"line":330,"column":36},"end":{"line":330,"column":110}},"103":{"start":{"line":343,"column":35},"end":{"line":343,"column":37}},"104":{"start":{"line":344,"column":24},"end":{"line":346,"column":25}},"105":{"start":{"line":344,"column":38},"end":{"line":344,"column":39}},"106":{"start":{"line":345,"column":28},"end":{"line":345,"column":53}},"107":{"start":{"line":347,"column":24},"end":{"line":347,"column":86}},"108":{"start":{"line":359,"column":0},"end":{"line":359,"column":24}},"109":{"start":{"line":360,"column":1},"end":{"line":360,"column":48}}},"fnMap":{"0":{"name":"(anonymous_0)","decl":{"start":{"line":23,"column":9},"end":{"line":23,"column":10}},"loc":{"start":{"line":23,"column":26},"end":{"line":79,"column":3}},"line":23},"1":{"name":"(anonymous_1)","decl":{"start":{"line":27,"column":21},"end":{"line":27,"column":22}},"loc":{"start":{"line":27,"column":33},"end":{"line":29,"column":5}},"line":27},"2":{"name":"(anonymous_2)","decl":{"start":{"line":29,"column":7},"end":{"line":29,"column":8}},"loc":{"start":{"line":29,"column":25},"end":{"line":42,"column":5}},"line":29},"3":{"name":"(anonymous_3)","decl":{"start":{"line":34,"column":64},"end":{"line":34,"column":65}},"loc":{"start":{"line":34,"column":77},"end":{"line":36,"column":9}},"line":34},"4":{"name":"(anonymous_4)","decl":{"start":{"line":36,"column":18},"end":{"line":36,"column":19}},"loc":{"start":{"line":36,"column":31},"end":{"line":38,"column":9}},"line":36},"5":{"name":"(anonymous_5)","decl":{"start":{"line":44,"column":31},"end":{"line":44,"column":32}},"loc":{"start":{"line":44,"column":48},"end":{"line":53,"column":5}},"line":44},"6":{"name":"(anonymous_6)","decl":{"start":{"line":55,"column":24},"end":{"line":55,"column":25}},"loc":{"start":{"line":55,"column":41},"end":{"line":58,"column":5}},"line":55},"7":{"name":"(anonymous_7)","decl":{"start":{"line":61,"column":27},"end":{"line":61,"column":28}},"loc":{"start":{"line":61,"column":39},"end":{"line":67,"column":5}},"line":61},"8":{"name":"(anonymous_8)","decl":{"start":{"line":69,"column":32},"end":{"line":69,"column":33}},"loc":{"start":{"line":69,"column":44},"end":{"line":71,"column":5}},"line":69},"9":{"name":"(anonymous_9)","decl":{"start":{"line":82,"column":52},"end":{"line":82,"column":53}},"loc":{"start":{"line":82,"column":78},"end":{"line":90,"column":1}},"line":82},"10":{"name":"render","decl":{"start":{"line":120,"column":9},"end":{"line":120,"column":15}},"loc":{"start":{"line":120,"column":30},"end":{"line":358,"column":1}},"line":120},"11":{"name":"(anonymous_11)","decl":{"start":{"line":127,"column":69},"end":{"line":127,"column":70}},"loc":{"start":{"line":127,"column":87},"end":{"line":127,"column":131}},"line":127},"12":{"name":"(anonymous_12)","decl":{"start":{"line":138,"column":24},"end":{"line":138,"column":25}},"loc":{"start":{"line":138,"column":36},"end":{"line":144,"column":25}},"line":138},"13":{"name":"(anonymous_13)","decl":{"start":{"line":152,"column":65},"end":{"line":152,"column":66}},"loc":{"start":{"line":152,"column":83},"end":{"line":152,"column":123}},"line":152},"14":{"name":"(anonymous_14)","decl":{"start":{"line":158,"column":16},"end":{"line":158,"column":17}},"loc":{"start":{"line":158,"column":28},"end":{"line":164,"column":17}},"line":158},"15":{"name":"(anonymous_15)","decl":{"start":{"line":173,"column":65},"end":{"line":173,"column":66}},"loc":{"start":{"line":173,"column":83},"end":{"line":173,"column":127}},"line":173},"16":{"name":"(anonymous_16)","decl":{"start":{"line":185,"column":69},"end":{"line":185,"column":70}},"loc":{"start":{"line":185,"column":87},"end":{"line":185,"column":135}},"line":185},"17":{"name":"(anonymous_17)","decl":{"start":{"line":195,"column":69},"end":{"line":195,"column":70}},"loc":{"start":{"line":195,"column":87},"end":{"line":195,"column":130}},"line":195},"18":{"name":"(anonymous_18)","decl":{"start":{"line":205,"column":69},"end":{"line":205,"column":70}},"loc":{"start":{"line":205,"column":87},"end":{"line":205,"column":135}},"line":205},"19":{"name":"(anonymous_19)","decl":{"start":{"line":215,"column":69},"end":{"line":215,"column":70}},"loc":{"start":{"line":215,"column":87},"end":{"line":215,"column":135}},"line":215},"20":{"name":"(anonymous_20)","decl":{"start":{"line":228,"column":69},"end":{"line":228,"column":70}},"loc":{"start":{"line":228,"column":87},"end":{"line":228,"column":133}},"line":228},"21":{"name":"(anonymous_21)","decl":{"start":{"line":245,"column":71},"end":{"line":245,"column":72}},"loc":{"start":{"line":245,"column":89},"end":{"line":245,"column":135}},"line":245},"22":{"name":"(anonymous_22)","decl":{"start":{"line":262,"column":71},"end":{"line":262,"column":72}},"loc":{"start":{"line":262,"column":89},"end":{"line":262,"column":134}},"line":262},"23":{"name":"(anonymous_23)","decl":{"start":{"line":280,"column":146},"end":{"line":280,"column":147}},"loc":{"start":{"line":280,"column":172},"end":{"line":293,"column":21}},"line":280},"24":{"name":"(anonymous_24)","decl":{"start":{"line":289,"column":41},"end":{"line":289,"column":42}},"loc":{"start":{"line":289,"column":59},"end":{"line":289,"column":98}},"line":289},"25":{"name":"(anonymous_25)","decl":{"start":{"line":301,"column":28},"end":{"line":301,"column":29}},"loc":{"start":{"line":301,"column":40},"end":{"line":307,"column":29}},"line":301},"26":{"name":"(anonymous_26)","decl":{"start":{"line":313,"column":79},"end":{"line":313,"column":80}},"loc":{"start":{"line":313,"column":97},"end":{"line":313,"column":140}},"line":313},"27":{"name":"(anonymous_27)","decl":{"start":{"line":325,"column":32},"end":{"line":325,"column":33}},"loc":{"start":{"line":325,"column":44},"end":{"line":331,"colum
[...]
rt":{"line":67,"column":25},"end":{"line":67,"column":26}},"loc":{"start":{"line":67,"column":49},"end":{"line":72,"column":3}}},"4":{"name":"(anonymous_4)","decl":{"start":{"line":69,"column":32},"end":{"line":69,"column":33}},"loc":{"start":{"line":69,"column":42},"end":{"line":71,"column":5}}},"5":{"name":"(anonymous_5)","decl":{"start":{"line":78,"column":26},"end":{"line":78,"column":31}},"loc":{"start":{"line":78,"column":37},"end":{"line":113,"column":3}}},"6":{"name":"(anonymous_6)","decl":{"start":{"line":120,"column":21},"end":{"line":120,"column":26}},"loc":{"start":{"line":120,"column":32},"end":{"line":279,"column":3}}},"7":{"name":"(anonymous_7)","decl":{"start":{"line":199,"column":38},"end":{"line":199,"column":39}},"loc":{"start":{"line":199,"column":43},"end":{"line":199,"column":55}}},"8":{"name":"(anonymous_8)","decl":{"start":{"line":205,"column":58},"end":{"line":205,"column":59}},"loc":{"start":{"line":205,"column":80},"end":{"line":222,"column":7}}},"9":{"name":"(anonymous_9)","decl":{"start":{"line":249,"column":8},"end":{"line":249,"column":9}},"loc":{"start":{"line":250,"column":10},"end":{"line":250,"column":79}}},"10":{"name":"(anonymous_10)","decl":{"start":{"line":265,"column":17},"end":{"line":265,"column":20}},"loc":{"start":{"line":265,"column":22},"end":{"line":267,"column":7}}},"11":{"name":"(anonymous_11)","decl":{"start":{"line":287,"column":25},"end":{"line":287,"column":26}},"loc":{"start":{"line":287,"column":54},"end":{"line":312,"column":3}}},"12":{"name":"(anonymous_12)","decl":{"start":{"line":321,"column":25},"end":{"line":321,"column":26}},"loc":{"start":{"line":321,"column":65},"end":{"line":352,"column":3}}},"13":{"name":"(anonymous_13)","decl":{"start":{"line":358,"column":26},"end":{"line":358,"column":31}},"loc":{"start":{"line":358,"column":49},"end":{"line":389,"column":3}}},"14":{"name":"(anonymous_14)","decl":{"start":{"line":396,"column":27},"end":{"line":396,"column":32}},"loc":{"start":{"line":396,"column":54},"end":{"line":413,"column":3}}}},"branchMap":{"0":{"loc":{"start":{"line":15,"column":4},"end":{"line":17,"column":null}},"type":"if","locations":[{"start":{"line":15,"column":4},"end":{"line":17,"column":null}}]},"1":{"loc":{"start":{"line":68,"column":4},"end":{"line":68,"column":24}},"type":"if","locations":[{"start":{"line":68,"column":4},"end":{"line":68,"column":24}}]},"2":{"loc":{"start":{"line":70,"column":13},"end":{"line":70,"column":44}},"type":"cond-expr","locations":[{"start":{"line":70,"column":29},"end":{"line":70,"column":35}},{"start":{"line":70,"column":38},"end":{"line":70,"column":44}}]},"3":{"loc":{"start":{"line":84,"column":6},"end":{"line":90,"column":null}},"type":"if","locations":[{"start":{"line":84,"column":6},"end":{"line":90,"column":null}},{"start":{"line":87,"column":13},"end":{"line":90,"column":null}}]},"4":{"loc":{"start":{"line":84,"column":10},"end":{"line":84,"column":56}},"type":"binary-expr","locations":[{"start":{"line":84,"column":10},"end":{"line":84,"column":21}},{"start":{"line":84,"column":25},"end":{"line":84,"column":56}}]},"5":{"loc":{"start":{"line":87,"column":13},"end":{"line":90,"column":null}},"type":"if","locations":[{"start":{"line":87,"column":13},"end":{"line":90,"column":null}}]},"6":{"loc":{"start":{"line":97,"column":6},"end":{"line":108,"column":null}},"type":"if","locations":[{"start":{"line":97,"column":6},"end":{"line":108,"column":null}}]},"7":{"loc":{"start":{"line":97,"column":10},"end":{"line":97,"column":66}},"type":"binary-expr","locations":[{"start":{"line":97,"column":10},"end":{"line":97,"column":15}},{"start":{"line":97,"column":19},"end":{"line":97,"column":44}},{"start":{"line":97,"column":48},"end":{"line":97,"column":66}}]},"8":{"loc":{"start":{"line":98,"column":26},"end":{"line":98,"column":66}},"type":"binary-expr","locations":[{"start":{"line":98,"column":26},"end":{"line":98,"column":49}},{"start":{"line":98,"column":53},"end":{"line":98,"column":66}}]},"9":{"loc":{"start":{"line":101,"column":8},"end":{"line":107,"column":null}},"type":"if","locations":[{"start":{"line":101,"column":8},"end":{"line":107,"column":null}},{"start":{"line":103,"column":15},"end":{"line":107,"column":null}}]},"10":{"loc":{"start":{"line":103,"column":15},"end":{"line":107,"column":null}},"type":"if","locations":[{"start":{"line":103,"column":15},"end":{"line":107,"column":null}},{"start":{"line":105,"column":15},"end":{"line":107,"column":null}}]},"11":{"loc":{"start":{"line":125,"column":4},"end":{"line":129,"column":null}},"type":"if","locations":[{"start":{"line":125,"column":4},"end":{"line":129,"column":null}}]},"12":{"loc":{"start":{"line":131,"column":4},"end":{"line":135,"column":null}},"type":"if","locations":[{"start":{"line":131,"column":4},"end":{"line":135,"column":null}}]},"13":{"loc":{"start":{"line":138,"column":4},"end":{"line":142,"column":null}},"type":"if","locations":[{"start":{"line":138,"column":4},"end":{"line":142,"column":null}}]},"14":{"loc":{"start":{"line":138,"column":8},"end":{"line":138,"column":68}},"type":"binary-expr","locations":[{"start":{"line":138,"column":8},"end":{"line":138,"column":44}},{"start":{"line":138,"column":48},"end":{"line":138,"column":68}}]},"15":{"loc":{"start":{"line":144,"column":4},"end":{"line":148,"column":null}},"type":"if","locations":[{"start":{"line":144,"column":4},"end":{"line":148,"column":null}}]},"16":{"loc":{"start":{"line":144,"column":8},"end":{"line":144,"column":68}},"type":"binary-expr","locations":[{"start":{"line":144,"column":8},"end":{"line":144,"column":44}},{"start":{"line":144,"column":48},"end":{"line":144,"column":68}}]},"17":{"loc":{"start":{"line":150,"column":4},"end":{"line":154,"column":null}},"type":"if","locations":[{"start":{"line":150,"column":4},"end":{"line":154,"column":null}}]},"18":{"loc":{"start":{"line":150,"column":8},"end":{"line":150,"column":67}},"type":"binary-expr","locations":[{"start":{"line":150,"column":8},"end":{"line":150,"column":43}},{"start":{"line":150,"column":47},"end":{"line":150,"column":67}}]},"19":{"loc":{"start":{"line":173,"column":4},"end":{"line":184,"column":null}},"type":"if","locations":[{"start":{"line":173,"column":4},"end":{"line":184,"column":null}}]},"20":{"loc":{"start":{"line":178,"column":52},"end":{"line":178,"column":80}},"type":"binary-expr","locations":[{"start":{"line":178,"column":52},"end":{"line":178,"column":61}},{"start":{"line":178,"column":65},"end":{"line":178,"column":80}}]},"21":{"loc":{"start":{"line":179,"column":39},"end":{"line":179,"column":67}},"type":"binary-expr","locations":[{"start":{"line":179,"column":39},"end":{"line":179,"column":48}},{"start":{"line":179,"column":52},"end":{"line":179,"column":67}}]},"22":{"loc":{"start":{"line":193,"column":19},"end":{"line":193,"column":55}},"type":"binary-expr","locations":[{"start":{"line":193,"column":19},"end":{"line":193,"column":43}},{"start":{"line":193,"column":47},"end":{"line":193,"column":55}}]},"23":{"loc":{"start":{"line":194,"column":19},"end":{"line":194,"column":48}},"type":"binary-expr","locations":[{"start":{"line":194,"column":19},"end":{"line":194,"column":43}},{"start":{"line":194,"column":47},"end":{"line":194,"column":48}}]},"24":{"loc":{"start":{"line":195,"column":18},"end":{"line":195,"column":49}},"type":"binary-expr","locations":[{"start":{"line":195,"column":18},"end":{"line":195,"column":41}},{"start":{"line":195,"column":45},"end":{"line":195,"column":49}}]},"25":{"loc":{"start":{"line":198,"column":23},"end":{"line":200,"column":12}},"type":"cond-expr","locations":[{"start":{"line":199,"column":10},"end":{"line":199,"column":56}},{"start":{"line":200,"column":10},"end":{"line":200,"column":12}}]},"26":{"loc":{"start":{"line":206,"column":8},"end":{"line":221,"column":null}},"type":"if","locations":[{"start":{"line":206,"column":8},"end":{"line":221,"column":null}}]},"27":{"loc":{"start":{"line":208,"column":28},"end":{"line":208,"column":60}},"type":"binary-expr","locations":[{"start":{"line":208,"column":28},"end":{"line":208,"column":55}},{"start":{"line":208,"column":59},"end":{"line":208,"column":60}}]},"28":{"loc":{"start":{"line":209,"column":24},"end":{"line":209,"column":52}},"type":"binary-expr","locations":[{"start":{"line":209,"column":24},"end":{"line":209,"column":47}},{"start":{"line":209,"column":51},"end":{"line":209,"column":52}}]},"29":{"loc":{"start":{"line":210,"column":25},"end":{"line":210,"column":55}},"type":"binary-expr","locations":[{"start":{"line":210,"column":25},"end":{"line":210,"column":49}},{"start":{"line":210,"column":53},"end":{"line":210,"column":55}}]},"30":{"loc":{"start":{"line":211,"column":26},"end":{"line":211,"column":56}},"type":"binary-expr","locations":[{"start":{"line":211,"column":26},"end":{"line":211,"column":51}},{"start":{"line":211,"column":55},"end":{"line":211,"column":56}}]},"31":{"loc":{"start":{"line":212,"column":20},"end":{"line":212,"column":45}},"type":"binary-expr","locations":[{"start":{"line":212,"column":20},"end":{"line":212,"column":39}},{"start":{"line":212,"column":43},"end":{"line":212,"column":45}}]},"32":{"loc":{"start":{"line":216,"column":10},"end":{"line":220,"column":null}},"type":"if","locations":[{"start":{"line":216,"column":10},"end":{"line":220,"column":null}},{"start":{"line":218,"column":17},"end":{"line":220,"column":null}}]},"33":{"loc":{"start":{"line":217,"column":56},"end":{"line":217,"column":88}},"type":"binary-expr","locations":[{"start":{"line":217,"column":56},"end":{"line":217,"column":83}},{"start":{"line":217,"column":87},"end":{"line":217,"column":88}}]},"34":{"loc":{"start":{"line":217,"column":95},"end":{"line":217,"column":123}},"type":"binary-expr","locations":[{"start":{"line":217,"column":95},"end":{"line":217,"column":118}},{"start":{"line":217,"column":122},"end":{"line":217,"column":123}}]},"35":{"loc":{"start":{"line":217,"column":140},"end":{"line":217,"column":170}},"type":"binary-expr","locations":[{"start":{"line":217,"column":140},"end":{"line":217,"column":165}},{"start":{"line":217,"column":169},"end":{"line":217,"column":170}}]},"36":{"loc":{"start":{"line":218,"column":17},"end":{"line":220,"column":null}},"type":"if","locations":[{"start":{"line":218,"column":17},"end":{"line":220,"column":null}}]},"37":{"loc":{"start":{"line":219,"column":61},"end":{"line":219,"column":93}},"type":"binary-expr","locations":[{"start":{"line":219,"column":61},"end":{"line":219,"column":88}},{"start":{"line":219,"column":92},"end":{"line":219,"column":93}}]},"38":{"loc":{"start":{"line":219,"column":110},"end":{"line":219,"column":140}},"type":"binary-expr","locations":[{"start":{"line":219,"column":110},"end":{"line":219,"column":135}},{"start":{"line":219,"column":139},"end":{"line":219,"column":140}}]},"39":{"loc":{"start":{"line":228,"column":31},"end":{"line":228,"column":81}},"type":"cond-expr","locations":[{"start":{"line":228,"column":56},"end":{"line":228,"column":63}},{"start":{"line":228,"column":67},"end":{"line":228,"column":80}}]},"40":{"loc":{"start":{"line":228,"column":67},"end":{"line":228,"column":80}},"type":"binary-expr","locations":[{"start":{"line":228,"column":67},"end":{"line":228,"column":74}},{"start":{"line":228,"column":78},"end":{"line":228,"column":80}}]},"41":{"loc":{"start":{"line":236,"column":24},"end":{"line":239,"column":28}},"type":"cond-expr","locations":[{"start":{"line":237,"column":10},"end":{"line":238,"column":53}},{"start":{"line":239,"column":10},"end":{"line":239,"column":28}}]},"42":{"loc":{"start":{"line":238,"column":11},"end":{"line":238,"column":52}},"type":"cond-expr","locations":[{"start":{"line":238,"column":35},"end":{"line":238,"column":47}},{"start":{"line":238,"column":50},"end":{"line":238,"column":52}}]},"43":{"loc":{"start":{"line":250,"column":12},"end":{"line":250,"column":78}},"type":"binary-expr","locations":[{"start":{"line":250,"column":12},"end":{"line":250,"column":39}},{"start":{"line":250,"column":43},"end":{"line":250,"column":78}}]},"44":{"loc":{"start":{"line":257,"column":6},"end":{"line":259,"column":null}},"type":"if","locations":[{"start":{"line":257,"column":6},"end":{"line":259,"column":null}}]},"45":{"loc":{"start":{"line":271,"column":34},"end":{"line":271,"column":75}},"type":"binary-expr","locations":[{"start":{"line":271,"column":34},"end":{"line":271,"column":47}},{"start":{"line":271,"column":51},"end":{"line":271,"column":75}}]},"46":{"loc":{"start":{"line":272,"column":19},"end":{"line":272,"column":60}},"type":"binary-expr","locations":[{"start":{"line":272,"column":19},"end":{"line":272,"column":32}},{"start":{"line":272,"column":36},"end":{"line":272,"column":60}}]},"47":{"loc":{"start":{"line":290,"column":6},"end":{"line":290,"column":63}},"type":"if","locations":[{"start":{"line":290,"column":6},"end":{"line":290,"column":63}}]},"48":{"loc":{"start":{"line":290,"column":10},"end":{"line":290,"column":51}},"type":"binary-expr","locations":[{"start":{"line":290,"column":10},"end":{"line":290,"column":19}},{"start":{"line":290,"column":23},"end":{"line":290,"column":51}}]},"49":{"loc":{"start":{"line":298,"column":6},"end":{"line":298,"column":37}},"type":"if","locations":[{"start":{"line":298,"column":6},"end":{"line":298,"column":37}}]},"50":{"loc":{"start":{"line":300,"column":24},"end":{"line":300,"column":71}},"type":"cond-expr","locations":[{"start":{"line":300,"column":43},"end":{"line":300,"column":66}},{"start":{"line":300,"column":69},"end":{"line":300,"column":71}}]},"51":{"loc":{"start":{"line":303,"column":6},"end":{"line":305,"column":null}},"type":"if","locations":[{"start":{"line":303,"column":6},"end":{"line":305,"column":null}}]},"52":{"loc":{"start":{"line":324,"column":6},"end":{"line":324,"column":55}},"type":"if","locations":[{"start":{"line":324,"column":6},"end":{"line":324,"column":55}}]},"53":{"loc":{"start":{"line":324,"column":10},"end":{"line":324,"column":43}},"type":"binary-expr","locations":[{"start":{"line":324,"column":10},"end":{"line":324,"column":15}},{"start":{"line":324,"column":19},"end":{"line":324,"column":43}}]},"54":{"loc":{"start":{"line":325,"column":6},"end":{"line":325,"column":59}},"type":"if","locations":[{"start":{"line":325,"column":6},"end":{"line":325,"column":59}}]},"55":{"loc":{"start":{"line":325,"column":10},"end":{"line":325,"column":45}},"type":"binary-expr","locations":[{"start":{"line":325,"column":10},"end":{"line":325,"column":16}},{"start":{"line":325,"column":20},"end":{"line":325,"column":45}}]},"56":{"loc":{"start":{"line":328,"column":23},"end":{"line":328,"column":89}},"type":"cond-expr","locations":[{"start":{"line":328,"column":68},"end":{"line":328,"column":81}},{"start":{"line":328,"column":84},"end":{"line":328,"column":89}}]},"57":{"loc":{"start":{"line":328,"column":23},"end":{"line":328,"column":65}},"type":"binary-expr","locations":[{"start":{"line":328,"column":23},"end":{"line":328,"column":27}},{"start":{"line":328,"column":31},"end":{"line":328,"column":65}}]},"58":{"loc":{"start":{"line":329,"column":28},"end":{"line":329,"column":104}},"type":"cond-expr","locations":[{"start":{"line":329,"column":78},"end":{"line":329,"column":96}},{"start":{"line":329,"column":99},"end":{"line":329,"column":104}}]},"59":{"loc":{"start":{"line":329,"column":28},"end":{"line":329,"column":75}},"type":"binary-expr","locations":[{"start":{"line":329,"column":28},"end":{"line":329,"column":32}},{"start":{"line":329,"column":36},"end":{"line":329,"column":75}}]},"60":{"loc":{"start":{"line":334,"column":6},"end":{"line":336,"column":null}},"type":"if","locations":[{"start":{"line":334,"column":6},"end":{"line":336,"column":null}}]},"61":{"loc":{"start":{"line":339,"column":6},"end":{"line":339,"column":37}},"type":"if","locations":[{"start":{"line":339,"column":6},"end":{"line":339,"column":37}}]},"62":{"loc":{"start":{"line":342,"column":20},"end":{"line":342,"column":46}},"type":"cond-expr","locations":[{"start":{"line":342,"column":36},"end":{"line":342,"column":39}},{"start":{"line":342,"column":42},"end":{"line":342,"column":46}}]},"63":{"loc":{"start":{"line":361,"column":6},"end":{"line":364,"column":null}},"type":"if","locations":[{"start":{"line":361,"column":6},"end":{"line":364,"column":null}}]},"64":{"loc":{"start":{"line":361,"column":10},"end":{"line":361,"column":43}},"type":"binary-expr","locations":[{"start":{"line":361,"column":10},"end":{"line":361,"column":15}},{"start":{"line":361,"column":19},"end":{"line":361,"column":43}}]},"65":{"loc":{"start":{"line":367,"column":6},"end":{"line":382,"column":null}},"type":"if","locations":[{"start":{"line":367,"column":6},"end":{"line":382,"column":null}},{"start":{"line":371,"column":13},"end":{"line":382,"column":null}}]},"66":{"loc":{"start":{"line":367,"column":10},"end":{"line":367,"column":55}},"type":"binary-expr","locations":[{"start":{"line":367,"column":10},"end":{"line":367,"column":29}},{"start":{"line":367,"column":33},"end":{"line":367,"column":55}}]},"67":{"loc":{"start":{"line":399,"column":6},"end":{"line":403,"column":null}},"type":"if","locations":[{"start":{"line":399,"column":6},"end":{"line":403,"column":null}}]},"68":{"loc":{"start":{"line":399,"column":10},"end":{"line":399,"column":51}},"type":"binary-expr","locations":[{"start":{"line":399,"column":10},"end":{"line":399,"column":19}},{"start":{"line":399,"column":23},"end":{"line":399,"column":51}}]},"69":{"loc":{"start":{"line":410,"column":57},"end":{"line":410,"column":92}},"type":"binary-expr","locations":[{"start":{"line":410,"column":57},"end":{"line":410,"column":70}},{"start":{"line":410,"column":74},"end":{"line":410,"column":92}}]},"70":{"loc":{"start":{"line":411,"column":41},"end":{"line":411,"column":76}},"type":"binary-expr","locations":[{"start":{"line":411,"column":41},"end":{"line":411,"column":54}},{"start":{"line":411,"column":58},"end":{"line":411,"column":76}}]}},"s":{"0":1,"1":1,"2":1,"3":1,"4":6,"5":6,"6":6,"7":1,"8":5,"9":0,"10":0,"11":1,"12":0,"13":0,"14":0,"15":6,"16":6,"17":3,"18":1,"19":2,"20":4,"21":6,"22":0,"23":0,"24":0,"25":0,"26":0,"27":0,"28":0,"29":0,"30":0,"31":0,"32":0,"33":0,"34":0,"35":0,"36":0,"37":0,"38":0,"39":0,"40":6,"41":3,"42":3,"43":1,"44":1,"45":1,"46":2,"47":1,"48":1,"49":1,"50":1,"51":1,"52":1,"53":1,"54":0,"55":0,"56":0,"57":0,"58":0,"59":0,"60":0,"61":0,"62":0,"63":0,"64":0,"65":0,"66":0,"67":0,"68":0,"69":0,"70":0,"71":0,"72":0,"73":0,"74":0,"75":0,"76":0,"77":0,"78":0,"79":0,"80":0,"81":0,"82":0,"83":0,"84":0,"85":0,"86":0,"87":0,"88":0,"89":0,"90":0,"91":0,"92":0,"93":0,"94":0,"95":0,"96":0,"97":0,"98":0,"99":0,"100":0,"101":0,"102":0,"103":0,"104":0,"105":0,"106":0,"107":0,"108":6,"109":4,"110":4,"111":2,"112":2,"113":2,"114":2,"115":2,"116":0,"117":2,"118":2,"119":1,"120":1,"121":0,"122":0,"123":6,"124":3,"125":3,"126":1,"127":2,"128":1,"129":1,"130":1,"131":1,"132":1,"133":1,"134":1,"135":0,"136":1,"137":1,"138":1,"139":0,"140":0,"141":6,"142":0,"143":0,"144":0,"145":0,"146":0,"147":0,"148":0,"149":0,"150":0,"151":0,"152":0,"153":0,"154":0,"155":0,"156":0,"157":0,"158":0,"159":0,"160":0,"161":6,"162":0,"163":0,"164":0,"165":0,"166":0,"167":0,"168":0,"169":0,"170":0,"171":0,"172":6,"173":1},"f":{"0":6,"1":0,"2":6,"3":3,"4":4,"5":0,"6":3,"7":0,"8":0,"9":0,"10":0,"11":4,"12":3,"13":0,"14":0},"b":{"0":[1],"1":[1],"2":[2,2],"3":[0,0],"4":[0,0],"5":[0],"6":[0],"7":[0,0,0],"8":[0,0],"9":[0,0],"10":[0,0],"11":[1],"12":[1],"13":[1],"14":[1,1],"15":[0],"16":[0,0],"17":[0],"18":[0,0],"19":[0],"20":[0,0],"21":[0,0],"22":[0,0],"23":[0,0],"24":[0,0],"25":[0,0],"26":[0],"27":[0,0],"28":[0,0],"29":[0,0],"30":[0,0],"31":[0,0],"32":[0,0],"33":[0,0],"34":[0,0],"35":[0,0],"36":[0],"37":[0,0],"38":[0,0],"39":[0,0],"40":[0,0],"41":[0,0],"42":[0,0],"43":[0,0],"44":[0],"45":[0,0],"46":[0,0],"47":[2],"48":[4,2],"49":[0],"50":[1,1],"51":[1],"52":[1],"53":[3,2],"54":[1],"55":[2,1],"56":[1,0],"57":[1,1],"58":[1,0],"59":[1,1],"60":[1],"61":[0],"62":[0,1],"63":[0],"64":[0,0],"65":[0,0],"66":[0,0],"67":[0],"68":[0,0],"69":[0,0],"70":[0,0]}}
}
