TN:
SF:src/App.vue
FN:3,(anonymous_0)
FN:15,(anonymous_1)
FN:32,render
FNF:3
FNH:0
FNDA:0,(anonymous_0)
FNDA:0,(anonymous_1)
FNDA:0,render
DA:3,0
DA:4,0
DA:8,0
DA:11,0
DA:12,0
DA:13,0
DA:16,0
DA:17,0
DA:18,0
DA:21,0
DA:25,0
DA:29,0
DA:30,0
DA:31,0
DA:33,0
DA:35,0
DA:36,0
LF:17
LH:0
BRDA:3,0,0,0
BRDA:3,0,1,0
BRDA:3,0,2,0
BRDA:4,1,0,0
BRDA:4,1,1,0
BRDA:4,2,0,0
BRDA:4,2,1,0
BRF:7
BRH:0
end_of_record
TN:
SF:src/vite-env.d.ts
FNF:0
FNH:0
LF:0
LH:0
BRF:0
BRH:0
end_of_record
TN:
SF:src/components/CodeSearch.vue
FN:7,(anonymous_0)
FN:23,(anonymous_1)
FN:62,render
FNF:3
FNH:0
FNDA:0,(anonymous_0)
FNDA:0,(anonymous_1)
FNDA:0,render
DA:5,0
DA:8,0
DA:12,0
DA:15,0
DA:16,0
DA:17,0
DA:18,0
DA:19,0
DA:21,0
DA:24,0
DA:25,0
DA:26,0
DA:27,0
DA:28,0
DA:29,0
DA:30,0
DA:31,0
DA:32,0
DA:33,0
DA:34,0
DA:46,0
DA:50,0
DA:54,0
DA:55,0
DA:56,0
DA:57,0
DA:63,0
DA:92,0
DA:93,0
LF:29
LH:0
BRDA:5,0,0,0
BRDA:5,0,1,0
BRDA:8,1,0,0
BRDA:8,1,1,0
BRDA:8,2,0,0
BRDA:8,2,1,0
BRDA:74,3,0,0
BRDA:74,3,1,0
BRF:8
BRH:0
end_of_record
TN:
SF:src/components/ui/ProgressIndicator.vue
FN:34,render
FNF:1
FNH:0
FNDA:0,render
DA:3,0
DA:6,0
DA:7,0
DA:20,0
DA:21,0
DA:22,0
DA:23,0
DA:24,0
DA:28,0
DA:29,0
DA:30,0
DA:35,0
DA:54,0
DA:55,0
LF:14
LH:0
BRDA:35,0,0,0
BRDA:35,0,1,0
BRDA:40,1,0,0
BRDA:40,1,1,0
BRDA:48,2,0,0
BRDA:48,2,1,0
BRF:6
BRH:0
end_of_record
TN:
SF:src/components/ui/SearchForm.vue
FN:23,(anonymous_0)
FN:27,(anonymous_1)
FN:29,(anonymous_2)
FN:34,(anonymous_3)
FN:36,(anonymous_4)
FN:44,(anonymous_5)
FN:55,(anonymous_6)
FN:61,(anonymous_7)
FN:69,(anonymous_8)
FN:82,(anonymous_9)
FN:120,render
FN:127,(anonymous_11)
FN:138,(anonymous_12)
FN:152,(anonymous_13)
FN:158,(anonymous_14)
FN:173,(anonymous_15)
FN:185,(anonymous_16)
FN:195,(anonymous_17)
FN:205,(anonymous_18)
FN:215,(anonymous_19)
FN:228,(anonymous_20)
FN:245,(anonymous_21)
FN:262,(anonymous_22)
FN:280,(anonymous_23)
FN:289,(anonymous_24)
FN:301,(anonymous_25)
FN:313,(anonymous_26)
FN:325,(anonymous_27)
FN:342,(anonymous_28)
FNF:29
FNH:0
FNDA:0,(anonymous_0)
FNDA:0,(anonymous_1)
FNDA:0,(anonymous_2)
FNDA:0,(anonymous_3)
FNDA:0,(anonymous_4)
FNDA:0,(anonymous_5)
FNDA:0,(anonymous_6)
FNDA:0,(anonymous_7)
FNDA:0,(anonymous_8)
FNDA:0,(anonymous_9)
FNDA:0,render
FNDA:0,(anonymous_11)
FNDA:0,(anonymous_12)
FNDA:0,(anonymous_13)
FNDA:0,(anonymous_14)
FNDA:0,(anonymous_15)
FNDA:0,(anonymous_16)
FNDA:0,(anonymous_17)
FNDA:0,(anonymous_18)
FNDA:0,(anonymous_19)
FNDA:0,(anonymous_20)
FNDA:0,(anonymous_21)
FNDA:0,(anonymous_22)
FNDA:0,(anonymous_23)
FNDA:0,(anonymous_24)
FNDA:0,(anonymous_25)
FNDA:0,(anonymous_26)
FNDA:0,(anonymous_27)
FNDA:0,(anonymous_28)
DA:3,0
DA:6,0
DA:7,0
DA:25,0
DA:27,0
DA:28,0
DA:30,0
DA:31,0
DA:32,0
DA:34,0
DA:35,0
DA:37,0
DA:40,0
DA:44,0
DA:45,0
DA:46,0
DA:47,0
DA:48,0
DA:49,0
DA:52,0
DA:55,0
DA:56,0
DA:57,0
DA:60,0
DA:61,0
DA:62,0
DA:63,0
DA:64,0
DA:65,0
DA:69,0
DA:70,0
DA:72,0
DA:81,0
DA:82,0
DA:83,0
DA:84,0
DA:85,0
DA:86,0
DA:89,0
DA:91,0
DA:92,0
DA:93,0
DA:94,0
DA:95,0
DA:96,0
DA:97,0
DA:98,0
DA:99,0
DA:100,0
DA:101,0
DA:102,0
DA:103,0
DA:104,0
DA:105,0
DA:106,0
DA:107,0
DA:108,0
DA:109,0
DA:110,0
DA:111,0
DA:112,0
DA:113,0
DA:114,0
DA:115,0
DA:116,0
DA:121,0
DA:127,0
DA:139,0
DA:140,0
DA:141,0
DA:143,0
DA:152,0
DA:159,0
DA:160,0
DA:161,0
DA:163,0
DA:173,0
DA:185,0
DA:195,0
DA:205,0
DA:215,0
DA:228,0
DA:245,0
DA:262,0
DA:281,0
DA:289,0
DA:302,0
DA:303,0
DA:304,0
DA:306,0
DA:313,0
DA:326,0
DA:327,0
DA:328,0
DA:330,0
DA:343,0
DA:344,0
DA:345,0
DA:347,0
DA:359,0
DA:360,0
LF:101
LH:0
BRDA:25,0,0,0
BRDA:25,0,1,0
BRDA:30,1,0,0
BRDA:30,1,1,0
BRDA:32,2,0,0
BRDA:32,2,1,0
BRDA:34,3,0,0
BRDA:34,3,1,0
BRDA:47,4,0,0
BRDA:47,4,1,0
BRDA:47,5,0,0
BRDA:47,5,1,0
BRDA:62,6,0,0
BRDA:62,6,1,0
BRDA:62,7,0,0
BRDA:62,7,1,0
BRDA:82,8,0,0
BRDA:82,8,1,0
BRDA:82,8,2,0
BRDA:83,9,0,0
BRDA:83,9,1,0
BRDA:83,10,0,0
BRDA:83,10,1,0
BRDA:84,11,0,0
BRDA:84,11,1,0
BRDA:84,12,0,0
BRDA:84,12,1,0
BRDA:85,13,0,0
BRDA:85,13,1,0
BRDA:89,14,0,0
BRDA:89,14,1,0
BRDA:123,15,0,0
BRDA:123,15,1,0
BRDA:127,16,0,0
BRDA:127,16,1,0
BRDA:136,17,0,0
BRDA:136,17,1,0
BRDA:143,18,0,0
BRDA:143,18,1,0
BRDA:149,19,0,0
BRDA:149,19,1,0
BRDA:152,20,0,0
BRDA:152,20,1,0
BRDA:156,21,0,0
BRDA:156,21,1,0
BRDA:163,22,0,0
BRDA:163,22,1,0
BRDA:170,23,0,0
BRDA:170,23,1,0
BRDA:173,24,0,0
BRDA:173,24,1,0
BRDA:185,25,0,0
BRDA:185,25,1,0
BRDA:190,26,0,0
BRDA:190,26,1,0
BRDA:195,27,0,0
BRDA:195,27,1,0
BRDA:200,28,0,0
BRDA:200,28,1,0
BRDA:205,29,0,0
BRDA:205,29,1,0
BRDA:210,30,0,0
BRDA:210,30,1,0
BRDA:215,31,0,0
BRDA:215,31,1,0
BRDA:220,32,0,0
BRDA:220,32,1,0
BRDA:225,33,0,0
BRDA:225,33,1,0
BRDA:228,34,0,0
BRDA:228,34,1,0
BRDA:242,35,0,0
BRDA:242,35,1,0
BRDA:245,36,0,0
BRDA:245,36,1,0
BRDA:259,37,0,0
BRDA:259,37,1,0
BRDA:262,38,0,0
BRDA:262,38,1,0
BRDA:277,39,0,0
BRDA:277,39,1,0
BRDA:299,40,0,0
BRDA:299,40,1,0
BRDA:306,41,0,0
BRDA:306,41,1,0
BRDA:308,42,0,0
BRDA:308,42,1,0
BRDA:313,43,0,0
BRDA:313,43,1,0
BRDA:323,44,0,0
BRDA:323,44,1,0
BRDA:330,45,0,0
BRDA:330,45,1,0
BRDA:340,46,0,0
BRDA:340,46,1,0
BRDA:347,47,0,0
BRDA:347,47,1,0
BRDA:351,48,0,0
BRDA:351,48,1,0
BRDA:354,49,0,0
BRDA:354,49,1,0
BRF:101
BRH:0
end_of_record
TN:
SF:src/components/ui/SearchResults.vue
FN:31,(anonymous_0)
FN:36,(anonymous_1)
FN:39,(anonymous_2)
FN:42,(anonymous_3)
FN:45,(anonymous_4)
FN:48,(anonymous_5)
FN:55,(anonymous_6)
FN:62,(anonymous_7)
FN:64,(anonymous_8)
FN:120,render
FN:144,(anonymous_10)
FN:150,(anonymous_11)
FN:155,(anonymous_12)
FN:164,(anonymous_13)
FN:174,(anonymous_14)
FN:179,(anonymous_15)
FN:192,(anonymous_16)
FN:209,(anonymous_17)
FN:215,(anonymous_18)
FNF:19
FNH:13
FNDA:5,(anonymous_0)
FNDA:4,(anonymous_1)
FNDA:4,(anonymous_2)
FNDA:4,(anonymous_3)
FNDA:4,(anonymous_4)
FNDA:4,(anonymous_5)
FNDA:0,(anonymous_6)
FNDA:5,(anonymous_7)
FNDA:0,(anonymous_8)
FNDA:5,render
FNDA:0,(anonymous_10)
FNDA:0,(anonymous_11)
FNDA:8,(anonymous_12)
FNDA:1,(anonymous_13)
FNDA:1,(anonymous_14)
FNDA:20,(anonymous_15)
FNDA:16,(anonymous_16)
FNDA:0,(anonymous_17)
FNDA:0,(anonymous_18)
DA:3,1
DA:6,1
DA:7,1
DA:33,5
DA:34,5
DA:36,5
DA:37,4
DA:39,5
DA:40,4
DA:42,5
DA:43,4
DA:45,5
DA:46,4
DA:48,5
DA:49,4
DA:50,0
DA:52,4
DA:55,5
DA:56,0
DA:57,0
DA:62,5
DA:63,5
DA:65,0
DA:67,5
DA:79,1
DA:80,1
DA:81,1
DA:82,1
DA:83,1
DA:87,1
DA:88,1
DA:89,1
DA:90,1
DA:94,1
DA:95,1
DA:96,1
DA:97,1
DA:98,1
DA:99,1
DA:100,1
DA:101,1
DA:102,1
DA:103,1
DA:107,1
DA:108,1
DA:109,1
DA:110,1
DA:111,1
DA:115,1
DA:116,1
DA:117,1
DA:118,1
DA:119,1
DA:121,5
DA:144,0
DA:150,0
DA:156,8
DA:164,1
DA:174,1
DA:180,20
DA:193,16
DA:209,0
DA:215,0
DA:223,1
DA:224,1
LF:65
LH:57
BRDA:37,0,0,4
BRDA:37,0,1,0
BRDA:37,1,0,4
BRDA:37,1,1,4
BRDA:49,2,0,0
BRDA:49,2,1,4
BRDA:49,3,0,4
BRDA:49,3,1,4
BRDA:56,4,0,0
BRDA:56,4,1,0
BRDA:56,5,0,0
BRDA:56,5,1,0
BRDA:121,6,0,4
BRDA:121,6,1,1
BRDA:121,7,0,5
BRDA:121,7,1,5
BRDA:121,7,2,5
BRDA:126,8,0,4
BRDA:126,8,1,4
BRDA:128,9,0,4
BRDA:128,9,1,0
BRDA:128,10,0,4
BRDA:128,10,1,4
BRDA:131,11,0,1
BRDA:131,11,1,3
BRDA:137,12,0,0
BRDA:137,12,1,4
BRDA:144,13,0,0
BRDA:144,13,1,0
BRDA:150,14,0,0
BRDA:150,14,1,0
BRDA:168,15,0,0
BRDA:168,15,1,8
BRDA:168,16,0,8
BRDA:168,16,1,8
BRDA:183,17,0,20
BRDA:183,17,1,0
BRDA:189,18,0,8
BRDA:189,18,1,0
BRDA:189,19,0,8
BRDA:189,19,1,0
BRDA:196,20,0,16
BRDA:196,20,1,0
BRDA:202,21,0,0
BRDA:202,21,1,4
BRDA:209,22,0,0
BRDA:209,22,1,0
BRDA:215,23,0,0
BRDA:215,23,1,0
BRF:49
BRH:27
end_of_record
TN:
SF:src/composables/useSearch.ts
FN:12,(anonymous_0)
FN:25,(anonymous_1)
FN:33,useSearch
FN:67,(anonymous_3)
FN:69,(anonymous_4)
FN:78,(anonymous_5)
FN:120,(anonymous_6)
FN:199,(anonymous_7)
FN:205,(anonymous_8)
FN:249,(anonymous_9)
FN:265,(anonymous_10)
FN:287,(anonymous_11)
FN:321,(anonymous_12)
FN:358,(anonymous_13)
FN:396,(anonymous_14)
FNF:15
FNH:0
FNDA:0,(anonymous_0)
FNDA:0,(anonymous_1)
FNDA:0,useSearch
FNDA:0,(anonymous_3)
FNDA:0,(anonymous_4)
FNDA:0,(anonymous_5)
FNDA:0,(anonymous_6)
FNDA:0,(anonymous_7)
FNDA:0,(anonymous_8)
FNDA:0,(anonymous_9)
FNDA:0,(anonymous_10)
FNDA:0,(anonymous_11)
FNDA:0,(anonymous_12)
FNDA:0,(anonymous_13)
FNDA:0,(anonymous_14)
DA:12,0
DA:13,0
DA:14,0
DA:15,0
DA:16,0
DA:18,0
DA:20,0
DA:21,0
DA:25,0
DA:26,0
DA:27,0
DA:29,0
DA:35,0
DA:67,0
DA:68,0
DA:69,0
DA:70,0
DA:78,0
DA:79,0
DA:81,0
DA:84,0
DA:85,0
DA:86,0
DA:87,0
DA:89,0
DA:92,0
DA:95,0
DA:97,0
DA:98,0
DA:101,0
DA:102,0
DA:103,0
DA:104,0
DA:106,0
DA:110,0
DA:111,0
DA:120,0
DA:122,0
DA:125,0
DA:126,0
DA:127,0
DA:128,0
DA:131,0
DA:132,0
DA:133,0
DA:134,0
DA:138,0
DA:139,0
DA:140,0
DA:141,0
DA:144,0
DA:145,0
DA:146,0
DA:147,0
DA:150,0
DA:151,0
DA:152,0
DA:153,0
DA:157,0
DA:158,0
DA:159,0
DA:160,0
DA:161,0
DA:162,0
DA:163,0
DA:172,0
DA:173,0
DA:175,0
DA:176,0
DA:178,0
DA:179,0
DA:180,0
DA:181,0
DA:182,0
DA:187,0
DA:199,0
DA:203,0
DA:205,0
DA:206,0
DA:207,0
DA:216,0
DA:217,0
DA:218,0
DA:219,0
DA:225,0
DA:228,0
DA:230,0
DA:233,0
DA:236,0
DA:242,0
DA:248,0
DA:250,0
DA:254,0
DA:257,0
DA:258,0
DA:262,0
DA:265,0
DA:266,0
DA:270,0
DA:271,0
DA:272,0
DA:273,0
DA:276,0
DA:277,0
DA:287,0
DA:288,0
DA:290,0
DA:293,0
DA:294,0
DA:295,0
DA:298,0
DA:300,0
DA:303,0
DA:304,0
DA:306,0
DA:308,0
DA:310,0
DA:321,0
DA:322,0
DA:324,0
DA:325,0
DA:328,0
DA:329,0
DA:333,0
DA:334,0
DA:335,0
DA:339,0
DA:342,0
DA:343,0
DA:346,0
DA:348,0
DA:350,0
DA:358,0
DA:359,0
DA:361,0
DA:362,0
DA:363,0
DA:367,0
DA:368,0
DA:370,0
DA:373,0
DA:374,0
DA:375,0
DA:376,0
DA:377,0
DA:378,0
DA:379,0
DA:380,0
DA:381,0
DA:384,0
DA:386,0
DA:387,0
DA:396,0
DA:397,0
DA:399,0
DA:400,0
DA:401,0
DA:402,0
DA:405,0
DA:406,0
DA:408,0
DA:410,0
DA:411,0
DA:415,0
LF:164
LH:0
BRDA:15,0,0,0
BRDA:68,1,0,0
BRDA:70,2,0,0
BRDA:70,2,1,0
BRDA:84,3,0,0
BRDA:84,3,1,0
BRDA:84,4,0,0
BRDA:84,4,1,0
BRDA:87,5,0,0
BRDA:97,6,0,0
BRDA:97,7,0,0
BRDA:97,7,1,0
BRDA:97,7,2,0
BRDA:98,8,0,0
BRDA:98,8,1,0
BRDA:101,9,0,0
BRDA:101,9,1,0
BRDA:103,10,0,0
BRDA:103,10,1,0
BRDA:125,11,0,0
BRDA:131,12,0,0
BRDA:138,13,0,0
BRDA:138,14,0,0
BRDA:138,14,1,0
BRDA:144,15,0,0
BRDA:144,16,0,0
BRDA:144,16,1,0
BRDA:150,17,0,0
BRDA:150,18,0,0
BRDA:150,18,1,0
BRDA:173,19,0,0
BRDA:178,20,0,0
BRDA:178,20,1,0
BRDA:179,21,0,0
BRDA:179,21,1,0
BRDA:193,22,0,0
BRDA:193,22,1,0
BRDA:194,23,0,0
BRDA:194,23,1,0
BRDA:195,24,0,0
BRDA:195,24,1,0
BRDA:198,25,0,0
BRDA:198,25,1,0
BRDA:206,26,0,0
BRDA:208,27,0,0
BRDA:208,27,1,0
BRDA:209,28,0,0
BRDA:209,28,1,0
BRDA:210,29,0,0
BRDA:210,29,1,0
BRDA:211,30,0,0
BRDA:211,30,1,0
BRDA:212,31,0,0
BRDA:212,31,1,0
BRDA:216,32,0,0
BRDA:216,32,1,0
BRDA:217,33,0,0
BRDA:217,33,1,0
BRDA:217,34,0,0
BRDA:217,34,1,0
BRDA:217,35,0,0
BRDA:217,35,1,0
BRDA:218,36,0,0
BRDA:219,37,0,0
BRDA:219,37,1,0
BRDA:219,38,0,0
BRDA:219,38,1,0
BRDA:228,39,0,0
BRDA:228,39,1,0
BRDA:228,40,0,0
BRDA:228,40,1,0
BRDA:236,41,0,0
BRDA:236,41,1,0
BRDA:238,42,0,0
BRDA:238,42,1,0
BRDA:250,43,0,0
BRDA:250,43,1,0
BRDA:257,44,0,0
BRDA:271,45,0,0
BRDA:271,45,1,0
BRDA:272,46,0,0
BRDA:272,46,1,0
BRDA:290,47,0,0
BRDA:290,48,0,0
BRDA:290,48,1,0
BRDA:298,49,0,0
BRDA:300,50,0,0
BRDA:300,50,1,0
BRDA:303,51,0,0
BRDA:324,52,0,0
BRDA:324,53,0,0
BRDA:324,53,1,0
BRDA:325,54,0,0
BRDA:325,55,0,0
BRDA:325,55,1,0
BRDA:328,56,0,0
BRDA:328,56,1,0
BRDA:328,57,0,0
BRDA:328,57,1,0
BRDA:329,58,0,0
BRDA:329,58,1,0
BRDA:329,59,0,0
BRDA:329,59,1,0
BRDA:334,60,0,0
BRDA:339,61,0,0
BRDA:342,62,0,0
BRDA:342,62,1,0
BRDA:361,63,0,0
BRDA:361,64,0,0
BRDA:361,64,1,0
BRDA:367,65,0,0
BRDA:367,65,1,0
BRDA:367,66,0,0
BRDA:367,66,1,0
BRDA:399,67,0,0
BRDA:399,68,0,0
BRDA:399,68,1,0
BRDA:410,69,0,0
BRDA:410,69,1,0
BRDA:411,70,0,0
BRDA:411,70,1,0
BRF:121
BRH:0
end_of_record
