TN:
SF:src/App.vue
FN:3,(anonymous_0)
FN:15,(anonymous_1)
FN:32,render
FNF:3
FNH:0
FNDA:0,(anonymous_0)
FNDA:0,(anonymous_1)
FNDA:0,render
DA:3,0
DA:4,0
DA:8,0
DA:11,0
DA:12,0
DA:13,0
DA:16,0
DA:17,0
DA:18,0
DA:21,0
DA:25,0
DA:29,0
DA:30,0
DA:31,0
DA:33,0
DA:35,0
DA:36,0
LF:17
LH:0
BRDA:3,0,0,0
BRDA:3,0,1,0
BRDA:3,0,2,0
BRDA:4,1,0,0
BRDA:4,1,1,0
BRDA:4,2,0,0
BRDA:4,2,1,0
BRF:7
BRH:0
end_of_record
TN:
SF:src/vite-env.d.ts
FNF:0
FNH:0
LF:0
LH:0
BRF:0
BRH:0
end_of_record
TN:
SF:src/components/CodeSearch.vue
FN:7,(anonymous_0)
FN:23,(anonymous_1)
FN:62,render
FNF:3
FNH:0
FNDA:0,(anonymous_0)
FNDA:0,(anonymous_1)
FNDA:0,render
DA:5,0
DA:8,0
DA:12,0
DA:15,0
DA:16,0
DA:17,0
DA:18,0
DA:19,0
DA:21,0
DA:24,0
DA:25,0
DA:26,0
DA:27,0
DA:28,0
DA:29,0
DA:30,0
DA:31,0
DA:32,0
DA:33,0
DA:34,0
DA:46,0
DA:50,0
DA:54,0
DA:55,0
DA:56,0
DA:57,0
DA:63,0
DA:92,0
DA:93,0
LF:29
LH:0
BRDA:5,0,0,0
BRDA:5,0,1,0
BRDA:8,1,0,0
BRDA:8,1,1,0
BRDA:8,2,0,0
BRDA:8,2,1,0
BRDA:74,3,0,0
BRDA:74,3,1,0
BRF:8
BRH:0
end_of_record
TN:
SF:src/components/ui/ProgressIndicator.vue
FN:34,render
FNF:1
FNH:1
FNDA:4,render
DA:3,1
DA:6,1
DA:7,1
DA:20,1
DA:21,1
DA:22,1
DA:23,1
DA:24,1
DA:28,1
DA:29,1
DA:30,1
DA:35,4
DA:54,1
DA:55,1
LF:14
LH:14
BRDA:35,0,0,3
BRDA:35,0,1,1
BRDA:40,1,0,2
BRDA:40,1,1,1
BRDA:48,2,0,3
BRDA:48,2,1,0
BRF:6
BRH:5
end_of_record
TN:
SF:src/components/ui/SearchForm.vue
FN:23,(anonymous_0)
FN:27,(anonymous_1)
FN:29,(anonymous_2)
FN:34,(anonymous_3)
FN:36,(anonymous_4)
FN:44,(anonymous_5)
FN:55,(anonymous_6)
FN:61,(anonymous_7)
FN:69,(anonymous_8)
FN:82,(anonymous_9)
FN:120,render
FN:127,(anonymous_11)
FN:138,(anonymous_12)
FN:152,(anonymous_13)
FN:158,(anonymous_14)
FN:173,(anonymous_15)
FN:185,(anonymous_16)
FN:195,(anonymous_17)
FN:205,(anonymous_18)
FN:215,(anonymous_19)
FN:228,(anonymous_20)
FN:245,(anonymous_21)
FN:262,(anonymous_22)
FN:280,(anonymous_23)
FN:289,(anonymous_24)
FN:301,(anonymous_25)
FN:313,(anonymous_26)
FN:325,(anonymous_27)
FN:342,(anonymous_28)
FNF:29
FNH:11
FNDA:4,(anonymous_0)
FNDA:4,(anonymous_1)
FNDA:0,(anonymous_2)
FNDA:0,(anonymous_3)
FNDA:0,(anonymous_4)
FNDA:0,(anonymous_5)
FNDA:0,(anonymous_6)
FNDA:0,(anonymous_7)
FNDA:0,(anonymous_8)
FNDA:14,(anonymous_9)
FNDA:14,render
FNDA:1,(anonymous_11)
FNDA:1,(anonymous_12)
FNDA:1,(anonymous_13)
FNDA:0,(anonymous_14)
FNDA:1,(anonymous_15)
FNDA:1,(anonymous_16)
FNDA:1,(anonymous_17)
FNDA:0,(anonymous_18)
FNDA:0,(anonymous_19)
FNDA:0,(anonymous_20)
FNDA:0,(anonymous_21)
FNDA:0,(anonymous_22)
FNDA:0,(anonymous_23)
FNDA:0,(anonymous_24)
FNDA:0,(anonymous_25)
FNDA:0,(anonymous_26)
FNDA:0,(anonymous_27)
FNDA:1,(anonymous_28)
DA:3,1
DA:6,1
DA:7,1
DA:25,4
DA:27,4
DA:28,4
DA:30,0
DA:31,0
DA:32,0
DA:34,0
DA:35,0
DA:37,0
DA:40,0
DA:44,4
DA:45,0
DA:46,0
DA:47,0
DA:48,0
DA:49,0
DA:52,0
DA:55,4
DA:56,0
DA:57,0
DA:60,4
DA:61,4
DA:62,0
DA:63,0
DA:64,0
DA:65,0
DA:69,4
DA:70,0
DA:72,4
DA:81,1
DA:82,1
DA:83,14
DA:84,14
DA:85,0
DA:86,0
DA:89,14
DA:91,1
DA:92,1
DA:93,1
DA:94,1
DA:95,1
DA:96,1
DA:97,1
DA:98,1
DA:99,1
DA:100,1
DA:101,1
DA:102,1
DA:103,1
DA:104,1
DA:105,1
DA:106,1
DA:107,1
DA:108,1
DA:109,1
DA:110,1
DA:111,1
DA:112,1
DA:113,1
DA:114,1
DA:115,1
DA:116,1
DA:121,14
DA:127,1
DA:139,1
DA:140,1
DA:141,1
DA:143,1
DA:152,1
DA:159,0
DA:160,0
DA:161,0
DA:163,0
DA:173,1
DA:185,1
DA:195,1
DA:205,0
DA:215,0
DA:228,0
DA:245,0
DA:262,0
DA:281,0
DA:289,0
DA:302,0
DA:303,0
DA:304,0
DA:306,0
DA:313,0
DA:326,0
DA:327,0
DA:328,0
DA:330,0
DA:343,1
DA:344,1
DA:345,1
DA:347,1
DA:359,1
DA:360,1
LF:101
LH:59
BRDA:25,0,0,4
BRDA:25,0,1,0
BRDA:30,1,0,0
BRDA:30,1,1,0
BRDA:32,2,0,0
BRDA:32,2,1,0
BRDA:34,3,0,0
BRDA:34,3,1,0
BRDA:47,4,0,0
BRDA:47,4,1,0
BRDA:47,5,0,0
BRDA:47,5,1,0
BRDA:62,6,0,0
BRDA:62,6,1,0
BRDA:62,7,0,0
BRDA:62,7,1,0
BRDA:82,8,0,1
BRDA:82,8,1,1
BRDA:82,8,2,1
BRDA:83,9,0,14
BRDA:83,9,1,0
BRDA:83,10,0,14
BRDA:83,10,1,0
BRDA:84,11,0,0
BRDA:84,11,1,14
BRDA:84,12,0,14
BRDA:84,12,1,14
BRDA:85,13,0,0
BRDA:85,13,1,0
BRDA:89,14,0,14
BRDA:89,14,1,14
BRDA:123,15,0,14
BRDA:123,15,1,4
BRDA:127,16,0,14
BRDA:127,16,1,4
BRDA:136,17,0,14
BRDA:136,17,1,4
BRDA:143,18,0,1
BRDA:143,18,1,1
BRDA:149,19,0,14
BRDA:149,19,1,4
BRDA:152,20,0,14
BRDA:152,20,1,4
BRDA:156,21,0,14
BRDA:156,21,1,4
BRDA:163,22,0,0
BRDA:163,22,1,0
BRDA:170,23,0,14
BRDA:170,23,1,4
BRDA:173,24,0,14
BRDA:173,24,1,4
BRDA:185,25,0,14
BRDA:185,25,1,4
BRDA:190,26,0,14
BRDA:190,26,1,4
BRDA:195,27,0,14
BRDA:195,27,1,4
BRDA:200,28,0,14
BRDA:200,28,1,4
BRDA:205,29,0,14
BRDA:205,29,1,4
BRDA:210,30,0,14
BRDA:210,30,1,4
BRDA:215,31,0,14
BRDA:215,31,1,4
BRDA:220,32,0,14
BRDA:220,32,1,4
BRDA:225,33,0,14
BRDA:225,33,1,4
BRDA:228,34,0,14
BRDA:228,34,1,4
BRDA:242,35,0,14
BRDA:242,35,1,4
BRDA:245,36,0,14
BRDA:245,36,1,4
BRDA:259,37,0,14
BRDA:259,37,1,4
BRDA:262,38,0,14
BRDA:262,38,1,4
BRDA:277,39,0,14
BRDA:277,39,1,4
BRDA:299,40,0,14
BRDA:299,40,1,4
BRDA:306,41,0,0
BRDA:306,41,1,0
BRDA:308,42,0,14
BRDA:308,42,1,4
BRDA:313,43,0,14
BRDA:313,43,1,4
BRDA:323,44,0,14
BRDA:323,44,1,4
BRDA:330,45,0,0
BRDA:330,45,1,0
BRDA:340,46,0,14
BRDA:340,46,1,4
BRDA:347,47,0,1
BRDA:347,47,1,1
BRDA:351,48,0,0
BRDA:351,48,1,14
BRDA:354,49,0,0
BRDA:354,49,1,14
BRF:101
BRH:73
end_of_record
TN:
SF:src/components/ui/SearchResults.vue
FN:31,(anonymous_0)
FN:36,(anonymous_1)
FN:39,(anonymous_2)
FN:42,(anonymous_3)
FN:45,(anonymous_4)
FN:48,(anonymous_5)
FN:55,(anonymous_6)
FN:62,(anonymous_7)
FN:64,(anonymous_8)
FN:120,render
FN:144,(anonymous_10)
FN:150,(anonymous_11)
FN:155,(anonymous_12)
FN:164,(anonymous_13)
FN:174,(anonymous_14)
FN:179,(anonymous_15)
FN:192,(anonymous_16)
FN:209,(anonymous_17)
FN:215,(anonymous_18)
FNF:19
FNH:13
FNDA:5,(anonymous_0)
FNDA:4,(anonymous_1)
FNDA:4,(anonymous_2)
FNDA:4,(anonymous_3)
FNDA:4,(anonymous_4)
FNDA:4,(anonymous_5)
FNDA:0,(anonymous_6)
FNDA:5,(anonymous_7)
FNDA:0,(anonymous_8)
FNDA:5,render
FNDA:0,(anonymous_10)
FNDA:0,(anonymous_11)
FNDA:8,(anonymous_12)
FNDA:1,(anonymous_13)
FNDA:1,(anonymous_14)
FNDA:20,(anonymous_15)
FNDA:16,(anonymous_16)
FNDA:0,(anonymous_17)
FNDA:0,(anonymous_18)
DA:3,1
DA:6,1
DA:7,1
DA:33,5
DA:34,5
DA:36,5
DA:37,4
DA:39,5
DA:40,4
DA:42,5
DA:43,4
DA:45,5
DA:46,4
DA:48,5
DA:49,4
DA:50,0
DA:52,4
DA:55,5
DA:56,0
DA:57,0
DA:62,5
DA:63,5
DA:65,0
DA:67,5
DA:79,1
DA:80,1
DA:81,1
DA:82,1
DA:83,1
DA:87,1
DA:88,1
DA:89,1
DA:90,1
DA:94,1
DA:95,1
DA:96,1
DA:97,1
DA:98,1
DA:99,1
DA:100,1
DA:101,1
DA:102,1
DA:103,1
DA:107,1
DA:108,1
DA:109,1
DA:110,1
DA:111,1
DA:115,1
DA:116,1
DA:117,1
DA:118,1
DA:119,1
DA:121,5
DA:144,0
DA:150,0
DA:156,8
DA:164,1
DA:174,1
DA:180,20
DA:193,16
DA:209,0
DA:215,0
DA:223,1
DA:224,1
LF:65
LH:57
BRDA:37,0,0,4
BRDA:37,0,1,0
BRDA:37,1,0,4
BRDA:37,1,1,4
BRDA:49,2,0,0
BRDA:49,2,1,4
BRDA:49,3,0,4
BRDA:49,3,1,4
BRDA:56,4,0,0
BRDA:56,4,1,0
BRDA:56,5,0,0
BRDA:56,5,1,0
BRDA:121,6,0,4
BRDA:121,6,1,1
BRDA:121,7,0,5
BRDA:121,7,1,5
BRDA:121,7,2,5
BRDA:126,8,0,4
BRDA:126,8,1,4
BRDA:128,9,0,4
BRDA:128,9,1,0
BRDA:128,10,0,4
BRDA:128,10,1,4
BRDA:131,11,0,1
BRDA:131,11,1,3
BRDA:137,12,0,0
BRDA:137,12,1,4
BRDA:144,13,0,0
BRDA:144,13,1,0
BRDA:150,14,0,0
BRDA:150,14,1,0
BRDA:168,15,0,0
BRDA:168,15,1,8
BRDA:168,16,0,8
BRDA:168,16,1,8
BRDA:183,17,0,20
BRDA:183,17,1,0
BRDA:189,18,0,8
BRDA:189,18,1,0
BRDA:189,19,0,8
BRDA:189,19,1,0
BRDA:196,20,0,16
BRDA:196,20,1,0
BRDA:202,21,0,0
BRDA:202,21,1,4
BRDA:209,22,0,0
BRDA:209,22,1,0
BRDA:215,23,0,0
BRDA:215,23,1,0
BRF:49
BRH:27
end_of_record
TN:
SF:src/composables/useSearch.ts
FN:12,(anonymous_0)
FN:25,(anonymous_1)
FN:33,useSearch
FN:67,(anonymous_3)
FN:69,(anonymous_4)
FN:78,(anonymous_5)
FN:123,(anonymous_6)
FN:205,(anonymous_7)
FN:213,(anonymous_8)
FN:259,(anonymous_9)
FN:275,(anonymous_10)
FN:297,(anonymous_11)
FN:331,(anonymous_12)
FN:372,(anonymous_13)
FN:410,(anonymous_14)
FNF:15
FNH:11
FNDA:53,(anonymous_0)
FNDA:0,(anonymous_1)
FNDA:53,useSearch
FNDA:12,(anonymous_3)
FNDA:16,(anonymous_4)
FNDA:5,(anonymous_5)
FNDA:35,(anonymous_6)
FNDA:8,(anonymous_7)
FNDA:0,(anonymous_8)
FNDA:0,(anonymous_9)
FNDA:0,(anonymous_10)
FNDA:20,(anonymous_11)
FNDA:17,(anonymous_12)
FNDA:6,(anonymous_13)
FNDA:3,(anonymous_14)
DA:1,3
DA:2,3
DA:8,3
DA:12,3
DA:13,53
DA:14,53
DA:15,51
DA:16,3
DA:18,48
DA:20,2
DA:21,2
DA:25,3
DA:26,0
DA:27,0
DA:29,0
DA:33,3
DA:35,53
DA:67,53
DA:68,12
DA:69,7
DA:70,16
DA:78,53
DA:79,5
DA:81,5
DA:84,0
DA:85,0
DA:86,0
DA:87,0
DA:89,0
DA:92,5
DA:96,5
DA:98,5
DA:99,5
DA:102,5
DA:103,0
DA:105,5
DA:106,0
DA:109,5
DA:113,5
DA:114,5
DA:123,53
DA:125,35
DA:128,35
DA:129,3
DA:130,3
DA:131,3
DA:134,32
DA:135,3
DA:136,3
DA:137,3
DA:141,29
DA:142,4
DA:144,4
DA:145,4
DA:148,25
DA:149,3
DA:151,3
DA:152,3
DA:155,22
DA:156,3
DA:158,3
DA:159,3
DA:163,19
DA:164,19
DA:165,19
DA:166,19
DA:167,19
DA:168,19
DA:169,19
DA:178,19
DA:179,19
DA:181,1
DA:182,1
DA:184,1
DA:185,1
DA:186,1
DA:187,1
DA:188,1
DA:193,18
DA:205,8
DA:209,18
DA:211,18
DA:214,0
DA:215,0
DA:224,0
DA:225,0
DA:226,0
DA:227,0
DA:234,18
DA:237,0
DA:239,0
DA:242,0
DA:245,0
DA:252,0
DA:258,0
DA:260,0
DA:264,0
DA:267,0
DA:268,0
DA:272,0
DA:275,0
DA:276,0
DA:280,18
DA:281,18
DA:282,18
DA:283,18
DA:286,18
DA:287,18
DA:297,53
DA:298,20
DA:300,20
DA:303,14
DA:304,14
DA:305,14
DA:308,14
DA:310,10
DA:313,10
DA:314,7
DA:316,3
DA:318,0
DA:320,0
DA:331,53
DA:332,17
DA:334,17
DA:335,14
DA:339,11
DA:341,11
DA:347,11
DA:348,11
DA:349,8
DA:353,11
DA:356,11
DA:357,11
DA:360,10
DA:362,1
DA:364,1
DA:372,53
DA:373,6
DA:375,6
DA:376,3
DA:377,3
DA:381,3
DA:382,0
DA:384,0
DA:387,3
DA:388,3
DA:389,3
DA:390,3
DA:391,3
DA:392,3
DA:393,3
DA:394,0
DA:395,0
DA:398,3
DA:400,3
DA:401,3
DA:410,53
DA:411,3
DA:413,3
DA:414,1
DA:415,1
DA:416,1
DA:419,2
DA:420,0
DA:422,2
DA:424,2
DA:425,2
DA:429,53
LF:168
LH:132
BRDA:15,0,0,3
BRDA:68,1,0,5
BRDA:70,2,0,8
BRDA:70,2,1,8
BRDA:84,3,0,0
BRDA:84,3,1,0
BRDA:84,4,0,0
BRDA:84,4,1,0
BRDA:87,5,0,0
BRDA:98,6,0,5
BRDA:98,7,0,5
BRDA:98,7,1,5
BRDA:98,7,2,5
BRDA:99,8,0,5
BRDA:99,8,1,0
BRDA:102,9,0,0
BRDA:102,9,1,5
BRDA:105,10,0,0
BRDA:105,10,1,5
BRDA:128,11,0,3
BRDA:134,12,0,3
BRDA:141,13,0,4
BRDA:141,14,0,29
BRDA:141,14,1,29
BRDA:148,15,0,3
BRDA:148,16,0,25
BRDA:148,16,1,25
BRDA:155,17,0,3
BRDA:155,18,0,22
BRDA:155,18,1,22
BRDA:179,19,0,1
BRDA:184,20,0,1
BRDA:184,20,1,0
BRDA:185,21,0,1
BRDA:185,21,1,0
BRDA:199,22,0,18
BRDA:199,22,1,0
BRDA:200,23,0,18
BRDA:200,23,1,18
BRDA:201,24,0,18
BRDA:201,24,1,0
BRDA:204,25,0,18
BRDA:204,25,1,0
BRDA:214,26,0,0
BRDA:216,27,0,0
BRDA:216,27,1,0
BRDA:217,28,0,0
BRDA:217,28,1,0
BRDA:218,29,0,0
BRDA:218,29,1,0
BRDA:219,30,0,0
BRDA:219,30,1,0
BRDA:220,31,0,0
BRDA:220,31,1,0
BRDA:224,32,0,0
BRDA:224,32,1,0
BRDA:225,33,0,0
BRDA:225,33,1,0
BRDA:225,34,0,0
BRDA:225,34,1,0
BRDA:225,35,0,0
BRDA:225,35,1,0
BRDA:226,36,0,0
BRDA:227,37,0,0
BRDA:227,37,1,0
BRDA:227,38,0,0
BRDA:227,38,1,0
BRDA:237,39,0,0
BRDA:237,39,1,0
BRDA:237,40,0,0
BRDA:237,40,1,0
BRDA:246,41,0,0
BRDA:246,41,1,0
BRDA:248,42,0,0
BRDA:248,42,1,0
BRDA:260,43,0,0
BRDA:260,43,1,0
BRDA:267,44,0,0
BRDA:281,45,0,18
BRDA:281,45,1,0
BRDA:282,46,0,18
BRDA:282,46,1,0
BRDA:300,47,0,6
BRDA:300,48,0,20
BRDA:300,48,1,14
BRDA:308,49,0,4
BRDA:310,50,0,7
BRDA:310,50,1,3
BRDA:313,51,0,7
BRDA:334,52,0,3
BRDA:334,53,0,17
BRDA:334,53,1,14
BRDA:335,54,0,3
BRDA:335,55,0,14
BRDA:335,55,1,11
BRDA:339,56,0,11
BRDA:339,56,1,0
BRDA:339,57,0,11
BRDA:339,57,1,11
BRDA:341,58,0,11
BRDA:341,58,1,0
BRDA:341,59,0,11
BRDA:341,59,1,11
BRDA:348,60,0,8
BRDA:353,61,0,0
BRDA:356,62,0,2
BRDA:356,62,1,9
BRDA:375,63,0,3
BRDA:375,64,0,6
BRDA:375,64,1,3
BRDA:381,65,0,0
BRDA:381,65,1,3
BRDA:381,66,0,3
BRDA:381,66,1,2
BRDA:413,67,0,1
BRDA:413,68,0,3
BRDA:413,68,1,2
BRDA:424,69,0,2
BRDA:424,69,1,0
BRDA:425,70,0,2
BRDA:425,70,1,0
BRF:121
BRH:65
end_of_record
