TN:
SF:src/App.vue
FN:3,(anonymous_0)
FN:15,(anonymous_1)
FN:32,render
FNF:3
FNH:0
FNDA:0,(anonymous_0)
FNDA:0,(anonymous_1)
FNDA:0,render
DA:3,0
DA:4,0
DA:8,0
DA:11,0
DA:12,0
DA:13,0
DA:16,0
DA:17,0
DA:18,0
DA:21,0
DA:25,0
DA:29,0
DA:30,0
DA:31,0
DA:33,0
DA:35,0
DA:36,0
LF:17
LH:0
BRDA:3,0,0,0
BRDA:3,0,1,0
BRDA:3,0,2,0
BRDA:4,1,0,0
BRDA:4,1,1,0
BRDA:4,2,0,0
BRDA:4,2,1,0
BRF:7
BRH:0
end_of_record
TN:
SF:src/vite-env.d.ts
FNF:0
FNH:0
LF:0
LH:0
BRF:0
BRH:0
end_of_record
TN:
SF:src/components/CodeSearch.vue
FN:3,(anonymous_0)
FN:19,(anonymous_1)
FN:58,render
FNF:3
FNH:0
FNDA:0,(anonymous_0)
FNDA:0,(anonymous_1)
FNDA:0,render
DA:3,0
DA:4,0
DA:8,0
DA:11,0
DA:12,0
DA:13,0
DA:14,0
DA:15,0
DA:17,0
DA:20,0
DA:21,0
DA:22,0
DA:23,0
DA:24,0
DA:25,0
DA:26,0
DA:27,0
DA:28,0
DA:29,0
DA:30,0
DA:42,0
DA:46,0
DA:50,0
DA:51,0
DA:52,0
DA:53,0
DA:59,0
DA:88,0
DA:89,0
LF:29
LH:0
BRDA:3,0,0,0
BRDA:3,0,1,0
BRDA:3,0,2,0
BRDA:4,1,0,0
BRDA:4,1,1,0
BRDA:4,2,0,0
BRDA:4,2,1,0
BRDA:70,3,0,0
BRDA:70,3,1,0
BRF:9
BRH:0
end_of_record
TN:
SF:src/components/ui/CodeModal.vue
FN:7,(anonymous_0)
FN:13,(anonymous_1)
FN:19,(anonymous_2)
FN:27,(anonymous_3)
FN:32,(anonymous_4)
FN:39,(anonymous_5)
FN:50,(anonymous_6)
FN:51,adopt
FN:52,(anonymous_8)
FN:56,(anonymous_9)
FN:57,fulfilled
FN:64,rejected
FN:71,step
FN:81,(anonymous_13)
FN:84,(anonymous_14)
FN:99,(anonymous_15)
FN:102,verb
FN:103,(anonymous_17)
FN:107,step
FN:194,(anonymous_19)
FN:202,(anonymous_20)
FN:206,(anonymous_21)
FN:217,(anonymous_22)
FN:262,(anonymous_23)
FN:267,(anonymous_24)
FN:274,(anonymous_25)
FN:275,(anonymous_26)
FN:277,(anonymous_27)
FN:288,(anonymous_28)
FN:294,(anonymous_29)
FN:299,(anonymous_30)
FN:304,(anonymous_31)
FN:309,(anonymous_32)
FN:314,(anonymous_33)
FN:319,(anonymous_34)
FN:324,(anonymous_35)
FN:329,(anonymous_36)
FN:334,(anonymous_37)
FN:339,(anonymous_38)
FN:435,(anonymous_39)
FN:436,(anonymous_40)
FN:437,(anonymous_41)
FN:449,(anonymous_42)
FN:451,(anonymous_43)
FN:452,(anonymous_44)
FN:453,(anonymous_45)
FN:467,(anonymous_46)
FN:471,(anonymous_47)
FN:483,(anonymous_48)
FN:484,(anonymous_49)
FN:487,(anonymous_50)
FN:492,(anonymous_51)
FN:497,(anonymous_52)
FN:499,(anonymous_53)
FN:503,(anonymous_54)
FN:513,(anonymous_55)
FN:521,(anonymous_56)
FN:528,(anonymous_57)
FN:532,(anonymous_58)
FN:544,(anonymous_59)
FN:549,(anonymous_60)
FN:580,(anonymous_61)
FN:625,(anonymous_62)
FN:656,render
FN:663,(anonymous_64)
FN:673,(anonymous_65)
FN:681,(anonymous_66)
FN:716,(anonymous_67)
FN:737,(anonymous_68)
FN:753,(anonymous_69)
FNF:70
FNH:49
FNDA:3995,(anonymous_0)
FNDA:0,(anonymous_1)
FNDA:0,(anonymous_2)
FNDA:935,(anonymous_3)
FNDA:0,(anonymous_4)
FNDA:935,(anonymous_5)
FNDA:184,(anonymous_6)
FNDA:1027,adopt
FNDA:0,(anonymous_8)
FNDA:184,(anonymous_9)
FNDA:1027,fulfilled
FNDA:0,rejected
FNDA:1211,step
FNDA:184,(anonymous_13)
FNDA:1027,(anonymous_14)
FNDA:0,(anonymous_15)
FNDA:552,verb
FNDA:1211,(anonymous_17)
FNDA:1211,step
FNDA:92,(anonymous_19)
FNDA:2,(anonymous_20)
FNDA:147,(anonymous_21)
FNDA:92,(anonymous_22)
FNDA:88,(anonymous_23)
FNDA:15001,(anonymous_24)
FNDA:92,(anonymous_25)
FNDA:92,(anonymous_26)
FNDA:1112,(anonymous_27)
FNDA:85,(anonymous_28)
FNDA:85,(anonymous_29)
FNDA:85,(anonymous_30)
FNDA:85,(anonymous_31)
FNDA:85,(anonymous_32)
FNDA:85,(anonymous_33)
FNDA:85,(anonymous_34)
FNDA:85,(anonymous_35)
FNDA:85,(anonymous_36)
FNDA:85,(anonymous_37)
FNDA:85,(anonymous_38)
FNDA:92,(anonymous_39)
FNDA:92,(anonymous_40)
FNDA:184,(anonymous_41)
FNDA:92,(anonymous_42)
FNDA:0,(anonymous_43)
FNDA:0,(anonymous_44)
FNDA:0,(anonymous_45)
FNDA:145,(anonymous_46)
FNDA:88,(anonymous_47)
FNDA:2,(anonymous_48)
FNDA:2,(anonymous_49)
FNDA:0,(anonymous_50)
FNDA:0,(anonymous_51)
FNDA:92,(anonymous_52)
FNDA:0,(anonymous_53)
FNDA:0,(anonymous_54)
FNDA:0,(anonymous_55)
FNDA:3,(anonymous_56)
FNDA:0,(anonymous_57)
FNDA:0,(anonymous_58)
FNDA:0,(anonymous_59)
FNDA:0,(anonymous_60)
FNDA:0,(anonymous_61)
FNDA:163,(anonymous_62)
FNDA:151,render
FNDA:1,(anonymous_64)
FNDA:3,(anonymous_65)
FNDA:1,(anonymous_66)
FNDA:0,(anonymous_67)
FNDA:0,(anonymous_68)
FNDA:2,(anonymous_69)
DA:5,3
DA:8,3995
DA:9,3995
DA:10,3995
DA:11,3995
DA:14,0
DA:18,3995
DA:20,0
DA:21,0
DA:25,3
DA:28,935
DA:33,0
DA:37,3
DA:40,935
DA:41,935
DA:42,4080
DA:43,935
DA:44,935
DA:48,3
DA:52,1027
DA:53,0
DA:56,184
DA:58,1027
DA:59,1027
DA:61,0
DA:65,0
DA:66,0
DA:68,0
DA:72,1211
DA:74,184
DA:79,3
DA:82,184
DA:85,1027
DA:86,1027
DA:95,184
DA:100,0
DA:103,552
DA:104,1211
DA:108,1211
DA:109,2592
DA:110,2592
DA:111,2592
DA:112,2592
DA:115,1211
DA:116,1211
DA:118,1027
DA:119,1027
DA:124,0
DA:125,0
DA:126,0
DA:127,0
DA:129,0
DA:130,0
DA:131,0
DA:133,354
DA:134,184
DA:135,184
DA:137,170
DA:138,85
DA:139,85
DA:141,85
DA:142,0
DA:143,0
DA:144,0
DA:146,85
DA:147,0
DA:148,0
DA:149,0
DA:151,85
DA:152,85
DA:153,85
DA:155,1296
DA:157,0
DA:158,0
DA:160,2592
DA:162,184
DA:163,184
DA:169,3
DA:172,3
DA:173,3
DA:195,92
DA:196,92
DA:197,92
DA:198,92
DA:199,92
DA:200,92
DA:201,92
DA:202,92
DA:203,2
DA:206,92
DA:207,147
DA:208,146
DA:209,146
DA:210,1
DA:211,1
DA:212,1
DA:214,0
DA:217,92
DA:219,92
DA:220,87
DA:221,87
DA:259,87
DA:262,92
DA:263,88
DA:264,85
DA:267,92
DA:268,15001
DA:269,15000
DA:272,92
DA:274,92
DA:275,92
DA:277,92
DA:278,1112
DA:280,92
DA:281,7
DA:282,7
DA:284,85
DA:285,85
DA:287,85
DA:288,85
DA:289,85
DA:292,85
DA:293,85
DA:294,85
DA:295,85
DA:298,85
DA:299,85
DA:300,85
DA:303,85
DA:304,85
DA:305,85
DA:308,85
DA:309,85
DA:310,85
DA:313,85
DA:314,85
DA:315,85
DA:318,85
DA:319,85
DA:320,85
DA:323,85
DA:324,85
DA:325,85
DA:328,85
DA:329,85
DA:330,85
DA:333,85
DA:334,85
DA:335,85
DA:338,85
DA:339,85
DA:340,85
DA:343,85
DA:344,85
DA:345,85
DA:346,85
DA:347,85
DA:348,85
DA:349,85
DA:350,85
DA:351,85
DA:352,85
DA:353,85
DA:354,85
DA:355,85
DA:357,0
DA:358,0
DA:360,0
DA:361,0
DA:363,85
DA:364,85
DA:366,85
DA:367,3
DA:368,3
DA:369,15001
DA:370,15001
DA:372,15001
DA:373,15001
DA:374,4000
DA:380,0
DA:383,15001
DA:384,0
DA:385,0
DA:386,0
DA:392,15001
DA:395,3
DA:396,1
DA:398,3
DA:400,82
DA:401,82
DA:402,82
DA:403,67
DA:409,0
DA:411,82
DA:412,82
DA:413,82
DA:414,327
DA:415,327
DA:417,327
DA:418,19
DA:419,19
DA:420,19
DA:425,327
DA:427,82
DA:429,85
DA:435,92
DA:436,92
DA:437,92
DA:438,184
DA:440,92
DA:442,92
DA:443,92
DA:449,92
DA:450,92
DA:452,0
DA:453,0
DA:454,0
DA:456,0
DA:458,0
DA:459,0
DA:467,92
DA:468,145
DA:471,92
DA:472,88
DA:473,7
DA:474,7
DA:475,7
DA:476,7
DA:479,0
DA:483,92
DA:484,2
DA:485,2
DA:487,2
DA:488,0
DA:491,2
DA:493,0
DA:497,92
DA:498,92
DA:500,0
DA:503,92
DA:504,0
DA:505,0
DA:506,0
DA:507,0
DA:512,0
DA:513,0
DA:514,0
DA:515,0
DA:521,92
DA:522,3
DA:523,0
DA:528,92
DA:529,0
DA:530,0
DA:531,0
DA:532,0
DA:533,0
DA:534,0
DA:536,0
DA:537,0
DA:544,0
DA:545,0
DA:547,0
DA:549,92
DA:550,0
DA:551,0
DA:552,0
DA:553,0
DA:554,0
DA:556,0
DA:557,0
DA:560,0
DA:561,0
DA:562,0
DA:563,0
DA:564,0
DA:568,0
DA:569,0
DA:570,0
DA:575,0
DA:580,92
DA:581,0
DA:582,0
DA:583,0
DA:584,0
DA:585,0
DA:586,0
DA:588,0
DA:591,0
DA:593,0
DA:594,0
DA:595,0
DA:600,0
DA:605,92
DA:624,3
DA:625,3
DA:626,163
DA:627,163
DA:628,0
DA:629,0
DA:632,163
DA:634,3
DA:635,3
DA:636,3
DA:637,3
DA:638,3
DA:639,3
DA:640,3
DA:644,3
DA:645,3
DA:646,3
DA:647,3
DA:648,3
DA:649,3
DA:650,3
DA:654,3
DA:655,3
DA:657,151
DA:664,1
DA:665,1
DA:666,1
DA:668,1
DA:682,1
DA:683,1
DA:684,1
DA:686,1
DA:717,0
DA:718,0
DA:719,0
DA:721,0
DA:738,0
DA:739,0
DA:740,0
DA:742,0
DA:754,2
DA:755,2
DA:756,2
DA:758,2
DA:771,3
DA:772,3
LF:340
LH:237
BRDA:5,0,0,3
BRDA:5,0,1,3
BRDA:7,1,0,3
BRDA:7,1,1,0
BRDA:8,2,0,3995
BRDA:8,2,1,0
BRDA:10,3,0,3995
BRDA:10,3,1,0
BRDA:10,4,0,3995
BRDA:10,4,1,3995
BRDA:10,5,0,0
BRDA:10,5,1,3995
BRDA:10,6,0,3995
BRDA:10,6,1,0
BRDA:20,7,0,0
BRDA:20,7,1,0
BRDA:25,8,0,3
BRDA:25,8,1,3
BRDA:27,9,0,3
BRDA:27,9,1,0
BRDA:37,10,0,3
BRDA:37,10,1,3
BRDA:40,11,0,0
BRDA:40,11,1,935
BRDA:40,12,0,935
BRDA:40,12,1,935
BRDA:42,13,0,935
BRDA:42,13,1,0
BRDA:42,14,0,3995
BRDA:42,14,1,85
BRDA:42,15,0,4080
BRDA:42,15,1,3995
BRDA:48,16,0,3
BRDA:48,16,1,3
BRDA:52,17,0,1027
BRDA:52,17,1,0
BRDA:56,18,0,184
BRDA:56,18,1,184
BRDA:72,19,0,184
BRDA:72,19,1,1027
BRDA:74,20,0,184
BRDA:74,20,1,184
BRDA:79,21,0,3
BRDA:79,21,1,3
BRDA:85,22,0,0
BRDA:85,22,1,1027
BRDA:99,23,0,184
BRDA:99,23,1,184
BRDA:108,24,0,0
BRDA:108,24,1,1211
BRDA:109,25,0,2776
BRDA:109,25,1,184
BRDA:109,26,0,184
BRDA:109,26,1,0
BRDA:110,27,0,0
BRDA:110,27,1,2592
BRDA:110,28,0,2592
BRDA:110,28,1,0
BRDA:110,28,2,0
BRDA:110,29,0,0
BRDA:110,29,1,0
BRDA:110,30,0,0
BRDA:110,30,1,0
BRDA:110,31,0,0
BRDA:110,31,1,0
BRDA:110,32,0,0
BRDA:110,32,1,0
BRDA:111,33,0,0
BRDA:111,33,1,2592
BRDA:112,34,0,1211
BRDA:112,34,1,1211
BRDA:112,34,2,1027
BRDA:112,34,3,0
BRDA:112,34,4,0
BRDA:112,34,5,354
BRDA:133,35,0,184
BRDA:133,35,1,170
BRDA:133,36,0,354
BRDA:133,36,1,269
BRDA:133,36,2,269
BRDA:133,37,0,354
BRDA:133,37,1,85
BRDA:137,38,0,85
BRDA:137,38,1,85
BRDA:137,39,0,170
BRDA:137,39,1,170
BRDA:137,39,2,85
BRDA:137,39,3,85
BRDA:141,40,0,0
BRDA:141,40,1,85
BRDA:141,41,0,85
BRDA:141,41,1,0
BRDA:146,42,0,0
BRDA:146,42,1,85
BRDA:146,43,0,85
BRDA:146,43,1,85
BRDA:151,44,0,0
BRDA:151,44,1,85
BRDA:162,45,0,0
BRDA:162,45,1,184
BRDA:164,46,0,184
BRDA:164,46,1,0
BRDA:207,47,0,1
BRDA:207,47,1,146
BRDA:209,48,0,145
BRDA:209,48,1,1
BRDA:211,49,0,1
BRDA:211,49,1,0
BRDA:219,50,0,5
BRDA:219,50,1,87
BRDA:220,51,0,87
BRDA:220,51,1,0
BRDA:220,52,0,0
BRDA:220,52,1,87
BRDA:220,53,0,87
BRDA:220,53,1,87
BRDA:259,54,0,87
BRDA:259,54,1,10
BRDA:263,55,0,3
BRDA:263,55,1,85
BRDA:268,56,0,1
BRDA:268,56,1,15000
BRDA:278,57,0,92
BRDA:278,57,1,85
BRDA:278,57,2,85
BRDA:278,57,3,85
BRDA:278,57,4,85
BRDA:278,57,5,85
BRDA:278,57,6,85
BRDA:278,57,7,85
BRDA:278,57,8,85
BRDA:278,57,9,85
BRDA:278,57,10,85
BRDA:278,57,11,85
BRDA:278,57,12,85
BRDA:278,57,13,0
BRDA:278,57,14,85
BRDA:280,58,0,7
BRDA:280,58,1,85
BRDA:284,59,0,0
BRDA:284,59,1,85
BRDA:366,60,0,3
BRDA:366,60,1,82
BRDA:368,61,0,15004
BRDA:368,61,1,15002
BRDA:373,62,0,4000
BRDA:373,62,1,11001
BRDA:373,63,0,15001
BRDA:373,63,1,15001
BRDA:383,64,0,0
BRDA:383,64,1,15001
BRDA:392,65,0,15001
BRDA:392,65,1,1
BRDA:395,66,0,1
BRDA:395,66,1,2
BRDA:402,67,0,67
BRDA:402,67,1,15
BRDA:402,68,0,82
BRDA:402,68,1,82
BRDA:417,69,0,19
BRDA:417,69,1,308
BRDA:425,70,0,327
BRDA:425,70,1,32
BRDA:438,71,0,92
BRDA:438,71,1,92
BRDA:454,72,0,0
BRDA:454,72,1,0
BRDA:472,73,0,81
BRDA:472,73,1,7
BRDA:472,74,0,88
BRDA:472,74,1,7
BRDA:476,75,0,4
BRDA:476,75,1,3
BRDA:504,76,0,0
BRDA:504,76,1,0
BRDA:506,77,0,0
BRDA:506,77,1,0
BRDA:514,78,0,0
BRDA:514,78,1,0
BRDA:522,79,0,0
BRDA:522,79,1,3
BRDA:522,80,0,3
BRDA:522,80,1,0
BRDA:529,81,0,0
BRDA:529,81,1,0
BRDA:550,82,0,0
BRDA:550,82,1,0
BRDA:550,83,0,0
BRDA:550,83,1,0
BRDA:551,84,0,0
BRDA:551,84,1,0
BRDA:553,85,0,0
BRDA:553,85,1,0
BRDA:556,86,0,0
BRDA:556,86,1,0
BRDA:556,87,0,0
BRDA:556,87,1,0
BRDA:562,88,0,0
BRDA:562,88,1,0
BRDA:569,89,0,0
BRDA:569,89,1,0
BRDA:581,90,0,0
BRDA:581,90,1,0
BRDA:581,91,0,0
BRDA:581,91,1,0
BRDA:582,92,0,0
BRDA:582,92,1,0
BRDA:584,93,0,0
BRDA:584,93,1,0
BRDA:586,94,0,0
BRDA:586,94,1,0
BRDA:594,95,0,0
BRDA:594,95,1,0
BRDA:625,96,0,3
BRDA:625,96,1,3
BRDA:625,96,2,3
BRDA:626,97,0,163
BRDA:626,97,1,0
BRDA:626,98,0,163
BRDA:626,98,1,0
BRDA:627,99,0,0
BRDA:627,99,1,163
BRDA:627,100,0,163
BRDA:627,100,1,163
BRDA:628,101,0,0
BRDA:628,101,1,0
BRDA:632,102,0,163
BRDA:632,102,1,163
BRDA:657,103,0,147
BRDA:657,103,1,4
BRDA:661,104,0,147
BRDA:661,104,1,88
BRDA:668,105,0,1
BRDA:668,105,1,1
BRDA:673,106,0,147
BRDA:673,106,1,88
BRDA:679,107,0,147
BRDA:679,107,1,88
BRDA:686,108,0,1
BRDA:686,108,1,1
BRDA:688,109,0,147
BRDA:688,109,1,88
BRDA:705,110,0,8
BRDA:705,110,1,139
BRDA:710,111,0,8
BRDA:710,111,1,139
BRDA:714,112,0,8
BRDA:714,112,1,4
BRDA:721,113,0,0
BRDA:721,113,1,0
BRDA:724,114,0,8
BRDA:724,114,1,4
BRDA:728,115,0,8
BRDA:728,115,1,139
BRDA:729,116,0,0
BRDA:729,116,1,8
BRDA:731,117,0,8
BRDA:731,117,1,139
BRDA:735,118,0,8
BRDA:735,118,1,4
BRDA:742,119,0,0
BRDA:742,119,1,0
BRDA:745,120,0,8
BRDA:745,120,1,4
BRDA:751,121,0,147
BRDA:751,121,1,88
BRDA:758,122,0,2
BRDA:758,122,1,2
BRDA:761,123,0,3
BRDA:761,123,1,144
BRF:270
BRH:180
end_of_record
TN:
SF:src/components/ui/ProgressIndicator.vue
FN:34,render
FNF:1
FNH:1
FNDA:4,render
DA:3,1
DA:6,1
DA:7,1
DA:20,1
DA:21,1
DA:22,1
DA:23,1
DA:24,1
DA:28,1
DA:29,1
DA:30,1
DA:35,4
DA:54,1
DA:55,1
LF:14
LH:14
BRDA:35,0,0,3
BRDA:35,0,1,1
BRDA:40,1,0,2
BRDA:40,1,1,1
BRDA:48,2,0,3
BRDA:48,2,1,0
BRF:6
BRH:5
end_of_record
TN:
SF:src/components/ui/SearchForm.vue
FN:23,(anonymous_0)
FN:27,(anonymous_1)
FN:29,(anonymous_2)
FN:34,(anonymous_3)
FN:36,(anonymous_4)
FN:44,(anonymous_5)
FN:55,(anonymous_6)
FN:61,(anonymous_7)
FN:69,(anonymous_8)
FN:82,(anonymous_9)
FN:130,render
FN:137,(anonymous_11)
FN:148,(anonymous_12)
FN:164,(anonymous_13)
FN:170,(anonymous_14)
FN:189,(anonymous_15)
FN:202,(anonymous_16)
FN:212,(anonymous_17)
FN:222,(anonymous_18)
FN:232,(anonymous_19)
FN:245,(anonymous_20)
FN:262,(anonymous_21)
FN:279,(anonymous_22)
FN:297,(anonymous_23)
FN:306,(anonymous_24)
FN:318,(anonymous_25)
FN:330,(anonymous_26)
FN:342,(anonymous_27)
FN:359,(anonymous_28)
FNF:29
FNH:11
FNDA:4,(anonymous_0)
FNDA:4,(anonymous_1)
FNDA:0,(anonymous_2)
FNDA:0,(anonymous_3)
FNDA:0,(anonymous_4)
FNDA:0,(anonymous_5)
FNDA:0,(anonymous_6)
FNDA:0,(anonymous_7)
FNDA:0,(anonymous_8)
FNDA:14,(anonymous_9)
FNDA:14,render
FNDA:1,(anonymous_11)
FNDA:1,(anonymous_12)
FNDA:1,(anonymous_13)
FNDA:0,(anonymous_14)
FNDA:1,(anonymous_15)
FNDA:1,(anonymous_16)
FNDA:1,(anonymous_17)
FNDA:0,(anonymous_18)
FNDA:0,(anonymous_19)
FNDA:0,(anonymous_20)
FNDA:0,(anonymous_21)
FNDA:0,(anonymous_22)
FNDA:0,(anonymous_23)
FNDA:0,(anonymous_24)
FNDA:0,(anonymous_25)
FNDA:0,(anonymous_26)
FNDA:0,(anonymous_27)
FNDA:1,(anonymous_28)
DA:3,1
DA:6,1
DA:7,1
DA:25,4
DA:27,4
DA:28,4
DA:30,0
DA:31,0
DA:32,0
DA:34,0
DA:35,0
DA:37,0
DA:40,0
DA:44,4
DA:45,0
DA:46,0
DA:47,0
DA:48,0
DA:49,0
DA:52,0
DA:55,4
DA:56,0
DA:57,0
DA:60,4
DA:61,4
DA:62,0
DA:63,0
DA:64,0
DA:65,0
DA:69,4
DA:70,0
DA:72,4
DA:81,1
DA:82,1
DA:83,14
DA:84,14
DA:85,0
DA:86,0
DA:89,14
DA:91,1
DA:92,1
DA:93,1
DA:94,1
DA:95,1
DA:96,1
DA:97,1
DA:101,1
DA:105,1
DA:109,1
DA:110,1
DA:111,1
DA:112,1
DA:113,1
DA:114,1
DA:115,1
DA:116,1
DA:117,1
DA:118,1
DA:119,1
DA:120,1
DA:121,1
DA:122,1
DA:123,1
DA:124,1
DA:125,1
DA:126,1
DA:131,14
DA:137,1
DA:149,1
DA:150,1
DA:151,1
DA:153,1
DA:164,1
DA:171,0
DA:172,0
DA:173,0
DA:175,0
DA:189,1
DA:202,1
DA:212,1
DA:222,0
DA:232,0
DA:245,0
DA:262,0
DA:279,0
DA:298,0
DA:306,0
DA:319,0
DA:320,0
DA:321,0
DA:323,0
DA:330,0
DA:343,0
DA:344,0
DA:345,0
DA:347,0
DA:360,1
DA:361,1
DA:362,1
DA:364,1
DA:376,1
DA:377,1
LF:102
LH:60
BRDA:25,0,0,4
BRDA:25,0,1,0
BRDA:30,1,0,0
BRDA:30,1,1,0
BRDA:32,2,0,0
BRDA:32,2,1,0
BRDA:34,3,0,0
BRDA:34,3,1,0
BRDA:47,4,0,0
BRDA:47,4,1,0
BRDA:47,5,0,0
BRDA:47,5,1,0
BRDA:62,6,0,0
BRDA:62,6,1,0
BRDA:62,7,0,0
BRDA:62,7,1,0
BRDA:82,8,0,1
BRDA:82,8,1,1
BRDA:82,8,2,1
BRDA:83,9,0,14
BRDA:83,9,1,0
BRDA:83,10,0,14
BRDA:83,10,1,0
BRDA:84,11,0,0
BRDA:84,11,1,14
BRDA:84,12,0,14
BRDA:84,12,1,14
BRDA:85,13,0,0
BRDA:85,13,1,0
BRDA:89,14,0,14
BRDA:89,14,1,14
BRDA:133,15,0,14
BRDA:133,15,1,4
BRDA:137,16,0,14
BRDA:137,16,1,4
BRDA:146,17,0,14
BRDA:146,17,1,4
BRDA:153,18,0,1
BRDA:153,18,1,1
BRDA:160,19,0,14
BRDA:160,19,1,4
BRDA:164,20,0,14
BRDA:164,20,1,4
BRDA:168,21,0,14
BRDA:168,21,1,4
BRDA:175,22,0,0
BRDA:175,22,1,0
BRDA:182,23,0,14
BRDA:182,23,1,4
BRDA:189,24,0,14
BRDA:189,24,1,4
BRDA:202,25,0,14
BRDA:202,25,1,4
BRDA:207,26,0,14
BRDA:207,26,1,4
BRDA:212,27,0,14
BRDA:212,27,1,4
BRDA:217,28,0,14
BRDA:217,28,1,4
BRDA:222,29,0,14
BRDA:222,29,1,4
BRDA:227,30,0,14
BRDA:227,30,1,4
BRDA:232,31,0,14
BRDA:232,31,1,4
BRDA:237,32,0,14
BRDA:237,32,1,4
BRDA:242,33,0,14
BRDA:242,33,1,4
BRDA:245,34,0,14
BRDA:245,34,1,4
BRDA:259,35,0,14
BRDA:259,35,1,4
BRDA:262,36,0,14
BRDA:262,36,1,4
BRDA:276,37,0,14
BRDA:276,37,1,4
BRDA:279,38,0,14
BRDA:279,38,1,4
BRDA:294,39,0,14
BRDA:294,39,1,4
BRDA:316,40,0,14
BRDA:316,40,1,4
BRDA:323,41,0,0
BRDA:323,41,1,0
BRDA:325,42,0,14
BRDA:325,42,1,4
BRDA:330,43,0,14
BRDA:330,43,1,4
BRDA:340,44,0,14
BRDA:340,44,1,4
BRDA:347,45,0,0
BRDA:347,45,1,0
BRDA:357,46,0,14
BRDA:357,46,1,4
BRDA:364,47,0,1
BRDA:364,47,1,1
BRDA:368,48,0,0
BRDA:368,48,1,14
BRDA:371,49,0,0
BRDA:371,49,1,14
BRF:101
BRH:73
end_of_record
TN:
SF:src/components/ui/SearchResults.vue
FN:7,(anonymous_0)
FN:8,(anonymous_1)
FN:21,(anonymous_2)
FN:22,adopt
FN:23,(anonymous_4)
FN:27,(anonymous_5)
FN:28,fulfilled
FN:35,rejected
FN:42,step
FN:52,(anonymous_9)
FN:55,(anonymous_10)
FN:70,(anonymous_11)
FN:73,verb
FN:74,(anonymous_13)
FN:78,step
FN:144,(anonymous_15)
FN:182,(anonymous_16)
FN:193,(anonymous_17)
FN:196,(anonymous_18)
FN:199,(anonymous_19)
FN:202,(anonymous_20)
FN:206,(anonymous_21)
FN:211,(anonymous_22)
FN:215,(anonymous_23)
FN:218,(anonymous_24)
FN:224,(anonymous_25)
FN:229,(anonymous_26)
FN:236,(anonymous_27)
FN:243,(anonymous_28)
FN:245,(anonymous_29)
FN:249,(anonymous_30)
FN:251,(anonymous_31)
FN:257,(anonymous_32)
FN:258,(anonymous_33)
FN:260,(anonymous_34)
FN:286,(anonymous_35)
FN:292,(anonymous_36)
FN:378,render
FN:403,(anonymous_38)
FN:413,(anonymous_39)
FN:422,(anonymous_40)
FN:432,(anonymous_41)
FN:444,(anonymous_42)
FN:449,(anonymous_43)
FN:455,(anonymous_44)
FN:468,(anonymous_45)
FN:485,(anonymous_46)
FN:495,(anonymous_47)
FNF:48
FNH:21
FNDA:2,(anonymous_0)
FNDA:0,(anonymous_1)
FNDA:0,(anonymous_2)
FNDA:0,adopt
FNDA:0,(anonymous_4)
FNDA:0,(anonymous_5)
FNDA:0,fulfilled
FNDA:0,rejected
FNDA:0,step
FNDA:0,(anonymous_9)
FNDA:0,(anonymous_10)
FNDA:0,(anonymous_11)
FNDA:0,verb
FNDA:0,(anonymous_13)
FNDA:0,step
FNDA:1,(anonymous_15)
FNDA:5,(anonymous_16)
FNDA:4,(anonymous_17)
FNDA:4,(anonymous_18)
FNDA:4,(anonymous_19)
FNDA:4,(anonymous_20)
FNDA:4,(anonymous_21)
FNDA:8,(anonymous_22)
FNDA:20,(anonymous_23)
FNDA:16,(anonymous_24)
FNDA:4,(anonymous_25)
FNDA:0,(anonymous_26)
FNDA:0,(anonymous_27)
FNDA:5,(anonymous_28)
FNDA:0,(anonymous_29)
FNDA:5,(anonymous_30)
FNDA:5,(anonymous_31)
FNDA:0,(anonymous_32)
FNDA:0,(anonymous_33)
FNDA:0,(anonymous_34)
FNDA:0,(anonymous_35)
FNDA:0,(anonymous_36)
FNDA:5,render
FNDA:0,(anonymous_38)
FNDA:0,(anonymous_39)
FNDA:8,(anonymous_40)
FNDA:1,(anonymous_41)
FNDA:0,(anonymous_42)
FNDA:1,(anonymous_43)
FNDA:20,(anonymous_44)
FNDA:16,(anonymous_45)
FNDA:0,(anonymous_46)
FNDA:0,(anonymous_47)
DA:5,1
DA:8,2
DA:9,0
DA:10,0
DA:11,0
DA:13,0
DA:15,2
DA:19,1
DA:23,0
DA:24,0
DA:27,0
DA:29,0
DA:30,0
DA:32,0
DA:36,0
DA:37,0
DA:39,0
DA:43,0
DA:45,0
DA:50,1
DA:53,0
DA:56,0
DA:57,0
DA:66,0
DA:71,0
DA:74,0
DA:75,0
DA:79,0
DA:80,0
DA:81,0
DA:82,0
DA:83,0
DA:86,0
DA:87,0
DA:89,0
DA:90,0
DA:95,0
DA:96,0
DA:97,0
DA:98,0
DA:100,0
DA:101,0
DA:102,0
DA:104,0
DA:105,0
DA:106,0
DA:108,0
DA:109,0
DA:110,0
DA:112,0
DA:113,0
DA:114,0
DA:115,0
DA:117,0
DA:118,0
DA:119,0
DA:120,0
DA:122,0
DA:123,0
DA:124,0
DA:126,0
DA:128,0
DA:129,0
DA:131,0
DA:133,0
DA:134,0
DA:142,1
DA:145,1
DA:149,1
DA:152,1
DA:153,1
DA:154,1
DA:155,1
DA:183,5
DA:185,5
DA:186,5
DA:187,5
DA:189,5
DA:190,5
DA:191,5
DA:193,5
DA:194,4
DA:196,5
DA:197,4
DA:199,5
DA:200,4
DA:202,5
DA:203,4
DA:206,5
DA:207,4
DA:208,0
DA:211,4
DA:212,8
DA:216,20
DA:219,16
DA:224,5
DA:226,4
DA:229,5
DA:230,0
DA:232,0
DA:234,0
DA:236,0
DA:237,0
DA:243,5
DA:244,5
DA:246,0
DA:249,5
DA:250,5
DA:257,5
DA:258,0
DA:260,0
DA:261,0
DA:263,0
DA:265,0
DA:266,0
DA:268,0
DA:269,0
DA:271,0
DA:272,0
DA:274,0
DA:275,0
DA:276,0
DA:277,0
DA:278,0
DA:280,0
DA:286,5
DA:287,0
DA:288,0
DA:289,0
DA:292,5
DA:293,0
DA:295,5
DA:314,1
DA:315,1
DA:316,1
DA:317,1
DA:318,1
DA:322,1
DA:323,1
DA:324,1
DA:325,1
DA:329,1
DA:330,1
DA:331,1
DA:332,1
DA:336,1
DA:337,1
DA:338,1
DA:339,1
DA:343,1
DA:344,1
DA:345,1
DA:346,1
DA:347,1
DA:348,1
DA:349,1
DA:353,1
DA:354,1
DA:355,1
DA:356,1
DA:357,1
DA:358,1
DA:359,1
DA:363,1
DA:364,1
DA:365,1
DA:366,1
DA:370,1
DA:371,1
DA:372,1
DA:373,1
DA:377,1
DA:379,5
DA:380,5
DA:403,0
DA:413,0
DA:423,8
DA:432,1
DA:444,0
DA:449,1
DA:456,20
DA:469,16
DA:485,0
DA:495,0
DA:516,1
DA:517,1
LF:186
LH:93
BRDA:5,0,0,1
BRDA:5,0,1,1
BRDA:8,1,0,2
BRDA:8,1,1,0
BRDA:11,2,0,0
BRDA:11,2,1,0
BRDA:19,3,0,1
BRDA:19,3,1,1
BRDA:23,4,0,0
BRDA:23,4,1,0
BRDA:27,5,0,0
BRDA:27,5,1,0
BRDA:43,6,0,0
BRDA:43,6,1,0
BRDA:45,7,0,0
BRDA:45,7,1,0
BRDA:50,8,0,1
BRDA:50,8,1,1
BRDA:56,9,0,0
BRDA:56,9,1,0
BRDA:70,10,0,0
BRDA:70,10,1,0
BRDA:79,11,0,0
BRDA:79,11,1,0
BRDA:80,12,0,0
BRDA:80,12,1,0
BRDA:80,13,0,0
BRDA:80,13,1,0
BRDA:81,14,0,0
BRDA:81,14,1,0
BRDA:81,15,0,0
BRDA:81,15,1,0
BRDA:81,15,2,0
BRDA:81,16,0,0
BRDA:81,16,1,0
BRDA:81,17,0,0
BRDA:81,17,1,0
BRDA:81,18,0,0
BRDA:81,18,1,0
BRDA:81,19,0,0
BRDA:81,19,1,0
BRDA:82,20,0,0
BRDA:82,20,1,0
BRDA:83,21,0,0
BRDA:83,21,1,0
BRDA:83,21,2,0
BRDA:83,21,3,0
BRDA:83,21,4,0
BRDA:83,21,5,0
BRDA:104,22,0,0
BRDA:104,22,1,0
BRDA:104,23,0,0
BRDA:104,23,1,0
BRDA:104,23,2,0
BRDA:104,24,0,0
BRDA:104,24,1,0
BRDA:108,25,0,0
BRDA:108,25,1,0
BRDA:108,26,0,0
BRDA:108,26,1,0
BRDA:108,26,2,0
BRDA:108,26,3,0
BRDA:112,27,0,0
BRDA:112,27,1,0
BRDA:112,28,0,0
BRDA:112,28,1,0
BRDA:117,29,0,0
BRDA:117,29,1,0
BRDA:117,30,0,0
BRDA:117,30,1,0
BRDA:122,31,0,0
BRDA:122,31,1,0
BRDA:133,32,0,0
BRDA:133,32,1,0
BRDA:135,33,0,0
BRDA:135,33,1,0
BRDA:142,34,0,1
BRDA:142,34,1,1
BRDA:145,35,0,1
BRDA:145,35,1,0
BRDA:145,36,0,1
BRDA:145,36,1,1
BRDA:194,37,0,4
BRDA:194,37,1,0
BRDA:194,38,0,4
BRDA:194,38,1,4
BRDA:207,39,0,0
BRDA:207,39,1,4
BRDA:207,40,0,4
BRDA:207,40,1,4
BRDA:214,41,0,8
BRDA:214,41,1,0
BRDA:214,42,0,8
BRDA:214,42,1,0
BRDA:216,43,0,20
BRDA:216,43,1,0
BRDA:219,44,0,16
BRDA:219,44,1,0
BRDA:230,45,0,0
BRDA:230,45,1,0
BRDA:230,46,0,0
BRDA:230,46,1,0
BRDA:230,46,2,0
BRDA:261,47,0,0
BRDA:261,47,1,0
BRDA:261,47,2,0
BRDA:261,47,3,0
BRDA:276,48,0,0
BRDA:276,48,1,0
BRDA:277,49,0,0
BRDA:277,49,1,0
BRDA:380,50,0,4
BRDA:380,50,1,1
BRDA:380,51,0,5
BRDA:380,51,1,5
BRDA:380,51,2,5
BRDA:385,52,0,4
BRDA:385,52,1,4
BRDA:387,53,0,4
BRDA:387,53,1,0
BRDA:387,54,0,4
BRDA:387,54,1,4
BRDA:390,55,0,1
BRDA:390,55,1,3
BRDA:396,56,0,0
BRDA:396,56,1,4
BRDA:402,57,0,0
BRDA:402,57,1,0
BRDA:403,58,0,0
BRDA:403,58,1,0
BRDA:405,59,0,0
BRDA:405,59,1,0
BRDA:412,60,0,0
BRDA:412,60,1,0
BRDA:413,61,0,0
BRDA:413,61,1,0
BRDA:415,62,0,0
BRDA:415,62,1,0
BRDA:436,63,0,0
BRDA:436,63,1,8
BRDA:436,64,0,8
BRDA:436,64,1,8
BRDA:478,65,0,0
BRDA:478,65,1,4
BRDA:484,66,0,0
BRDA:484,66,1,0
BRDA:485,67,0,0
BRDA:485,67,1,0
BRDA:487,68,0,0
BRDA:487,68,1,0
BRDA:494,69,0,0
BRDA:494,69,1,0
BRDA:495,70,0,0
BRDA:495,70,1,0
BRDA:497,71,0,0
BRDA:497,71,1,0
BRF:156
BRH:39
end_of_record
TN:
SF:src/composables/useSearch.ts
FN:11,(anonymous_0)
FN:24,(anonymous_1)
FN:32,useSearch
FN:67,(anonymous_3)
FN:69,(anonymous_4)
FN:78,(anonymous_5)
FN:123,(anonymous_6)
FN:205,(anonymous_7)
FN:208,(anonymous_8)
FN:216,(anonymous_9)
FN:262,(anonymous_10)
FN:278,(anonymous_11)
FN:300,(anonymous_12)
FN:334,(anonymous_13)
FN:418,(anonymous_14)
FN:456,(anonymous_15)
FNF:16
FNH:11
FNDA:53,(anonymous_0)
FNDA:0,(anonymous_1)
FNDA:53,useSearch
FNDA:12,(anonymous_3)
FNDA:16,(anonymous_4)
FNDA:5,(anonymous_5)
FNDA:35,(anonymous_6)
FNDA:8,(anonymous_7)
FNDA:0,(anonymous_8)
FNDA:0,(anonymous_9)
FNDA:0,(anonymous_10)
FNDA:0,(anonymous_11)
FNDA:20,(anonymous_12)
FNDA:17,(anonymous_13)
FNDA:6,(anonymous_14)
FNDA:3,(anonymous_15)
DA:1,3
DA:2,3
DA:7,3
DA:11,3
DA:12,53
DA:13,53
DA:14,51
DA:15,3
DA:17,48
DA:19,2
DA:20,2
DA:24,3
DA:25,0
DA:26,0
DA:28,0
DA:32,3
DA:34,53
DA:67,53
DA:68,12
DA:69,7
DA:70,16
DA:78,53
DA:79,5
DA:81,5
DA:84,0
DA:85,0
DA:86,0
DA:87,0
DA:89,0
DA:92,5
DA:96,5
DA:98,5
DA:99,5
DA:102,5
DA:103,0
DA:105,5
DA:106,0
DA:109,5
DA:113,5
DA:114,5
DA:123,53
DA:125,35
DA:128,35
DA:129,3
DA:130,3
DA:131,3
DA:134,32
DA:135,3
DA:136,3
DA:137,3
DA:141,29
DA:142,4
DA:144,4
DA:145,4
DA:148,25
DA:149,3
DA:151,3
DA:152,3
DA:155,22
DA:156,3
DA:158,3
DA:159,3
DA:163,19
DA:164,19
DA:165,19
DA:166,19
DA:167,19
DA:168,19
DA:169,19
DA:178,19
DA:179,19
DA:181,1
DA:182,1
DA:184,1
DA:185,1
DA:186,1
DA:187,1
DA:188,1
DA:193,18
DA:205,8
DA:208,0
DA:212,18
DA:214,18
DA:217,0
DA:218,0
DA:227,0
DA:228,0
DA:229,0
DA:230,0
DA:237,18
DA:240,0
DA:242,0
DA:245,0
DA:248,0
DA:255,0
DA:261,0
DA:263,0
DA:267,0
DA:270,0
DA:271,0
DA:275,0
DA:278,0
DA:279,0
DA:283,18
DA:284,18
DA:285,18
DA:286,18
DA:289,18
DA:290,18
DA:300,53
DA:301,20
DA:303,20
DA:306,14
DA:307,14
DA:308,14
DA:311,14
DA:313,10
DA:316,10
DA:317,7
DA:319,3
DA:321,0
DA:323,0
DA:334,53
DA:335,17
DA:337,17
DA:338,14
DA:341,11
DA:342,0
DA:343,0
DA:348,11
DA:350,11
DA:354,11
DA:356,11
DA:358,3
DA:359,3
DA:361,1
DA:363,1
DA:364,1
DA:365,1
DA:366,1
DA:371,2
DA:372,2
DA:376,2
DA:377,2
DA:379,0
DA:380,0
DA:384,8
DA:387,8
DA:390,8
DA:391,8
DA:393,8
DA:394,8
DA:396,0
DA:397,0
DA:402,10
DA:403,0
DA:406,10
DA:408,0
DA:410,0
DA:418,53
DA:419,6
DA:421,6
DA:422,3
DA:423,3
DA:427,3
DA:428,0
DA:430,0
DA:433,3
DA:434,3
DA:435,3
DA:436,3
DA:437,3
DA:438,3
DA:439,3
DA:440,0
DA:441,0
DA:444,3
DA:446,3
DA:447,3
DA:456,53
DA:457,3
DA:459,3
DA:460,1
DA:461,1
DA:462,1
DA:465,2
DA:466,0
DA:468,2
DA:470,2
DA:471,2
DA:475,53
LF:191
LH:145
BRDA:14,0,0,3
BRDA:68,1,0,5
BRDA:70,2,0,8
BRDA:70,2,1,8
BRDA:84,3,0,0
BRDA:84,3,1,0
BRDA:84,4,0,0
BRDA:84,4,1,0
BRDA:87,5,0,0
BRDA:98,6,0,5
BRDA:98,7,0,5
BRDA:98,7,1,5
BRDA:98,7,2,5
BRDA:99,8,0,5
BRDA:99,8,1,0
BRDA:102,9,0,0
BRDA:102,9,1,5
BRDA:105,10,0,0
BRDA:105,10,1,5
BRDA:128,11,0,3
BRDA:134,12,0,3
BRDA:141,13,0,4
BRDA:141,14,0,29
BRDA:141,14,1,29
BRDA:148,15,0,3
BRDA:148,16,0,25
BRDA:148,16,1,25
BRDA:155,17,0,3
BRDA:155,18,0,22
BRDA:155,18,1,22
BRDA:179,19,0,1
BRDA:184,20,0,1
BRDA:184,20,1,0
BRDA:185,21,0,1
BRDA:185,21,1,0
BRDA:199,22,0,18
BRDA:199,22,1,0
BRDA:200,23,0,18
BRDA:200,23,1,18
BRDA:201,24,0,18
BRDA:201,24,1,0
BRDA:204,25,0,18
BRDA:204,25,1,0
BRDA:207,26,0,18
BRDA:207,26,1,0
BRDA:217,27,0,0
BRDA:219,28,0,0
BRDA:219,28,1,0
BRDA:220,29,0,0
BRDA:220,29,1,0
BRDA:221,30,0,0
BRDA:221,30,1,0
BRDA:222,31,0,0
BRDA:222,31,1,0
BRDA:223,32,0,0
BRDA:223,32,1,0
BRDA:227,33,0,0
BRDA:227,33,1,0
BRDA:228,34,0,0
BRDA:228,34,1,0
BRDA:228,35,0,0
BRDA:228,35,1,0
BRDA:228,36,0,0
BRDA:228,36,1,0
BRDA:229,37,0,0
BRDA:230,38,0,0
BRDA:230,38,1,0
BRDA:230,39,0,0
BRDA:230,39,1,0
BRDA:240,40,0,0
BRDA:240,40,1,0
BRDA:240,41,0,0
BRDA:240,41,1,0
BRDA:249,42,0,0
BRDA:249,42,1,0
BRDA:251,43,0,0
BRDA:251,43,1,0
BRDA:263,44,0,0
BRDA:263,44,1,0
BRDA:270,45,0,0
BRDA:284,46,0,18
BRDA:284,46,1,0
BRDA:285,47,0,18
BRDA:285,47,1,0
BRDA:303,48,0,6
BRDA:303,49,0,20
BRDA:303,49,1,14
BRDA:311,50,0,4
BRDA:313,51,0,7
BRDA:313,51,1,3
BRDA:316,52,0,7
BRDA:337,53,0,3
BRDA:337,54,0,17
BRDA:337,54,1,14
BRDA:338,55,0,3
BRDA:338,56,0,14
BRDA:338,56,1,11
BRDA:341,57,0,0
BRDA:348,58,0,11
BRDA:348,58,1,0
BRDA:348,59,0,11
BRDA:348,59,1,11
BRDA:350,60,0,11
BRDA:350,60,1,0
BRDA:350,61,0,11
BRDA:350,61,1,11
BRDA:356,62,0,3
BRDA:356,62,1,8
BRDA:359,63,0,0
BRDA:359,63,1,3
BRDA:364,64,0,0
BRDA:364,64,1,1
BRDA:371,65,0,0
BRDA:371,65,1,2
BRDA:387,66,0,0
BRDA:390,67,0,2
BRDA:390,67,1,6
BRDA:402,68,0,0
BRDA:421,69,0,3
BRDA:421,70,0,6
BRDA:421,70,1,3
BRDA:427,71,0,0
BRDA:427,71,1,3
BRDA:427,72,0,3
BRDA:427,72,1,2
BRDA:459,73,0,1
BRDA:459,74,0,3
BRDA:459,74,1,2
BRDA:470,75,0,2
BRDA:470,75,1,0
BRDA:471,76,0,2
BRDA:471,76,1,0
BRF:132
BRH:70
end_of_record
